INFO 2024-12-15 15:38:07,593 autoreload Watching for file changes with StatReloader
INFO Watching for file changes with StatReloader
INFO Watching for file changes with StatReloader
INFO Watching for file changes with StatReloader
INFO /home/caoruchen/Desktop/luffycity/luffycityapi/luffycityapi/settings/dev.py changed, reloading.
INFO Watching for file changes with StatReloader
INFO /home/caoruchen/Desktop/luffycity/luffycityapi/luffycityapi/settings/dev.py changed, reloading.
INFO Watching for file changes with StatReloader
INFO /home/caoruchen/Desktop/luffycity/luffycityapi/luffycityapi/settings/dev.py changed, reloading.
INFO Watching for file changes with StatReloader
INFO /home/caoruchen/Desktop/luffycity/luffycityapi/luffycityapi/settings/dev.py changed, reloading.
INFO Watching for file changes with StatReloader
INFO /home/caoruchen/Desktop/luffycity/luffycityapi/luffycityapi/settings/dev.py changed, reloading.
INFO Watching for file changes with StatReloader
INFO Watching for file changes with StatReloader
INFO /home/caoruchen/Desktop/luffycity/luffycityapi/luffycityapi/apps/home/apps.py changed, reloading.
INFO Watching for file changes with StatReloader
INFO /home/caoruchen/Desktop/luffycity/luffycityapi/luffycityapi/settings/dev.py changed, reloading.
INFO Watching for file changes with StatReloader
INFO /home/caoruchen/Desktop/luffycity/luffycityapi/luffycityapi/settings/dev.py changed, reloading.
INFO Watching for file changes with StatReloader
INFO /home/caoruchen/Desktop/luffycity/luffycityapi/luffycityapi/settings/dev.py changed, reloading.
INFO Watching for file changes with StatReloader
INFO /home/caoruchen/Desktop/luffycity/luffycityapi/luffycityapi/settings/dev.py changed, reloading.
INFO Watching for file changes with StatReloader
INFO /home/caoruchen/Desktop/luffycity/luffycityapi/luffycityapi/settings/dev.py changed, reloading.
INFO Watching for file changes with StatReloader
INFO /home/caoruchen/Desktop/luffycity/luffycityapi/luffycityapi/urls.py changed, reloading.
INFO Watching for file changes with StatReloader
INFO /home/caoruchen/Desktop/luffycity/luffycityapi/luffycityapi/urls.py changed, reloading.
INFO Watching for file changes with StatReloader
INFO /home/caoruchen/Desktop/luffycity/luffycityapi/luffycityapi/apps/home/urls.py changed, reloading.
INFO Watching for file changes with StatReloader
WARNING Not Found: /
WARNING "GET / HTTP/1.1" 404 2170
WARNING Not Found: /favicon.ico
WARNING Not Found: /test/
WARNING "GET /test/ HTTP/1.1" 404 2203
WARNING Not Found: /home/
WARNING "GET /home/ HTTP/1.1" 404 2255
INFO "GET /home/test/ HTTP/1.1" 200 5129
INFO "GET /static/rest_framework/css/bootstrap-tweaks.css HTTP/1.1" 200 3426
INFO "GET /static/rest_framework/css/prettify.css HTTP/1.1" 200 817
INFO "GET /static/rest_framework/js/csrf.js HTTP/1.1" 200 1793
INFO "GET /static/rest_framework/css/default.css HTTP/1.1" 200 1152
INFO "GET /static/rest_framework/js/bootstrap.min.js HTTP/1.1" 200 39680
INFO "GET /static/rest_framework/css/bootstrap.min.css HTTP/1.1" 200 121457
INFO "GET /static/rest_framework/js/ajax-form.js HTTP/1.1" 200 3796
INFO "GET /static/rest_framework/js/jquery-3.7.1.min.js HTTP/1.1" 200 87533
INFO "GET /static/rest_framework/js/default.js HTTP/1.1" 200 1268
INFO "GET /static/rest_framework/js/prettify-min.js HTTP/1.1" 200 13632
INFO "GET /static/rest_framework/js/load-ajax-form.js HTTP/1.1" 200 59
INFO "GET /static/rest_framework/img/grid.png HTTP/1.1" 200 1458
INFO "GET /home/test/ HTTP/1.1" 200 5129
INFO /home/caoruchen/Desktop/luffycity/luffycityapi/luffycityapi/apps/home/views.py changed, reloading.
INFO Watching for file changes with StatReloader
INFO GET request received.
INFO "GET /home/test/ HTTP/1.1" 200 5129
INFO /home/caoruchen/Desktop/luffycity/luffycityapi/luffycityapi/apps/home/views.py changed, reloading.
INFO Watching for file changes with StatReloader
INFO /home/caoruchen/Desktop/luffycity/luffycityapi/luffycityapi/apps/home/views.py changed, reloading.
INFO Watching for file changes with StatReloader
INFO GET request received.
ERROR Internal Server Error: /home/test/
Traceback (most recent call last):
  File "/home/caoruchen/anaconda3/envs/luffycity/lib/python3.8/site-packages/django/core/handlers/exception.py", line 55, in inner
    response = get_response(request)
  File "/home/caoruchen/anaconda3/envs/luffycity/lib/python3.8/site-packages/django/core/handlers/base.py", line 197, in _get_response
    response = wrapped_callback(request, *callback_args, **callback_kwargs)
  File "/home/caoruchen/anaconda3/envs/luffycity/lib/python3.8/site-packages/django/views/decorators/csrf.py", line 56, in wrapper_view
    return view_func(*args, **kwargs)
  File "/home/caoruchen/anaconda3/envs/luffycity/lib/python3.8/site-packages/django/views/generic/base.py", line 104, in view
    return self.dispatch(request, *args, **kwargs)
  File "/home/caoruchen/anaconda3/envs/luffycity/lib/python3.8/site-packages/rest_framework/views.py", line 509, in dispatch
    response = self.handle_exception(exc)
  File "/home/caoruchen/anaconda3/envs/luffycity/lib/python3.8/site-packages/rest_framework/views.py", line 469, in handle_exception
    self.raise_uncaught_exception(exc)
  File "/home/caoruchen/anaconda3/envs/luffycity/lib/python3.8/site-packages/rest_framework/views.py", line 480, in raise_uncaught_exception
    raise exc
  File "/home/caoruchen/anaconda3/envs/luffycity/lib/python3.8/site-packages/rest_framework/views.py", line 506, in dispatch
    response = handler(request, *args, **kwargs)
  File "/home/caoruchen/Desktop/luffycity/luffycityapi/luffycityapi/apps/home/views.py", line 11, in get
    1 / 0
ZeroDivisionError: division by zero
ERROR "GET /home/test/ HTTP/1.1" 500 91376
INFO /home/caoruchen/Desktop/luffycity/luffycityapi/luffycityapi/utils/exceptions.py changed, reloading.
INFO Watching for file changes with StatReloader
INFO Watching for file changes with StatReloader
INFO GET request received.
ERROR Internal Server Error: /home/test/
Traceback (most recent call last):
  File "/home/caoruchen/anaconda3/envs/luffycity/lib/python3.8/site-packages/django/core/handlers/exception.py", line 55, in inner
    response = get_response(request)
  File "/home/caoruchen/anaconda3/envs/luffycity/lib/python3.8/site-packages/django/core/handlers/base.py", line 197, in _get_response
    response = wrapped_callback(request, *callback_args, **callback_kwargs)
  File "/home/caoruchen/anaconda3/envs/luffycity/lib/python3.8/site-packages/django/views/decorators/csrf.py", line 56, in wrapper_view
    return view_func(*args, **kwargs)
  File "/home/caoruchen/anaconda3/envs/luffycity/lib/python3.8/site-packages/django/views/generic/base.py", line 104, in view
    return self.dispatch(request, *args, **kwargs)
  File "/home/caoruchen/anaconda3/envs/luffycity/lib/python3.8/site-packages/rest_framework/views.py", line 509, in dispatch
    response = self.handle_exception(exc)
  File "/home/caoruchen/anaconda3/envs/luffycity/lib/python3.8/site-packages/rest_framework/views.py", line 469, in handle_exception
    self.raise_uncaught_exception(exc)
  File "/home/caoruchen/anaconda3/envs/luffycity/lib/python3.8/site-packages/rest_framework/views.py", line 480, in raise_uncaught_exception
    raise exc
  File "/home/caoruchen/anaconda3/envs/luffycity/lib/python3.8/site-packages/rest_framework/views.py", line 506, in dispatch
    response = handler(request, *args, **kwargs)
  File "/home/caoruchen/Desktop/luffycity/luffycityapi/luffycityapi/apps/home/views.py", line 11, in get
    1 / 0
ZeroDivisionError: division by zero
ERROR "GET /home/test/ HTTP/1.1" 500 105984
INFO Watching for file changes with StatReloader
INFO /home/caoruchen/Desktop/luffycity/luffycityapi/luffycityapi/settings/dev.py changed, reloading.
INFO Watching for file changes with StatReloader
INFO /home/caoruchen/Desktop/luffycity/luffycityapi/luffycityapi/apps/home/views.py changed, reloading.
INFO Watching for file changes with StatReloader
INFO GET request received.
ERROR Internal Server Error: /home/test/
Traceback (most recent call last):
  File "/home/caoruchen/anaconda3/envs/luffycity/lib/python3.8/site-packages/django/core/handlers/exception.py", line 55, in inner
    response = get_response(request)
  File "/home/caoruchen/anaconda3/envs/luffycity/lib/python3.8/site-packages/django/core/handlers/base.py", line 197, in _get_response
    response = wrapped_callback(request, *callback_args, **callback_kwargs)
  File "/home/caoruchen/anaconda3/envs/luffycity/lib/python3.8/site-packages/django/views/decorators/csrf.py", line 56, in wrapper_view
    return view_func(*args, **kwargs)
  File "/home/caoruchen/anaconda3/envs/luffycity/lib/python3.8/site-packages/django/views/generic/base.py", line 104, in view
    return self.dispatch(request, *args, **kwargs)
  File "/home/caoruchen/anaconda3/envs/luffycity/lib/python3.8/site-packages/rest_framework/views.py", line 509, in dispatch
    response = self.handle_exception(exc)
  File "/home/caoruchen/anaconda3/envs/luffycity/lib/python3.8/site-packages/rest_framework/views.py", line 469, in handle_exception
    self.raise_uncaught_exception(exc)
  File "/home/caoruchen/anaconda3/envs/luffycity/lib/python3.8/site-packages/rest_framework/views.py", line 480, in raise_uncaught_exception
    raise exc
  File "/home/caoruchen/anaconda3/envs/luffycity/lib/python3.8/site-packages/rest_framework/views.py", line 506, in dispatch
    response = handler(request, *args, **kwargs)
  File "/home/caoruchen/Desktop/luffycity/luffycityapi/luffycityapi/apps/home/views.py", line 12, in get
    1 / 0
ZeroDivisionError: division by zero
ERROR "GET /home/test/ HTTP/1.1" 500 91330
INFO /home/caoruchen/Desktop/luffycity/luffycityapi/luffycityapi/utils/exceptions.py changed, reloading.
INFO Watching for file changes with StatReloader
INFO /home/caoruchen/Desktop/luffycity/luffycityapi/luffycityapi/settings/dev.py changed, reloading.
INFO Watching for file changes with StatReloader
INFO GET request received.
ERROR ZeroDivisionError detected
ERROR Internal Server Error: /home/test/
ERROR "GET /home/test/ HTTP/1.1" 500 5168
INFO Watching for file changes with StatReloader
INFO Watching for file changes with StatReloader
INFO Watching for file changes with StatReloader
INFO Watching for file changes with StatReloader
WARNING Not Found: /
WARNING "GET / HTTP/1.1" 404 2177
WARNING Not Found: /
WARNING "GET / HTTP/1.1" 404 2177
WARNING Not Found: /home/
WARNING "GET /home/ HTTP/1.1" 404 2262
INFO GET request received.
INFO "GET /home/test/ HTTP/1.1" 200 5129
INFO "GET /static/rest_framework/js/ajax-form.js HTTP/1.1" 200 3796
INFO "GET /static/rest_framework/css/default.css HTTP/1.1" 200 1152
INFO "GET /static/rest_framework/css/prettify.css HTTP/1.1" 200 817
INFO "GET /static/rest_framework/css/bootstrap.min.css HTTP/1.1" 200 121457
INFO "GET /static/rest_framework/css/bootstrap-tweaks.css HTTP/1.1" 200 3426
INFO "GET /static/rest_framework/js/csrf.js HTTP/1.1" 200 1793
INFO "GET /static/rest_framework/js/prettify-min.js HTTP/1.1" 200 13632
INFO "GET /static/rest_framework/js/default.js HTTP/1.1" 200 1268
INFO "GET /static/rest_framework/js/bootstrap.min.js HTTP/1.1" 200 39680
INFO "GET /static/rest_framework/js/jquery-3.7.1.min.js HTTP/1.1" 200 87533
INFO "GET /static/rest_framework/js/load-ajax-form.js HTTP/1.1" 200 59
INFO "GET /static/rest_framework/img/grid.png HTTP/1.1" 200 1458
INFO "GET /static/rest_framework/js/load-ajax-form.js HTTP/1.1" 200 59
INFO "GET /static/rest_framework/css/bootstrap.min.css.map HTTP/1.1" 200 540434
INFO Watching for file changes with StatReloader
INFO GET request received.
INFO "GET /home/test/ HTTP/1.1" 200 5129
INFO Watching for file changes with StatReloader
INFO GET request received.
INFO "GET /home/test/ HTTP/1.1" 200 5129
INFO "GET /static/rest_framework/css/bootstrap.min.css HTTP/1.1" 304 0
INFO "GET /static/rest_framework/css/bootstrap-tweaks.css HTTP/1.1" 304 0
INFO "GET /static/rest_framework/css/prettify.css HTTP/1.1" 304 0
INFO "GET /static/rest_framework/js/bootstrap.min.js HTTP/1.1" 304 0
INFO "GET /static/rest_framework/js/csrf.js HTTP/1.1" 304 0
INFO "GET /static/rest_framework/js/jquery-3.7.1.min.js HTTP/1.1" 304 0
INFO "GET /static/rest_framework/css/default.css HTTP/1.1" 304 0
INFO "GET /static/rest_framework/js/ajax-form.js HTTP/1.1" 304 0
INFO "GET /static/rest_framework/js/load-ajax-form.js HTTP/1.1" 304 0
INFO "GET /static/rest_framework/js/default.js HTTP/1.1" 304 0
INFO "GET /static/rest_framework/js/prettify-min.js HTTP/1.1" 304 0
INFO "GET /static/rest_framework/img/grid.png HTTP/1.1" 304 0
INFO "GET /static/rest_framework/css/bootstrap.min.css.map HTTP/1.1" 304 0
INFO GET request received.
INFO "GET /home/test/ HTTP/1.1" 200 5129
INFO "GET /static/rest_framework/css/prettify.css HTTP/1.1" 200 817
INFO "GET /static/rest_framework/css/bootstrap-tweaks.css HTTP/1.1" 200 3426
INFO "GET /static/rest_framework/css/default.css HTTP/1.1" 200 1152
INFO "GET /static/rest_framework/js/ajax-form.js HTTP/1.1" 200 3796
INFO "GET /static/rest_framework/js/prettify-min.js HTTP/1.1" 200 13632
INFO "GET /static/rest_framework/js/bootstrap.min.js HTTP/1.1" 200 39680
INFO "GET /static/rest_framework/js/csrf.js HTTP/1.1" 200 1793
INFO "GET /static/rest_framework/js/default.js HTTP/1.1" 200 1268
INFO "GET /static/rest_framework/css/bootstrap.min.css HTTP/1.1" 200 121457
INFO "GET /static/rest_framework/js/jquery-3.7.1.min.js HTTP/1.1" 200 87533
INFO "GET /static/rest_framework/js/load-ajax-form.js HTTP/1.1" 200 59
INFO "GET /static/rest_framework/img/grid.png HTTP/1.1" 200 1458
WARNING Not Found: /login
WARNING "GET /login HTTP/1.1" 404 2210
INFO "GET /admin HTTP/1.1" 301 0
INFO "GET /admin/ HTTP/1.1" 302 0
INFO "GET /admin/login/?next=/admin/ HTTP/1.1" 200 4181
INFO "GET /static/admin/js/theme.js HTTP/1.1" 200 1943
INFO "GET /static/admin/css/dark_mode.css HTTP/1.1" 200 2929
INFO "GET /static/admin/css/login.css HTTP/1.1" 200 958
INFO "GET /static/admin/css/base.css HTTP/1.1" 200 21310
INFO "GET /static/admin/js/nav_sidebar.js HTTP/1.1" 200 3063
INFO "GET /static/admin/css/nav_sidebar.css HTTP/1.1" 200 2694
INFO "GET /static/admin/css/responsive.css HTTP/1.1" 200 18559
INFO GET request received.
INFO "GET /home/test/ HTTP/1.1" 200 5129
WARNING Not Found: /login
WARNING "GET /login HTTP/1.1" 404 2210
WARNING Not Found: /login
WARNING "GET /login HTTP/1.1" 404 2210
WARNING Not Found: /login
WARNING "GET /login HTTP/1.1" 404 2210
WARNING Not Found: /login
WARNING "GET /login HTTP/1.1" 404 2210
INFO "GET /home/test HTTP/1.1" 301 0
INFO GET request received.
INFO "GET /home/test/ HTTP/1.1" 200 31
INFO GET request received.
INFO "GET /home/test/ HTTP/1.1" 200 31
INFO GET request received.
INFO "GET /home/test/ HTTP/1.1" 200 31
INFO GET request received.
INFO "GET /home/test/ HTTP/1.1" 200 31
INFO Watching for file changes with StatReloader
INFO Watching for file changes with StatReloader
INFO "GET /home/test HTTP/1.1" 301 0
INFO GET request received.
INFO "GET /home/test/ HTTP/1.1" 200 31
INFO GET request received.
INFO "GET /home/test/ HTTP/1.1" 200 31
INFO GET request received.
INFO "GET /home/test/ HTTP/1.1" 200 31
INFO GET request received.
INFO "GET /home/test/ HTTP/1.1" 200 31
INFO GET request received.
INFO "GET /home/test/ HTTP/1.1" 200 31
INFO Watching for file changes with StatReloader
INFO Watching for file changes with StatReloader
INFO Watching for file changes with StatReloader
INFO /home/caoruchen/Desktop/luffycity/luffycityapi/luffycityapi/apps/home/models.py changed, reloading.
INFO Watching for file changes with StatReloader
INFO /home/caoruchen/Desktop/luffycity/luffycityapi/luffycityapi/settings/dev.py changed, reloading.
INFO Watching for file changes with StatReloader
INFO /home/caoruchen/Desktop/luffycity/luffycityapi/luffycityapi/settings/dev.py changed, reloading.
INFO Watching for file changes with StatReloader
INFO Watching for file changes with StatReloader
INFO /home/caoruchen/Desktop/luffycity/luffycityapi/luffycityapi/apps/home/views.py changed, reloading.
INFO Watching for file changes with StatReloader
INFO /home/caoruchen/Desktop/luffycity/luffycityapi/luffycityapi/apps/home/views.py changed, reloading.
INFO Watching for file changes with StatReloader
INFO /home/caoruchen/Desktop/luffycity/luffycityapi/luffycityapi/apps/home/urls.py changed, reloading.
INFO Watching for file changes with StatReloader
INFO /home/caoruchen/Desktop/luffycity/luffycityapi/luffycityapi/apps/home/urls.py changed, reloading.
INFO Watching for file changes with StatReloader
WARNING Not Found: /
WARNING "GET / HTTP/1.1" 404 2177
WARNING Not Found: /nav/header/
WARNING "GET /nav/header/ HTTP/1.1" 404 2228
WARNING Not Found: /nav/header
WARNING "GET /nav/header HTTP/1.1" 404 2225
INFO "GET /home/nav/header HTTP/1.1" 301 0
INFO "GET /home/nav/header/ HTTP/1.1" 200 6025
INFO "GET /static/rest_framework/css/bootstrap-tweaks.css HTTP/1.1" 304 0
INFO "GET /static/rest_framework/css/default.css HTTP/1.1" 304 0
INFO "GET /static/rest_framework/css/bootstrap.min.css HTTP/1.1" 304 0
INFO "GET /static/rest_framework/css/prettify.css HTTP/1.1" 304 0
INFO "GET /static/rest_framework/js/bootstrap.min.js HTTP/1.1" 304 0
INFO "GET /static/rest_framework/js/prettify-min.js HTTP/1.1" 304 0
INFO "GET /static/rest_framework/js/jquery-3.7.1.min.js HTTP/1.1" 304 0
INFO "GET /static/rest_framework/js/csrf.js HTTP/1.1" 304 0
INFO "GET /static/rest_framework/js/ajax-form.js HTTP/1.1" 304 0
INFO "GET /static/rest_framework/js/load-ajax-form.js HTTP/1.1" 304 0
INFO "GET /static/rest_framework/js/default.js HTTP/1.1" 304 0
INFO "GET /static/rest_framework/img/grid.png HTTP/1.1" 200 1458
INFO "GET /home/nav/footer/ HTTP/1.1" 200 6246
INFO Watching for file changes with StatReloader
WARNING Not Found: /nav/header/
WARNING Not Found: /home/test
WARNING "GET /nav/header/ HTTP/1.1" 404 2228
WARNING "GET /home/test HTTP/1.1" 404 2481
WARNING Not Found: /home/test
WARNING "GET /home/test HTTP/1.1" 404 2481
WARNING Not Found: /nav/header/
WARNING "GET /nav/header/ HTTP/1.1" 404 2228
WARNING Not Found: /
WARNING "GET / HTTP/1.1" 404 2177
INFO "GET /home/nav/header/ HTTP/1.1" 200 6025
INFO "GET /home/nav/header/ HTTP/1.1" 200 290
WARNING Not Found: /home/test
WARNING "GET /home/test HTTP/1.1" 404 2481
INFO "GET /home/nav/header/ HTTP/1.1" 200 290
WARNING Not Found: /home/test
WARNING "GET /home/test HTTP/1.1" 404 2481
INFO "GET /home/nav/header/ HTTP/1.1" 200 290
INFO "GET /home/nav/header/ HTTP/1.1" 200 290
INFO Watching for file changes with StatReloader
WARNING Not Found: /home/test
WARNING "GET /home/test HTTP/1.1" 404 2481
INFO "GET /home/nav/header/ HTTP/1.1" 200 290
INFO "GET /home/nav/footer/ HTTP/1.1" 200 386
INFO "GET /home/nav/header/ HTTP/1.1" 200 290
INFO "GET /home/nav/footer/ HTTP/1.1" 200 386
INFO "GET /home/nav/footer/ HTTP/1.1" 200 386
INFO "GET /home/nav/header/ HTTP/1.1" 200 290
INFO "GET /home/nav/footer/ HTTP/1.1" 200 386
WARNING Not Found: /home/test
WARNING "GET /home/test HTTP/1.1" 404 2481
INFO "GET /home/nav/footer/ HTTP/1.1" 200 386
INFO "GET /home/nav/header/ HTTP/1.1" 200 290
INFO "GET /home/nav/footer/ HTTP/1.1" 200 386
INFO "GET /home/nav/header/ HTTP/1.1" 200 290
INFO "GET /home/nav/footer/ HTTP/1.1" 200 386
INFO "GET /home/nav/header/ HTTP/1.1" 200 290
INFO "GET /home/nav/footer/ HTTP/1.1" 200 386
INFO "GET /home/nav/header/ HTTP/1.1" 200 290
INFO "GET /home/nav/footer/ HTTP/1.1" 200 386
INFO "GET /home/nav/header/ HTTP/1.1" 200 290
INFO Watching for file changes with StatReloader
WARNING Not Found: /
WARNING "GET / HTTP/1.1" 404 2303
INFO "GET /home/banner HTTP/1.1" 301 0
INFO "GET /home/banner/ HTTP/1.1" 200 6759
WARNING Not Found: /home/test
WARNING "GET /home/test HTTP/1.1" 404 2781
WARNING Not Found: /home/test
WARNING "GET /home/test HTTP/1.1" 404 2781
INFO "GET /home/nav/footer/ HTTP/1.1" 200 386
INFO "GET /home/nav/header/ HTTP/1.1" 200 290
WARNING Not Found: /home/test
WARNING "GET /home/test HTTP/1.1" 404 2781
INFO "GET /home/nav/footer/ HTTP/1.1" 200 386
INFO "GET /home/nav/header/ HTTP/1.1" 200 290
INFO "GET /home/nav/header/ HTTP/1.1" 200 290
INFO "GET /home/nav/footer/ HTTP/1.1" 200 386
INFO "GET /home/nav/footer/ HTTP/1.1" 200 386
INFO "GET /home/nav/header/ HTTP/1.1" 200 290
INFO Watching for file changes with StatReloader
INFO "GET /home/nav/footer/ HTTP/1.1" 200 386
INFO "GET /home/nav/header/ HTTP/1.1" 200 290
INFO "GET /home/uploads/banner/2022/1.jpg HTTP/1.1" 200 171972
WARNING Not Found: /favicon.ico
WARNING Not Found: /home/static/1.jpg
WARNING "GET /home/static/1.jpg HTTP/1.1" 404 2805
WARNING Not Found: /favicon.ico
WARNING Not Found: /home/static/1.jpg
WARNING "GET /home/static/1.jpg HTTP/1.1" 404 2805
WARNING "GET /static/1.jpg HTTP/1.1" 404 1781
WARNING "GET /static/1.jpg HTTP/1.1" 404 1781
WARNING "GET /static/2.jpg HTTP/1.1" 404 1781
WARNING "GET /static/2.jpg HTTP/1.1" 404 1781
WARNING "GET /static/1.jpg HTTP/1.1" 404 1781
WARNING "GET /static/ HTTP/1.1" 404 1774
WARNING Not Found: /favicon.ico
WARNING "GET /static/1 HTTP/1.1" 404 1769
INFO /home/caoruchen/Desktop/luffycity/luffycityapi/luffycityapi/urls.py changed, reloading.
INFO Watching for file changes with StatReloader
INFO /home/caoruchen/Desktop/luffycity/luffycityapi/luffycityapi/settings/dev.py changed, reloading.
INFO Watching for file changes with StatReloader
INFO /home/caoruchen/Desktop/luffycity/luffycityapi/luffycityapi/urls.py changed, reloading.
INFO Watching for file changes with StatReloader
WARNING "GET /static/1.jpg HTTP/1.1" 404 1781
WARNING Not Found: /favicon.ico
INFO "GET /static/2.jpg HTTP/1.1" 200 171972
WARNING Not Found: /favicon.ico
INFO Watching for file changes with StatReloader
INFO "GET /home/banner/ HTTP/1.1" 200 561
INFO "GET /home/nav/header/ HTTP/1.1" 200 290
INFO "GET /home/nav/footer/ HTTP/1.1" 200 386
INFO "GET /uploads/banner/2022/5.jpg HTTP/1.1" 200 158646
INFO "GET /uploads/banner/2022/1.jpg HTTP/1.1" 200 171972
INFO "GET /uploads/banner/2022/2.jpg HTTP/1.1" 200 176325
INFO "GET /uploads/banner/2022/3.jpg HTTP/1.1" 200 443034
INFO "GET /uploads/banner/2022/4.jpg HTTP/1.1" 200 1312893
INFO Watching for file changes with StatReloader
INFO "GET /home/nav/header/ HTTP/1.1" 200 290
INFO "GET /home/nav/footer/ HTTP/1.1" 200 386
INFO "GET /home/banner/ HTTP/1.1" 200 561
WARNING Not Found: /home/nav/
WARNING "GET /home/nav/ HTTP/1.1" 404 2781
INFO "GET /home/nav/header/ HTTP/1.1" 200 6025
INFO "GET /static/rest_framework/css/bootstrap-tweaks.css HTTP/1.1" 304 0
INFO "GET /static/rest_framework/css/prettify.css HTTP/1.1" 304 0
INFO "GET /static/rest_framework/css/bootstrap.min.css HTTP/1.1" 304 0
INFO "GET /static/rest_framework/js/bootstrap.min.js HTTP/1.1" 304 0
INFO "GET /static/rest_framework/js/csrf.js HTTP/1.1" 304 0
INFO "GET /static/rest_framework/css/default.css HTTP/1.1" 304 0
INFO "GET /static/rest_framework/js/jquery-3.7.1.min.js HTTP/1.1" 304 0
INFO "GET /static/rest_framework/js/prettify-min.js HTTP/1.1" 304 0
INFO "GET /static/rest_framework/js/default.js HTTP/1.1" 304 0
INFO "GET /static/rest_framework/js/ajax-form.js HTTP/1.1" 304 0
INFO "GET /static/rest_framework/js/load-ajax-form.js HTTP/1.1" 304 0
INFO "GET /static/rest_framework/img/grid.png HTTP/1.1" 200 1458
INFO "GET /home/nav/header/ HTTP/1.1" 200 6025
INFO "GET /static/rest_framework/css/bootstrap-tweaks.css HTTP/1.1" 200 3426
INFO "GET /static/rest_framework/css/default.css HTTP/1.1" 200 1152
INFO "GET /static/rest_framework/css/prettify.css HTTP/1.1" 200 817
INFO "GET /static/rest_framework/js/ajax-form.js HTTP/1.1" 200 3796
INFO "GET /static/rest_framework/js/csrf.js HTTP/1.1" 200 1793
INFO "GET /static/rest_framework/js/default.js HTTP/1.1" 200 1268
INFO "GET /static/rest_framework/js/prettify-min.js HTTP/1.1" 200 13632
INFO "GET /static/rest_framework/css/bootstrap.min.css HTTP/1.1" 200 121457
INFO "GET /static/rest_framework/js/jquery-3.7.1.min.js HTTP/1.1" 200 87533
INFO "GET /static/rest_framework/js/bootstrap.min.js HTTP/1.1" 200 39680
INFO "GET /static/rest_framework/js/load-ajax-form.js HTTP/1.1" 200 59
INFO "GET /static/rest_framework/img/grid.png HTTP/1.1" 200 1458
INFO "GET /home/nav/header/ HTTP/1.1" 200 290
INFO "GET /home/nav/footer/ HTTP/1.1" 200 386
INFO "GET /home/banner/ HTTP/1.1" 200 561
INFO "GET /home/nav/footer/ HTTP/1.1" 200 386
INFO "GET /home/nav/header/ HTTP/1.1" 200 290
INFO "GET /home/banner/ HTTP/1.1" 200 561
INFO "GET /home/nav/header/ HTTP/1.1" 200 290
INFO "GET /home/banner/ HTTP/1.1" 200 561
INFO "GET /home/nav/footer/ HTTP/1.1" 200 386
INFO Watching for file changes with StatReloader
INFO "GET /home/nav/header/ HTTP/1.1" 200 290
INFO "GET /home/nav/footer/ HTTP/1.1" 200 386
INFO "GET /home/banner/ HTTP/1.1" 200 561
INFO "GET /home/banner/ HTTP/1.1" 200 561
INFO "GET /home/nav/header/ HTTP/1.1" 200 290
INFO "GET /home/nav/footer/ HTTP/1.1" 200 386
INFO "GET /home/banner/ HTTP/1.1" 200 561
INFO "GET /home/nav/header/ HTTP/1.1" 200 290
INFO "GET /home/nav/footer/ HTTP/1.1" 200 386
INFO /home/caoruchen/Desktop/luffycity/luffycityapi/luffycityapi/utils/views.py changed, reloading.
INFO Watching for file changes with StatReloader
INFO "GET /home/nav/header/ HTTP/1.1" 200 290
INFO "GET /home/nav/footer/ HTTP/1.1" 200 386
INFO "GET /home/banner/ HTTP/1.1" 200 561
INFO /home/caoruchen/Desktop/luffycity/luffycityapi/luffycityapi/utils/views.py changed, reloading.
INFO Watching for file changes with StatReloader
INFO "GET /home/banner/ HTTP/1.1" 200 561
INFO "GET /home/nav/header/ HTTP/1.1" 200 290
INFO "GET /home/nav/footer/ HTTP/1.1" 200 386
INFO /home/caoruchen/Desktop/luffycity/luffycityapi/luffycityapi/utils/views.py changed, reloading.
INFO Watching for file changes with StatReloader
INFO /home/caoruchen/Desktop/luffycity/luffycityapi/luffycityapi/utils/constants.py changed, reloading.
INFO Watching for file changes with StatReloader
INFO "GET /home/nav/footer/ HTTP/1.1" 200 386
INFO "GET /home/nav/header/ HTTP/1.1" 200 290
INFO "GET /home/banner/ HTTP/1.1" 200 561
INFO Watching for file changes with StatReloader
INFO "GET /home/nav/footer/ HTTP/1.1" 200 386
INFO "GET /home/nav/header/ HTTP/1.1" 200 290
INFO "GET /home/banner/ HTTP/1.1" 200 561
INFO Watching for file changes with StatReloader
INFO "GET /admin/ HTTP/1.1" 302 0
INFO "GET /admin/login/?next=/admin/ HTTP/1.1" 200 4181
INFO "GET /static/admin/css/base.css HTTP/1.1" 304 0
INFO "GET /static/admin/js/theme.js HTTP/1.1" 304 0
INFO "GET /static/admin/css/nav_sidebar.css HTTP/1.1" 304 0
INFO "GET /static/admin/css/login.css HTTP/1.1" 304 0
INFO "GET /static/admin/css/dark_mode.css HTTP/1.1" 304 0
INFO "GET /static/admin/js/nav_sidebar.js HTTP/1.1" 304 0
INFO "GET /static/admin/css/responsive.css HTTP/1.1" 304 0
WARNING Not Found: /favicon.ico
INFO "POST /admin/login/?next=/admin/ HTTP/1.1" 302 0
INFO "GET /admin/ HTTP/1.1" 200 5151
INFO "GET /static/admin/css/dashboard.css HTTP/1.1" 200 441
INFO "GET /static/admin/img/icon-addlink.svg HTTP/1.1" 200 331
INFO "GET /static/admin/img/icon-changelink.svg HTTP/1.1" 200 380
INFO Watching for file changes with StatReloader
INFO /home/caoruchen/Desktop/luffycity/luffycityapi/luffycityapi/settings/dev.py changed, reloading.
INFO Watching for file changes with StatReloader
INFO /home/caoruchen/Desktop/luffycity/luffycityapi/luffycityapi/settings/dev.py changed, reloading.
INFO Watching for file changes with StatReloader
INFO /home/caoruchen/Desktop/luffycity/luffycityapi/luffycityapi/settings/dev.py changed, reloading.
INFO Watching for file changes with StatReloader
INFO /home/caoruchen/Desktop/luffycity/luffycityapi/luffycityapi/settings/dev.py changed, reloading.
INFO Watching for file changes with StatReloader
INFO /home/caoruchen/Desktop/luffycity/luffycityapi/luffycityapi/settings/dev.py changed, reloading.
INFO Watching for file changes with StatReloader
INFO Watching for file changes with StatReloader
INFO Watching for file changes with StatReloader
INFO Watching for file changes with StatReloader
INFO Watching for file changes with StatReloader
INFO /home/caoruchen/anaconda3/envs/luffycity/lib/python3.8/site-packages/rest_framework_jwt/serializers.py changed, reloading.
INFO Watching for file changes with StatReloader
INFO "OPTIONS /users/login/ HTTP/1.1" 200 0
WARNING Bad Request: /users/login/
WARNING "POST /users/login/ HTTP/1.1" 400 68
WARNING Bad Request: /users/login/
WARNING "POST /users/login/ HTTP/1.1" 400 68
WARNING Bad Request: /users/login/
WARNING "POST /users/login/ HTTP/1.1" 400 68
WARNING Bad Request: /users/login/
WARNING "POST /users/login/ HTTP/1.1" 400 68
WARNING Bad Request: /users/login/
WARNING "POST /users/login/ HTTP/1.1" 400 68
WARNING Bad Request: /users/login/
WARNING "POST /users/login/ HTTP/1.1" 400 68
WARNING Bad Request: /users/login/
WARNING "POST /users/login/ HTTP/1.1" 400 68
WARNING Bad Request: /users/login/
WARNING "POST /users/login/ HTTP/1.1" 400 68
WARNING Bad Request: /users/login/
WARNING "POST /users/login/ HTTP/1.1" 400 68
WARNING Bad Request: /users/login/
WARNING "POST /users/login/ HTTP/1.1" 400 68
WARNING Bad Request: /users/login/
WARNING "POST /users/login/ HTTP/1.1" 400 68
WARNING Bad Request: /users/login/
WARNING "POST /users/login/ HTTP/1.1" 400 68
WARNING Bad Request: /users/login/
WARNING "POST /users/login/ HTTP/1.1" 400 68
WARNING Bad Request: /users/login/
WARNING "POST /users/login/ HTTP/1.1" 400 68
WARNING Bad Request: /users/login/
WARNING "POST /users/login/ HTTP/1.1" 400 68
WARNING Bad Request: /users/login/
WARNING "POST /users/login/ HTTP/1.1" 400 68
WARNING Bad Request: /users/login/
WARNING "POST /users/login/ HTTP/1.1" 400 68
WARNING Bad Request: /users/login/
WARNING "POST /users/login/ HTTP/1.1" 400 68
WARNING Bad Request: /users/login/
WARNING "POST /users/login/ HTTP/1.1" 400 68
INFO Watching for file changes with StatReloader
WARNING Bad Request: /users/login/
WARNING "POST /users/login/ HTTP/1.1" 400 68
WARNING Bad Request: /users/login/
WARNING "POST /users/login/ HTTP/1.1" 400 68
INFO Watching for file changes with StatReloader
INFO "POST /users/login/ HTTP/1.1" 200 172
WARNING Bad Request: /users/login/
WARNING "POST /users/login/ HTTP/1.1" 400 68
INFO "POST /users/login/ HTTP/1.1" 200 172
INFO "GET /home/banner/ HTTP/1.1" 200 561
INFO "GET /home/nav/header/ HTTP/1.1" 200 290
INFO "GET /home/nav/footer/ HTTP/1.1" 200 386
INFO "POST /users/login/ HTTP/1.1" 200 172
INFO "POST /users/login/ HTTP/1.1" 200 172
INFO "POST /users/login/ HTTP/1.1" 200 172
INFO "POST /users/login/ HTTP/1.1" 200 172
INFO "POST /users/login/ HTTP/1.1" 200 172
INFO "POST /users/login/ HTTP/1.1" 200 172
INFO "POST /users/login/ HTTP/1.1" 200 172
INFO "POST /users/login/ HTTP/1.1" 200 172
INFO "POST /users/login/ HTTP/1.1" 200 172
INFO "POST /users/login/ HTTP/1.1" 200 172
INFO "POST /users/login/ HTTP/1.1" 200 172
INFO "POST /users/login/ HTTP/1.1" 200 172
INFO "POST /users/login/ HTTP/1.1" 200 172
INFO Watching for file changes with StatReloader
INFO "GET /home/banner/ HTTP/1.1" 200 561
INFO "GET /home/nav/footer/ HTTP/1.1" 200 386
INFO "GET /home/nav/header/ HTTP/1.1" 200 290
INFO /home/caoruchen/Desktop/luffycity/luffycityapi/luffycityapi/settings/dev.py changed, reloading.
INFO Watching for file changes with StatReloader
INFO /home/caoruchen/Desktop/luffycity/luffycityapi/luffycityapi/settings/dev.py changed, reloading.
INFO Watching for file changes with StatReloader
INFO /home/caoruchen/Desktop/luffycity/luffycityapi/luffycityapi/settings/dev.py changed, reloading.
INFO Watching for file changes with StatReloader
ERROR Internal Server Error: /users/login/
Traceback (most recent call last):
  File "/home/caoruchen/anaconda3/envs/luffycity/lib/python3.8/site-packages/django/utils/module_loading.py", line 25, in import_string
    module_path, class_name = dotted_path.rsplit(".", 1)
ValueError: not enough values to unpack (expected 2, got 1)

The above exception was the direct cause of the following exception:

Traceback (most recent call last):
  File "/home/caoruchen/anaconda3/envs/luffycity/lib/python3.8/site-packages/django/core/handlers/exception.py", line 55, in inner
    response = get_response(request)
  File "/home/caoruchen/anaconda3/envs/luffycity/lib/python3.8/site-packages/django/core/handlers/base.py", line 197, in _get_response
    response = wrapped_callback(request, *callback_args, **callback_kwargs)
  File "/home/caoruchen/anaconda3/envs/luffycity/lib/python3.8/site-packages/django/views/decorators/csrf.py", line 56, in wrapper_view
    return view_func(*args, **kwargs)
  File "/home/caoruchen/anaconda3/envs/luffycity/lib/python3.8/site-packages/django/views/generic/base.py", line 104, in view
    return self.dispatch(request, *args, **kwargs)
  File "/home/caoruchen/anaconda3/envs/luffycity/lib/python3.8/site-packages/rest_framework/views.py", line 509, in dispatch
    response = self.handle_exception(exc)
  File "/home/caoruchen/anaconda3/envs/luffycity/lib/python3.8/site-packages/rest_framework/views.py", line 469, in handle_exception
    self.raise_uncaught_exception(exc)
  File "/home/caoruchen/anaconda3/envs/luffycity/lib/python3.8/site-packages/rest_framework/views.py", line 480, in raise_uncaught_exception
    raise exc
  File "/home/caoruchen/anaconda3/envs/luffycity/lib/python3.8/site-packages/rest_framework/views.py", line 506, in dispatch
    response = handler(request, *args, **kwargs)
  File "/home/caoruchen/anaconda3/envs/luffycity/lib/python3.8/site-packages/rest_framework_jwt/views.py", line 57, in post
    if serializer.is_valid():
  File "/home/caoruchen/anaconda3/envs/luffycity/lib/python3.8/site-packages/rest_framework/serializers.py", line 223, in is_valid
    self._validated_data = self.run_validation(self.initial_data)
  File "/home/caoruchen/anaconda3/envs/luffycity/lib/python3.8/site-packages/rest_framework/serializers.py", line 445, in run_validation
    value = self.validate(value)
  File "/home/caoruchen/anaconda3/envs/luffycity/lib/python3.8/site-packages/rest_framework_jwt/serializers.py", line 50, in validate
    user = authenticate(**credentials)
  File "/home/caoruchen/anaconda3/envs/luffycity/lib/python3.8/site-packages/django/views/decorators/debug.py", line 42, in sensitive_variables_wrapper
    return func(*func_args, **func_kwargs)
  File "/home/caoruchen/anaconda3/envs/luffycity/lib/python3.8/site-packages/django/contrib/auth/__init__.py", line 68, in authenticate
    for backend, backend_path in _get_backends(return_tuples=True):
  File "/home/caoruchen/anaconda3/envs/luffycity/lib/python3.8/site-packages/django/contrib/auth/__init__.py", line 27, in _get_backends
    backend = load_backend(backend_path)
  File "/home/caoruchen/anaconda3/envs/luffycity/lib/python3.8/site-packages/django/contrib/auth/__init__.py", line 21, in load_backend
    return import_string(path)()
  File "/home/caoruchen/anaconda3/envs/luffycity/lib/python3.8/site-packages/django/utils/module_loading.py", line 27, in import_string
    raise ImportError("%s doesn't look like a module path" % dotted_path) from err
ImportError: l doesn't look like a module path
ERROR "POST /users/login/ HTTP/1.1" 500 135609
ERROR Internal Server Error: /users/login/
Traceback (most recent call last):
  File "/home/caoruchen/anaconda3/envs/luffycity/lib/python3.8/site-packages/django/utils/module_loading.py", line 25, in import_string
    module_path, class_name = dotted_path.rsplit(".", 1)
ValueError: not enough values to unpack (expected 2, got 1)

The above exception was the direct cause of the following exception:

Traceback (most recent call last):
  File "/home/caoruchen/anaconda3/envs/luffycity/lib/python3.8/site-packages/django/core/handlers/exception.py", line 55, in inner
    response = get_response(request)
  File "/home/caoruchen/anaconda3/envs/luffycity/lib/python3.8/site-packages/django/core/handlers/base.py", line 197, in _get_response
    response = wrapped_callback(request, *callback_args, **callback_kwargs)
  File "/home/caoruchen/anaconda3/envs/luffycity/lib/python3.8/site-packages/django/views/decorators/csrf.py", line 56, in wrapper_view
    return view_func(*args, **kwargs)
  File "/home/caoruchen/anaconda3/envs/luffycity/lib/python3.8/site-packages/django/views/generic/base.py", line 104, in view
    return self.dispatch(request, *args, **kwargs)
  File "/home/caoruchen/anaconda3/envs/luffycity/lib/python3.8/site-packages/rest_framework/views.py", line 509, in dispatch
    response = self.handle_exception(exc)
  File "/home/caoruchen/anaconda3/envs/luffycity/lib/python3.8/site-packages/rest_framework/views.py", line 469, in handle_exception
    self.raise_uncaught_exception(exc)
  File "/home/caoruchen/anaconda3/envs/luffycity/lib/python3.8/site-packages/rest_framework/views.py", line 480, in raise_uncaught_exception
    raise exc
  File "/home/caoruchen/anaconda3/envs/luffycity/lib/python3.8/site-packages/rest_framework/views.py", line 506, in dispatch
    response = handler(request, *args, **kwargs)
  File "/home/caoruchen/anaconda3/envs/luffycity/lib/python3.8/site-packages/rest_framework_jwt/views.py", line 57, in post
    if serializer.is_valid():
  File "/home/caoruchen/anaconda3/envs/luffycity/lib/python3.8/site-packages/rest_framework/serializers.py", line 223, in is_valid
    self._validated_data = self.run_validation(self.initial_data)
  File "/home/caoruchen/anaconda3/envs/luffycity/lib/python3.8/site-packages/rest_framework/serializers.py", line 445, in run_validation
    value = self.validate(value)
  File "/home/caoruchen/anaconda3/envs/luffycity/lib/python3.8/site-packages/rest_framework_jwt/serializers.py", line 50, in validate
    user = authenticate(**credentials)
  File "/home/caoruchen/anaconda3/envs/luffycity/lib/python3.8/site-packages/django/views/decorators/debug.py", line 42, in sensitive_variables_wrapper
    return func(*func_args, **func_kwargs)
  File "/home/caoruchen/anaconda3/envs/luffycity/lib/python3.8/site-packages/django/contrib/auth/__init__.py", line 68, in authenticate
    for backend, backend_path in _get_backends(return_tuples=True):
  File "/home/caoruchen/anaconda3/envs/luffycity/lib/python3.8/site-packages/django/contrib/auth/__init__.py", line 27, in _get_backends
    backend = load_backend(backend_path)
  File "/home/caoruchen/anaconda3/envs/luffycity/lib/python3.8/site-packages/django/contrib/auth/__init__.py", line 21, in load_backend
    return import_string(path)()
  File "/home/caoruchen/anaconda3/envs/luffycity/lib/python3.8/site-packages/django/utils/module_loading.py", line 27, in import_string
    raise ImportError("%s doesn't look like a module path" % dotted_path) from err
ImportError: l doesn't look like a module path
ERROR "POST /users/login/ HTTP/1.1" 500 135636
INFO Watching for file changes with StatReloader
INFO Watching for file changes with StatReloader
INFO "OPTIONS /users/login/ HTTP/1.1" 200 0
ERROR Internal Server Error: /users/login/
Traceback (most recent call last):
  File "/home/caoruchen/anaconda3/envs/luffycity/lib/python3.8/site-packages/django/utils/module_loading.py", line 25, in import_string
    module_path, class_name = dotted_path.rsplit(".", 1)
ValueError: not enough values to unpack (expected 2, got 1)

The above exception was the direct cause of the following exception:

Traceback (most recent call last):
  File "/home/caoruchen/anaconda3/envs/luffycity/lib/python3.8/site-packages/django/core/handlers/exception.py", line 55, in inner
    response = get_response(request)
  File "/home/caoruchen/anaconda3/envs/luffycity/lib/python3.8/site-packages/django/core/handlers/base.py", line 197, in _get_response
    response = wrapped_callback(request, *callback_args, **callback_kwargs)
  File "/home/caoruchen/anaconda3/envs/luffycity/lib/python3.8/site-packages/django/views/decorators/csrf.py", line 56, in wrapper_view
    return view_func(*args, **kwargs)
  File "/home/caoruchen/anaconda3/envs/luffycity/lib/python3.8/site-packages/django/views/generic/base.py", line 104, in view
    return self.dispatch(request, *args, **kwargs)
  File "/home/caoruchen/anaconda3/envs/luffycity/lib/python3.8/site-packages/rest_framework/views.py", line 509, in dispatch
    response = self.handle_exception(exc)
  File "/home/caoruchen/anaconda3/envs/luffycity/lib/python3.8/site-packages/rest_framework/views.py", line 469, in handle_exception
    self.raise_uncaught_exception(exc)
  File "/home/caoruchen/anaconda3/envs/luffycity/lib/python3.8/site-packages/rest_framework/views.py", line 480, in raise_uncaught_exception
    raise exc
  File "/home/caoruchen/anaconda3/envs/luffycity/lib/python3.8/site-packages/rest_framework/views.py", line 506, in dispatch
    response = handler(request, *args, **kwargs)
  File "/home/caoruchen/anaconda3/envs/luffycity/lib/python3.8/site-packages/rest_framework_jwt/views.py", line 57, in post
    if serializer.is_valid():
  File "/home/caoruchen/anaconda3/envs/luffycity/lib/python3.8/site-packages/rest_framework/serializers.py", line 223, in is_valid
    self._validated_data = self.run_validation(self.initial_data)
  File "/home/caoruchen/anaconda3/envs/luffycity/lib/python3.8/site-packages/rest_framework/serializers.py", line 445, in run_validation
    value = self.validate(value)
  File "/home/caoruchen/anaconda3/envs/luffycity/lib/python3.8/site-packages/rest_framework_jwt/serializers.py", line 50, in validate
    user = authenticate(**credentials)
  File "/home/caoruchen/anaconda3/envs/luffycity/lib/python3.8/site-packages/django/views/decorators/debug.py", line 42, in sensitive_variables_wrapper
    return func(*func_args, **func_kwargs)
  File "/home/caoruchen/anaconda3/envs/luffycity/lib/python3.8/site-packages/django/contrib/auth/__init__.py", line 68, in authenticate
    for backend, backend_path in _get_backends(return_tuples=True):
  File "/home/caoruchen/anaconda3/envs/luffycity/lib/python3.8/site-packages/django/contrib/auth/__init__.py", line 27, in _get_backends
    backend = load_backend(backend_path)
  File "/home/caoruchen/anaconda3/envs/luffycity/lib/python3.8/site-packages/django/contrib/auth/__init__.py", line 21, in load_backend
    return import_string(path)()
  File "/home/caoruchen/anaconda3/envs/luffycity/lib/python3.8/site-packages/django/utils/module_loading.py", line 27, in import_string
    raise ImportError("%s doesn't look like a module path" % dotted_path) from err
ImportError: l doesn't look like a module path
ERROR "POST /users/login/ HTTP/1.1" 500 135818
INFO Watching for file changes with StatReloader
INFO Watching for file changes with StatReloader
INFO "OPTIONS /users/login/ HTTP/1.1" 200 0
WARNING Bad Request: /users/login/
WARNING "POST /users/login/ HTTP/1.1" 400 68
INFO "POST /users/login/ HTTP/1.1" 200 273
INFO Watching for file changes with StatReloader
WARNING Not Found: /
WARNING "GET / HTTP/1.1" 404 2402
WARNING Not Found: /favicon.ico
WARNING "GET /favicon.ico HTTP/1.1" 404 2453
WARNING Not Found: /home/
WARNING "GET /home/ HTTP/1.1" 404 2868
INFO "GET /admin/ HTTP/1.1" 302 0
INFO "GET /admin/login/?next=/admin/ HTTP/1.1" 200 4181
INFO "GET /static/admin/css/dark_mode.css HTTP/1.1" 200 2929
INFO "GET /static/admin/css/base.css HTTP/1.1" 200 21310
INFO "GET /static/admin/css/nav_sidebar.css HTTP/1.1" 200 2694
INFO "GET /static/admin/js/theme.js HTTP/1.1" 200 1943
INFO "GET /static/admin/css/responsive.css HTTP/1.1" 200 18559
INFO "GET /static/admin/js/nav_sidebar.js HTTP/1.1" 200 3063
INFO "GET /static/admin/css/login.css HTTP/1.1" 200 958
INFO "GET /home/nav/header/ HTTP/1.1" 200 290
INFO "GET /home/nav/footer/ HTTP/1.1" 200 386
INFO "GET /home/banner/ HTTP/1.1" 200 561
INFO "GET /uploads/banner/2022/5.jpg HTTP/1.1" 200 158646
INFO "GET /uploads/banner/2022/1.jpg HTTP/1.1" 200 171972
INFO "GET /uploads/banner/2022/3.jpg HTTP/1.1" 200 443034
INFO "GET /uploads/banner/2022/2.jpg HTTP/1.1" 200 176325
INFO "GET /uploads/banner/2022/4.jpg HTTP/1.1" 200 1312893
INFO "OPTIONS /users/login/ HTTP/1.1" 200 0
INFO "POST /users/login/ HTTP/1.1" 200 273
INFO "POST /users/login/ HTTP/1.1" 200 273
INFO Watching for file changes with StatReloader
INFO "GET /uploads/banner/2022/5.jpg HTTP/1.1" 304 0
INFO "GET /uploads/banner/2022/4.jpg HTTP/1.1" 304 0
INFO "GET /uploads/banner/2022/3.jpg HTTP/1.1" 304 0
INFO "GET /uploads/banner/2022/1.jpg HTTP/1.1" 304 0
INFO "GET /uploads/banner/2022/2.jpg HTTP/1.1" 304 0
INFO Watching for file changes with StatReloader
INFO "OPTIONS /users/login/ HTTP/1.1" 200 0
INFO "POST /users/login/ HTTP/1.1" 200 273
INFO "POST /users/login/ HTTP/1.1" 200 273
INFO "POST /users/login/ HTTP/1.1" 200 273
INFO "GET /uploads/banner/2022/5.jpg HTTP/1.1" 304 0
INFO "GET /uploads/banner/2022/4.jpg HTTP/1.1" 304 0
INFO "GET /uploads/banner/2022/2.jpg HTTP/1.1" 304 0
INFO "GET /uploads/banner/2022/3.jpg HTTP/1.1" 304 0
INFO "GET /uploads/banner/2022/1.jpg HTTP/1.1" 304 0
INFO "POST /users/login/ HTTP/1.1" 200 273
INFO "GET /uploads/banner/2022/5.jpg HTTP/1.1" 304 0
INFO "GET /uploads/banner/2022/3.jpg HTTP/1.1" 304 0
INFO "GET /uploads/banner/2022/4.jpg HTTP/1.1" 304 0
INFO "GET /uploads/banner/2022/1.jpg HTTP/1.1" 304 0
INFO "GET /uploads/banner/2022/2.jpg HTTP/1.1" 304 0
INFO "POST /users/login/ HTTP/1.1" 200 273
INFO "GET /uploads/banner/2022/5.jpg HTTP/1.1" 304 0
INFO "GET /uploads/banner/2022/4.jpg HTTP/1.1" 304 0
INFO "GET /uploads/banner/2022/3.jpg HTTP/1.1" 304 0
INFO "GET /uploads/banner/2022/2.jpg HTTP/1.1" 304 0
INFO "GET /uploads/banner/2022/1.jpg HTTP/1.1" 304 0
INFO "POST /users/login/ HTTP/1.1" 200 273
INFO "POST /users/login/ HTTP/1.1" 200 273
INFO "POST /users/login/ HTTP/1.1" 200 273
INFO "POST /users/login/ HTTP/1.1" 200 273
WARNING Bad Request: /users/login/
WARNING "POST /users/login/ HTTP/1.1" 400 68
INFO "POST /users/login/ HTTP/1.1" 200 293
INFO "GET /uploads/banner/2022/5.jpg HTTP/1.1" 304 0
INFO "GET /uploads/banner/2022/3.jpg HTTP/1.1" 304 0
INFO "GET /uploads/banner/2022/4.jpg HTTP/1.1" 304 0
INFO "GET /uploads/banner/2022/2.jpg HTTP/1.1" 304 0
INFO "GET /uploads/banner/2022/1.jpg HTTP/1.1" 304 0
INFO "GET /home/nav/header/ HTTP/1.1" 200 290
INFO "GET /home/banner/ HTTP/1.1" 200 561
INFO "GET /home/nav/footer/ HTTP/1.1" 200 386
INFO "GET /uploads/banner/2022/5.jpg HTTP/1.1" 304 0
INFO "GET /uploads/banner/2022/4.jpg HTTP/1.1" 304 0
INFO "GET /uploads/banner/2022/3.jpg HTTP/1.1" 304 0
INFO "GET /uploads/banner/2022/2.jpg HTTP/1.1" 304 0
INFO "GET /uploads/banner/2022/1.jpg HTTP/1.1" 304 0
INFO "GET /uploads/banner/2022/5.jpg HTTP/1.1" 304 0
INFO "GET /uploads/banner/2022/4.jpg HTTP/1.1" 304 0
INFO "GET /uploads/banner/2022/3.jpg HTTP/1.1" 304 0
INFO "GET /uploads/banner/2022/2.jpg HTTP/1.1" 304 0
INFO "GET /uploads/banner/2022/1.jpg HTTP/1.1" 304 0
INFO "POST /users/login/ HTTP/1.1" 200 293
INFO "POST /users/login/ HTTP/1.1" 200 293
INFO "GET /uploads/banner/2022/5.jpg HTTP/1.1" 304 0
INFO "GET /uploads/banner/2022/4.jpg HTTP/1.1" 304 0
INFO "GET /uploads/banner/2022/3.jpg HTTP/1.1" 304 0
INFO "GET /uploads/banner/2022/2.jpg HTTP/1.1" 304 0
INFO "GET /uploads/banner/2022/1.jpg HTTP/1.1" 304 0
INFO "POST /users/login/ HTTP/1.1" 200 293
INFO "POST /users/login/ HTTP/1.1" 200 345
INFO "POST /users/login/ HTTP/1.1" 200 284
WARNING Not Found: /uploads/banner/2022/3.jpg
WARNING Not Found: /uploads/banner/2022/4.jpg
WARNING Not Found: /uploads/banner/2022/5.jpg
WARNING "GET /uploads/banner/2022/3.jpg HTTP/1.1" 404 2737
WARNING "GET /uploads/banner/2022/5.jpg HTTP/1.1" 404 2737
WARNING Not Found: /uploads/banner/2022/1.jpg
WARNING Not Found: /uploads/banner/2022/2.jpg
WARNING "GET /uploads/banner/2022/4.jpg HTTP/1.1" 404 2737
WARNING "GET /uploads/banner/2022/2.jpg HTTP/1.1" 404 2737
WARNING "GET /uploads/banner/2022/1.jpg HTTP/1.1" 404 2737
INFO "POST /users/login/ HTTP/1.1" 200 280
WARNING Not Found: /uploads/banner/2022/3.jpg
WARNING Not Found: /uploads/banner/2022/4.jpg
WARNING Not Found: /uploads/banner/2022/1.jpg
WARNING "GET /uploads/banner/2022/3.jpg HTTP/1.1" 404 2737
WARNING "GET /uploads/banner/2022/1.jpg HTTP/1.1" 404 2737
WARNING "GET /uploads/banner/2022/4.jpg HTTP/1.1" 404 2737
WARNING Not Found: /uploads/banner/2022/2.jpg
WARNING Not Found: /uploads/banner/2022/5.jpg
WARNING "GET /uploads/banner/2022/5.jpg HTTP/1.1" 404 2737
WARNING "GET /uploads/banner/2022/2.jpg HTTP/1.1" 404 2737
WARNING Not Found: /uploads/banner/2022/2.jpg
WARNING "GET /uploads/banner/2022/2.jpg HTTP/1.1" 404 2737
INFO Watching for file changes with StatReloader
WARNING Not Found: /uploads/banner/2022/5.jpg
WARNING "GET /uploads/banner/2022/5.jpg HTTP/1.1" 404 2737
WARNING Not Found: /uploads/banner/2022/4.jpg
WARNING "GET /uploads/banner/2022/4.jpg HTTP/1.1" 404 2737
WARNING Not Found: /uploads/banner/2022/3.jpg
WARNING Not Found: /uploads/banner/2022/1.jpg
WARNING "GET /uploads/banner/2022/3.jpg HTTP/1.1" 404 2737
WARNING Not Found: /uploads/banner/2022/2.jpg
WARNING "GET /uploads/banner/2022/1.jpg HTTP/1.1" 404 2737
WARNING "GET /uploads/banner/2022/2.jpg HTTP/1.1" 404 2737
INFO "GET /uploads/banner/2022/5.jpg HTTP/1.1" 200 158646
INFO "GET /uploads/banner/2022/2.jpg HTTP/1.1" 200 176325
INFO "GET /uploads/banner/2022/1.jpg HTTP/1.1" 200 171972
INFO "GET /uploads/banner/2022/3.jpg HTTP/1.1" 200 443034
INFO "GET /uploads/banner/2022/4.jpg HTTP/1.1" 200 1312893
INFO Watching for file changes with StatReloader
INFO "GET /home/nav/header/ HTTP/1.1" 200 290
INFO "GET /home/banner/ HTTP/1.1" 200 561
INFO "GET /home/nav/footer/ HTTP/1.1" 200 386
INFO Watching for file changes with StatReloader
INFO /home/caoruchen/Desktop/luffycity/luffycityapi/luffycityapi/urls.py changed, reloading.
INFO Watching for file changes with StatReloader
INFO /home/caoruchen/Desktop/luffycity/luffycityapi/luffycityapi/apps/courses/urls.py changed, reloading.
INFO Watching for file changes with StatReloader
INFO /home/caoruchen/Desktop/luffycity/luffycityapi/luffycityapi/apps/courses/models.py changed, reloading.
INFO Watching for file changes with StatReloader
INFO /home/caoruchen/Desktop/luffycity/luffycityapi/luffycityapi/apps/courses/models.py changed, reloading.
INFO Watching for file changes with StatReloader
INFO Watching for file changes with StatReloader
INFO code 400, message Bad request syntax ('\x16\x03\x01\x07d\x01\x00\x07`\x03\x03^\x8c*^\x98\x90\x9d')
ERROR You're accessing the development server over HTTPS, but it only supports HTTP.
INFO code 400, message Bad request version ('A\x9ap%~.6\x94kNKuA\x99<>6Sw\x00"\x13\x01\x13\x03\x13\x02+/,0')
ERROR You're accessing the development server over HTTPS, but it only supports HTTP.
INFO "GET /admin/ HTTP/1.1" 302 0
INFO "GET /admin/login/?next=/admin/ HTTP/1.1" 200 4078
INFO "GET /static/admin/simpleui-x/css/login.css?_=2.1 HTTP/1.1" 200 500
INFO "GET /static/admin/simpleui-x/js/vue.min.js?_=2025.01.13 HTTP/1.1" 200 93675
INFO "GET /static/admin/simpleui-x/js/login.js?_=3.3 HTTP/1.1" 200 669
INFO "GET /static/admin/simpleui-x/particles/app.js HTTP/1.1" 200 3728
INFO "GET /static/admin/simpleui-x/fontawesome-free-6.2.0-web/css/all.min.css HTTP/1.1" 200 101784
INFO "GET /static/admin/simpleui-x/particles/particles.js HTTP/1.1" 200 51264
INFO "GET /static/admin/simpleui-x/elementui/theme-chalk/index.css HTTP/1.1" 200 238628
INFO "GET /static/admin/simpleui-x/elementui/index.js?_=2025.01.13 HTTP/1.1" 200 586253
INFO "GET /static/admin/simpleui-x/img/logo.png HTTP/1.1" 200 115997
INFO "GET /static/admin/simpleui-x/img/bg.svg HTTP/1.1" 200 9547
INFO "GET /static/admin/simpleui-x/fontawesome-free-6.2.0-web/webfonts/fa-solid-900.woff2 HTTP/1.1" 200 150472
WARNING Not Found: /favicon.ico
WARNING "GET /favicon.ico HTTP/1.1" 404 2568
INFO "GET /static/admin/simpleui-x/elementui/theme-chalk/fonts/element-icons.woff HTTP/1.1" 200 28200
INFO "POST /admin/login/?next=/admin/ HTTP/1.1" 302 0
INFO "GET /admin/ HTTP/1.1" 200 17567
INFO "GET /static/admin/simpleui-x/waves/waves.min.css?_=2.1 HTTP/1.1" 200 3861
INFO "GET /static/admin/simpleui-x/css/index.css?_=3.2 HTTP/1.1" 200 6994
INFO "GET /static/admin/simpleui-x/automatic/dicts.js?_=2025.01.13 HTTP/1.1" 200 12677
INFO "GET /static/admin/simpleui-x/automatic/segment.js?_=2025.01.13 HTTP/1.1" 200 1194
INFO "GET /static/admin/simpleui-x/theme/theme.js?_=2025.01.13 HTTP/1.1" 200 4274
INFO "GET /static/admin/simpleui-x/waves/waves.min.js?_=2025.01.13 HTTP/1.1" 200 6329
INFO "GET /static/admin/simpleui-x/locale/en-us.js?_=2025.01.13 HTTP/1.1" 200 811
INFO "GET /static/admin/simpleui-x/js/index.js?_=2025.01.13 HTTP/1.1" 200 21589
INFO "GET /static/admin/simpleui-x/js/menu.js?_=2025.01.13 HTTP/1.1" 200 1216
INFO "GET /static/admin/simpleui-x/js/cookie.js?_=2025.01.13 HTTP/1.1" 200 524
INFO "GET /static/admin/simpleui-x/fontawesome-free-6.2.0-web/webfonts/fa-brands-400.woff2 HTTP/1.1" 200 107460
INFO "GET /static/admin/simpleui-x/css/index.css.map HTTP/1.1" 200 3480
INFO /home/caoruchen/Desktop/luffycity/luffycityapi/luffycityapi/settings/dev.py changed, reloading.
INFO Watching for file changes with StatReloader
INFO /home/caoruchen/Desktop/luffycity/luffycityapi/luffycityapi/settings/dev.py changed, reloading.
INFO Watching for file changes with StatReloader
INFO /home/caoruchen/Desktop/luffycity/luffycityapi/luffycityapi/settings/dev.py changed, reloading.
INFO Watching for file changes with StatReloader
INFO "GET /admin/ HTTP/1.1" 200 17556
INFO "GET /static/admin/simpleui-x/locale/zh-hans.js?_=2025.01.13 HTTP/1.1" 200 1254
INFO "GET /static/admin/simpleui-x/elementui/theme-chalk/index.css HTTP/1.1" 304 0
INFO "GET /static/admin/simpleui-x/fontawesome-free-6.2.0-web/css/all.min.css HTTP/1.1" 304 0
INFO "GET /static/admin/simpleui-x/automatic/dicts.js?_=2025.01.13 HTTP/1.1" 304 0
INFO "GET /static/admin/simpleui-x/elementui/index.js?_=2025.01.13 HTTP/1.1" 304 0
INFO "GET /static/admin/simpleui-x/css/index.css?_=3.2 HTTP/1.1" 304 0
INFO "GET /static/admin/simpleui-x/automatic/segment.js?_=2025.01.13 HTTP/1.1" 304 0
INFO "GET /static/admin/simpleui-x/waves/waves.min.css?_=2.1 HTTP/1.1" 304 0
INFO "GET /static/admin/simpleui-x/js/vue.min.js?_=2025.01.13 HTTP/1.1" 304 0
INFO "GET /static/admin/simpleui-x/locale/en-us.js?_=2025.01.13 HTTP/1.1" 200 811
INFO "GET /static/admin/simpleui-x/js/cookie.js?_=2025.01.13 HTTP/1.1" 304 0
INFO "GET /static/admin/simpleui-x/theme/theme.js?_=2025.01.13 HTTP/1.1" 304 0
INFO "GET /static/admin/simpleui-x/waves/waves.min.js?_=2025.01.13 HTTP/1.1" 304 0
INFO "GET /static/admin/simpleui-x/js/menu.js?_=2025.01.13 HTTP/1.1" 304 0
INFO "GET /static/admin/simpleui-x/js/index.js?_=2025.01.13 HTTP/1.1" 304 0
INFO "GET /static/admin/simpleui-x/img/logo.png HTTP/1.1" 200 115997
INFO /home/caoruchen/Desktop/luffycity/luffycityapi/luffycityapi/apps/courses/admin.py changed, reloading.
INFO Watching for file changes with StatReloader
INFO "GET /admin/ HTTP/1.1" 200 19458
INFO "GET /static/admin/simpleui-x/elementui/theme-chalk/index.css HTTP/1.1" 304 0
INFO "GET /static/admin/simpleui-x/waves/waves.min.css?_=2.1 HTTP/1.1" 304 0
INFO "GET /static/admin/simpleui-x/automatic/segment.js?_=2025.01.13 HTTP/1.1" 304 0
INFO "GET /static/admin/simpleui-x/fontawesome-free-6.2.0-web/css/all.min.css HTTP/1.1" 304 0
INFO "GET /static/admin/simpleui-x/css/index.css?_=3.2 HTTP/1.1" 304 0
INFO "GET /static/admin/simpleui-x/automatic/dicts.js?_=2025.01.13 HTTP/1.1" 304 0
INFO "GET /static/admin/simpleui-x/js/vue.min.js?_=2025.01.13 HTTP/1.1" 304 0
INFO "GET /static/admin/simpleui-x/locale/en-us.js?_=2025.01.13 HTTP/1.1" 304 0
INFO "GET /static/admin/simpleui-x/elementui/index.js?_=2025.01.13 HTTP/1.1" 304 0
INFO "GET /static/admin/simpleui-x/locale/zh-hans.js?_=2025.01.13 HTTP/1.1" 304 0
INFO "GET /static/admin/simpleui-x/js/cookie.js?_=2025.01.13 HTTP/1.1" 304 0
INFO "GET /static/admin/simpleui-x/theme/theme.js?_=2025.01.13 HTTP/1.1" 304 0
INFO "GET /static/admin/simpleui-x/waves/waves.min.js?_=2025.01.13 HTTP/1.1" 304 0
INFO "GET /static/admin/simpleui-x/js/menu.js?_=2025.01.13 HTTP/1.1" 304 0
INFO "GET /static/admin/simpleui-x/js/index.js?_=2025.01.13 HTTP/1.1" 304 0
INFO "GET /static/admin/simpleui-x/img/logo.png HTTP/1.1" 304 0
INFO "GET /static/admin/simpleui-x/fontawesome-free-6.2.0-web/webfonts/fa-regular-400.woff2 HTTP/1.1" 200 25096
INFO /home/caoruchen/Desktop/luffycity/luffycityapi/luffycityapi/apps/users/admin.py changed, reloading.
INFO Watching for file changes with StatReloader
INFO /home/caoruchen/Desktop/luffycity/luffycityapi/luffycityapi/apps/users/admin.py changed, reloading.
INFO Watching for file changes with StatReloader
INFO "GET /admin/ HTTP/1.1" 200 19826
INFO "GET /static/admin/simpleui-x/elementui/theme-chalk/index.css HTTP/1.1" 304 0
INFO "GET /static/admin/simpleui-x/fontawesome-free-6.2.0-web/css/all.min.css HTTP/1.1" 304 0
INFO "GET /static/admin/simpleui-x/automatic/dicts.js?_=2025.01.13 HTTP/1.1" 304 0
INFO "GET /static/admin/simpleui-x/css/index.css?_=3.2 HTTP/1.1" 304 0
INFO "GET /static/admin/simpleui-x/js/vue.min.js?_=2025.01.13 HTTP/1.1" 304 0
INFO "GET /static/admin/simpleui-x/waves/waves.min.css?_=2.1 HTTP/1.1" 304 0
INFO "GET /static/admin/simpleui-x/elementui/index.js?_=2025.01.13 HTTP/1.1" 304 0
INFO "GET /static/admin/simpleui-x/js/cookie.js?_=2025.01.13 HTTP/1.1" 304 0
INFO "GET /static/admin/simpleui-x/locale/zh-hans.js?_=2025.01.13 HTTP/1.1" 304 0
INFO "GET /static/admin/simpleui-x/locale/en-us.js?_=2025.01.13 HTTP/1.1" 304 0
INFO "GET /static/admin/simpleui-x/automatic/segment.js?_=2025.01.13 HTTP/1.1" 304 0
INFO "GET /static/admin/simpleui-x/theme/theme.js?_=2025.01.13 HTTP/1.1" 304 0
INFO "GET /static/admin/simpleui-x/waves/waves.min.js?_=2025.01.13 HTTP/1.1" 304 0
INFO "GET /static/admin/simpleui-x/js/menu.js?_=2025.01.13 HTTP/1.1" 304 0
INFO "GET /static/admin/simpleui-x/js/index.js?_=2025.01.13 HTTP/1.1" 304 0
INFO "GET /static/admin/simpleui-x/img/logo.png HTTP/1.1" 304 0
INFO "GET /admin/users/user/ HTTP/1.1" 200 35517
INFO "GET /static/admin/simpleui-x/theme/simpleui.css HTTP/1.1" 200 4270
INFO "GET /static/admin/css/base.css?_=2.7 HTTP/1.1" 200 21310
INFO "GET /static/admin/simpleui-x/css/base.css?_=2.7 HTTP/1.1" 200 4829
INFO "GET /static/admin/simpleui-x/js/language.js?_=2.1.2 HTTP/1.1" 200 189
INFO "GET /static/admin/simpleui-x/locale/en-us.js?_=2.1.2 HTTP/1.1" 200 811
INFO "GET /static/admin/simpleui-x/js/cookie.js HTTP/1.1" 200 524
INFO "GET /static/admin/css/changelists.css?_=20180905 HTTP/1.1" 200 6566
INFO "GET /static/admin/simpleui-x/locale/zh-hans.js HTTP/1.1" 200 1254
INFO "GET /static/admin/js/jquery.init.js HTTP/1.1" 200 347
INFO "GET /static/admin/js/vendor/jquery/jquery.js HTTP/1.1" 200 292458
INFO "GET /admin/jsi18n/ HTTP/1.1" 200 8560
INFO "GET /static/admin/js/core.js HTTP/1.1" 200 5682
INFO "GET /static/admin/js/admin/RelatedObjectLookups.js HTTP/1.1" 200 8943
INFO "GET /static/admin/js/actions.js HTTP/1.1" 200 7872
INFO "GET /static/admin/js/urlify.js HTTP/1.1" 200 7887
INFO "GET /static/admin/js/prepopulate.js HTTP/1.1" 200 1531
INFO "GET /static/admin/simpleui-x/js/axios.min.js HTTP/1.1" 200 14237
INFO "GET /static/admin/simpleui-x/automatic/segment.js HTTP/1.1" 200 1194
INFO "GET /static/admin/simpleui-x/automatic/dicts.js HTTP/1.1" 200 12677
INFO "GET /static/admin/css/responsive.css?_=20180905 HTTP/1.1" 200 18559
INFO "GET /static/admin/js/vendor/jquery/jquery.min.js HTTP/1.1" 200 89795
INFO "GET /static/admin/js/vendor/xregexp/xregexp.js HTTP/1.1" 200 232381
INFO "GET /static/admin/img/icon-no.svg HTTP/1.1" 200 560
INFO "GET /static/admin/img/icon-yes.svg HTTP/1.1" 200 436
INFO "GET /static/admin/img/sorting-icons.svg HTTP/1.1" 200 1097
INFO "GET /admin/auth/group/ HTTP/1.1" 200 29076
INFO "GET /admin/jsi18n/ HTTP/1.1" 200 8560
INFO "GET /admin/courses/coursedirection/ HTTP/1.1" 200 25025
INFO "GET /admin/jsi18n/ HTTP/1.1" 200 8560
INFO "GET /admin/ HTTP/1.1" 200 19826
INFO "GET /admin/courses/coursedirection/ HTTP/1.1" 200 25025
INFO "GET /admin/jsi18n/ HTTP/1.1" 200 8560
INFO "GET /admin/courses/teacher/ HTTP/1.1" 200 25009
INFO "GET /admin/jsi18n/ HTTP/1.1" 200 8560
INFO /home/caoruchen/Desktop/luffycity/luffycityapi/luffycityapi/settings/dev.py changed, reloading.
INFO Watching for file changes with StatReloader
INFO /home/caoruchen/Desktop/luffycity/luffycityapi/luffycityapi/settings/dev.py changed, reloading.
INFO Watching for file changes with StatReloader
INFO /home/caoruchen/Desktop/luffycity/luffycityapi/luffycityapi/urls.py changed, reloading.
INFO Watching for file changes with StatReloader
INFO /home/caoruchen/Desktop/luffycity/luffycityapi/luffycityapi/apps/courses/models.py changed, reloading.
INFO Watching for file changes with StatReloader
INFO /home/caoruchen/Desktop/luffycity/luffycityapi/luffycityapi/apps/courses/admin.py changed, reloading.
INFO Watching for file changes with StatReloader
INFO "GET /admin/ HTTP/1.1" 200 19826
INFO "GET /static/admin/simpleui-x/elementui/theme-chalk/index.css HTTP/1.1" 304 0
INFO "GET /static/admin/simpleui-x/css/index.css?_=3.2 HTTP/1.1" 304 0
INFO "GET /static/admin/simpleui-x/fontawesome-free-6.2.0-web/css/all.min.css HTTP/1.1" 304 0
INFO "GET /static/admin/simpleui-x/waves/waves.min.css?_=2.1 HTTP/1.1" 304 0
INFO "GET /static/admin/simpleui-x/automatic/segment.js?_=2025.01.13 HTTP/1.1" 304 0
INFO "GET /static/admin/simpleui-x/js/vue.min.js?_=2025.01.13 HTTP/1.1" 304 0
INFO "GET /static/admin/simpleui-x/automatic/dicts.js?_=2025.01.13 HTTP/1.1" 304 0
INFO "GET /static/admin/simpleui-x/locale/en-us.js?_=2025.01.13 HTTP/1.1" 304 0
INFO "GET /static/admin/simpleui-x/elementui/index.js?_=2025.01.13 HTTP/1.1" 304 0
INFO "GET /static/admin/simpleui-x/locale/zh-hans.js?_=2025.01.13 HTTP/1.1" 304 0
INFO "GET /static/admin/simpleui-x/js/cookie.js?_=2025.01.13 HTTP/1.1" 304 0
INFO "GET /static/admin/simpleui-x/theme/theme.js?_=2025.01.13 HTTP/1.1" 304 0
INFO "GET /static/admin/simpleui-x/waves/waves.min.js?_=2025.01.13 HTTP/1.1" 304 0
INFO "GET /static/admin/simpleui-x/js/index.js?_=2025.01.13 HTTP/1.1" 304 0
INFO "GET /static/admin/simpleui-x/js/menu.js?_=2025.01.13 HTTP/1.1" 304 0
INFO "GET /static/admin/simpleui-x/img/logo.png HTTP/1.1" 304 0
INFO "GET /admin/courses/coursedirection/ HTTP/1.1" 200 25025
INFO "GET /static/admin/simpleui-x/css/base.css?_=2.7 HTTP/1.1" 304 0
INFO "GET /static/admin/simpleui-x/theme/simpleui.css HTTP/1.1" 304 0
INFO "GET /static/admin/simpleui-x/js/language.js?_=2.1.2 HTTP/1.1" 304 0
INFO "GET /static/admin/simpleui-x/locale/en-us.js?_=2.1.2 HTTP/1.1" 304 0
INFO "GET /static/admin/simpleui-x/locale/zh-hans.js HTTP/1.1" 304 0
INFO "GET /static/admin/simpleui-x/js/cookie.js HTTP/1.1" 304 0
INFO "GET /admin/jsi18n/ HTTP/1.1" 200 8560
INFO "GET /static/admin/simpleui-x/automatic/dicts.js HTTP/1.1" 304 0
INFO "GET /static/admin/simpleui-x/automatic/segment.js HTTP/1.1" 304 0
INFO "GET /static/admin/simpleui-x/js/axios.min.js HTTP/1.1" 304 0
INFO "GET /static/admin/simpleui-x/fontawesome-free-6.2.0-web/webfonts/fa-brands-400.woff2 HTTP/1.1" 304 0
INFO "GET /admin/auth/group/ HTTP/1.1" 200 29076
INFO "GET /admin/jsi18n/ HTTP/1.1" 200 8560
INFO "GET /admin/users/user/ HTTP/1.1" 200 35517
INFO "GET /admin/jsi18n/ HTTP/1.1" 200 8560
INFO "GET /admin/courses/coursecategory/ HTTP/1.1" 200 25023
INFO "GET /admin/jsi18n/ HTTP/1.1" 200 8560
INFO "GET /admin/courses/coursecategory/add/ HTTP/1.1" 200 15010
INFO "GET /static/ckeditor/ckeditor.css HTTP/1.1" 200 672
INFO "GET /static/ckeditor/ckeditor-init.js HTTP/1.1" 200 1526
INFO "GET /static/admin/css/forms.css HTTP/1.1" 200 9090
INFO "GET /static/ckeditor/fixups.js HTTP/1.1" 200 168
INFO "GET /static/admin/js/change_form.js HTTP/1.1" 200 606
INFO "GET /static/admin/js/prepopulate_init.js HTTP/1.1" 200 586
INFO "GET /admin/jsi18n/ HTTP/1.1" 200 8560
INFO "GET /static/ckeditor/ckeditor/ckeditor.js HTTP/1.1" 200 759716
INFO "GET /static/admin/img/icon-viewlink.svg HTTP/1.1" 200 581
INFO "GET /static/admin/img/icon-deletelink.svg HTTP/1.1" 200 392
INFO "GET /static/admin/img/icon-addlink.svg HTTP/1.1" 200 331
INFO "GET /static/admin/img/icon-changelink.svg HTTP/1.1" 200 380
INFO "GET /static/admin/css/widgets.css HTTP/1.1" 200 11921
INFO "GET /static/ckeditor/ckeditor/config.js?t=N5UC HTTP/1.1" 200 336
INFO "GET /static/ckeditor/ckeditor/skins/moono-lisa/editor_gecko.css?t=N5UC HTTP/1.1" 200 48390
INFO "GET /static/ckeditor/ckeditor/lang/zh-cn.js?t=N5UC HTTP/1.1" 200 17901
INFO "GET /static/ckeditor/ckeditor/styles.js?t=N5UC HTTP/1.1" 200 5577
INFO "GET /static/ckeditor/ckeditor/plugins/scayt/skins/moono-lisa/scayt.css?t=N5UC HTTP/1.1" 200 381
INFO "GET /static/ckeditor/ckeditor/plugins/tableselection/styles/tableselection.css?t=N5UC HTTP/1.1" 200 1145
INFO "GET /static/ckeditor/ckeditor/plugins/dialog/styles/dialog.css?t=N5UC HTTP/1.1" 200 249
INFO "GET /static/ckeditor/ckeditor/plugins/scayt/dialogs/dialog.css?t=N5UC HTTP/1.1" 200 419
INFO "GET /static/ckeditor/ckeditor/plugins/copyformatting/styles/copyformatting.css?t=N5UC HTTP/1.1" 200 1511
INFO "GET /static/ckeditor/ckeditor/skins/moono-lisa/icons.png?t=4a1fb11f44 HTTP/1.1" 200 12237
INFO "GET /static/ckeditor/ckeditor/contents.css?t=N5UC HTTP/1.1" 200 3092
INFO /home/caoruchen/Desktop/luffycity/luffycityapi/luffycityapi/apps/courses/admin.py changed, reloading.
INFO Watching for file changes with StatReloader
INFO /home/caoruchen/Desktop/luffycity/luffycityapi/luffycityapi/apps/courses/admin.py changed, reloading.
INFO Watching for file changes with StatReloader
INFO /home/caoruchen/Desktop/luffycity/luffycityapi/luffycityapi/apps/courses/admin.py changed, reloading.
INFO Watching for file changes with StatReloader
INFO /home/caoruchen/Desktop/luffycity/luffycityapi/luffycityapi/apps/courses/admin.py changed, reloading.
INFO Watching for file changes with StatReloader
INFO /home/caoruchen/Desktop/luffycity/luffycityapi/luffycityapi/apps/courses/admin.py changed, reloading.
INFO Watching for file changes with StatReloader
INFO /home/caoruchen/Desktop/luffycity/luffycityapi/luffycityapi/apps/courses/admin.py changed, reloading.
INFO Watching for file changes with StatReloader
INFO /home/caoruchen/Desktop/luffycity/luffycityapi/luffycityapi/apps/courses/models.py changed, reloading.
INFO Watching for file changes with StatReloader
INFO /home/caoruchen/Desktop/luffycity/luffycityapi/luffycityapi/apps/courses/models.py changed, reloading.
INFO Watching for file changes with StatReloader
INFO /home/caoruchen/Desktop/luffycity/luffycityapi/luffycityapi/apps/courses/models.py changed, reloading.
INFO Watching for file changes with StatReloader
INFO /home/caoruchen/Desktop/luffycity/luffycityapi/luffycityapi/apps/courses/models.py changed, reloading.
INFO Watching for file changes with StatReloader
INFO /home/caoruchen/Desktop/luffycity/luffycityapi/luffycityapi/apps/courses/admin.py changed, reloading.
INFO Watching for file changes with StatReloader
INFO /home/caoruchen/Desktop/luffycity/luffycityapi/luffycityapi/apps/courses/admin.py changed, reloading.
INFO Watching for file changes with StatReloader
INFO /home/caoruchen/Desktop/luffycity/luffycityapi/luffycityapi/apps/courses/admin.py changed, reloading.
INFO Watching for file changes with StatReloader
INFO /home/caoruchen/Desktop/luffycity/luffycityapi/luffycityapi/apps/courses/admin.py changed, reloading.
INFO Watching for file changes with StatReloader
INFO "GET /admin/ HTTP/1.1" 200 19826
INFO "GET /static/admin/simpleui-x/elementui/theme-chalk/index.css HTTP/1.1" 304 0
INFO "GET /static/admin/simpleui-x/fontawesome-free-6.2.0-web/css/all.min.css HTTP/1.1" 304 0
INFO "GET /static/admin/simpleui-x/css/index.css?_=3.2 HTTP/1.1" 304 0
INFO "GET /static/admin/simpleui-x/automatic/segment.js?_=2025.01.13 HTTP/1.1" 304 0
INFO "GET /static/admin/simpleui-x/automatic/dicts.js?_=2025.01.13 HTTP/1.1" 304 0
INFO "GET /static/admin/simpleui-x/waves/waves.min.css?_=2.1 HTTP/1.1" 304 0
INFO "GET /static/admin/simpleui-x/locale/en-us.js?_=2025.01.13 HTTP/1.1" 304 0
INFO "GET /static/admin/simpleui-x/js/vue.min.js?_=2025.01.13 HTTP/1.1" 304 0
INFO "GET /static/admin/simpleui-x/elementui/index.js?_=2025.01.13 HTTP/1.1" 304 0
INFO "GET /static/admin/simpleui-x/locale/zh-hans.js?_=2025.01.13 HTTP/1.1" 304 0
INFO "GET /static/admin/simpleui-x/js/cookie.js?_=2025.01.13 HTTP/1.1" 304 0
INFO "GET /static/admin/simpleui-x/theme/theme.js?_=2025.01.13 HTTP/1.1" 304 0
INFO "GET /static/admin/simpleui-x/js/menu.js?_=2025.01.13 HTTP/1.1" 304 0
INFO "GET /static/admin/simpleui-x/waves/waves.min.js?_=2025.01.13 HTTP/1.1" 304 0
INFO "GET /static/admin/simpleui-x/js/index.js?_=2025.01.13 HTTP/1.1" 304 0
INFO "GET /static/admin/simpleui-x/img/logo.png HTTP/1.1" 304 0
INFO "GET /admin/courses/coursecategory/ HTTP/1.1" 200 30249
INFO "GET /static/admin/simpleui-x/theme/simpleui.css HTTP/1.1" 304 0
INFO "GET /static/admin/simpleui-x/css/base.css?_=2.7 HTTP/1.1" 304 0
INFO "GET /static/admin/simpleui-x/js/language.js?_=2.1.2 HTTP/1.1" 304 0
INFO "GET /static/admin/simpleui-x/locale/en-us.js?_=2.1.2 HTTP/1.1" 304 0
INFO "GET /static/admin/simpleui-x/locale/zh-hans.js HTTP/1.1" 304 0
INFO "GET /static/admin/simpleui-x/js/cookie.js HTTP/1.1" 304 0
INFO "GET /static/admin/simpleui-x/automatic/segment.js HTTP/1.1" 304 0
INFO "GET /static/admin/simpleui-x/automatic/dicts.js HTTP/1.1" 304 0
INFO "GET /static/admin/simpleui-x/js/axios.min.js HTTP/1.1" 304 0
INFO "GET /admin/jsi18n/ HTTP/1.1" 200 8560
INFO "GET /admin/courses/coursedirection/ HTTP/1.1" 200 32931
INFO "GET /admin/jsi18n/ HTTP/1.1" 200 8560
INFO "GET /admin/courses/teacher/ HTTP/1.1" 200 30715
INFO "GET /admin/jsi18n/ HTTP/1.1" 200 8560
INFO "GET /admin/courses/course/ HTTP/1.1" 200 27477
INFO "GET /admin/jsi18n/ HTTP/1.1" 200 8560
INFO "GET /admin/ HTTP/1.1" 200 19826
INFO "GET /static/admin/simpleui-x/elementui/theme-chalk/index.css HTTP/1.1" 304 0
INFO "GET /static/admin/simpleui-x/fontawesome-free-6.2.0-web/css/all.min.css HTTP/1.1" 304 0
INFO "GET /static/admin/simpleui-x/css/index.css?_=3.2 HTTP/1.1" 304 0
INFO "GET /static/admin/simpleui-x/automatic/dicts.js?_=2025.01.13 HTTP/1.1" 304 0
INFO "GET /static/admin/simpleui-x/automatic/segment.js?_=2025.01.13 HTTP/1.1" 304 0
INFO "GET /static/admin/simpleui-x/locale/en-us.js?_=2025.01.13 HTTP/1.1" 304 0
INFO "GET /static/admin/simpleui-x/waves/waves.min.css?_=2.1 HTTP/1.1" 304 0
INFO "GET /static/admin/simpleui-x/js/vue.min.js?_=2025.01.13 HTTP/1.1" 304 0
INFO "GET /static/admin/simpleui-x/locale/zh-hans.js?_=2025.01.13 HTTP/1.1" 304 0
INFO "GET /static/admin/simpleui-x/elementui/index.js?_=2025.01.13 HTTP/1.1" 304 0
INFO "GET /static/admin/simpleui-x/js/cookie.js?_=2025.01.13 HTTP/1.1" 304 0
INFO "GET /static/admin/simpleui-x/theme/theme.js?_=2025.01.13 HTTP/1.1" 304 0
INFO "GET /static/admin/simpleui-x/waves/waves.min.js?_=2025.01.13 HTTP/1.1" 304 0
INFO "GET /static/admin/simpleui-x/js/menu.js?_=2025.01.13 HTTP/1.1" 304 0
INFO "GET /static/admin/simpleui-x/js/index.js?_=2025.01.13 HTTP/1.1" 304 0
INFO "GET /static/admin/simpleui-x/img/logo.png HTTP/1.1" 200 115997
INFO "GET /admin/courses/coursecategory/ HTTP/1.1" 200 30249
INFO "GET /static/admin/simpleui-x/theme/simpleui.css HTTP/1.1" 304 0
INFO "GET /static/admin/simpleui-x/css/base.css?_=2.7 HTTP/1.1" 200 4829
INFO "GET /static/admin/simpleui-x/js/language.js?_=2.1.2 HTTP/1.1" 304 0
INFO "GET /static/admin/simpleui-x/locale/en-us.js?_=2.1.2 HTTP/1.1" 304 0
INFO "GET /static/admin/simpleui-x/js/cookie.js HTTP/1.1" 304 0
INFO "GET /static/admin/simpleui-x/locale/zh-hans.js HTTP/1.1" 304 0
INFO "GET /static/admin/simpleui-x/automatic/segment.js HTTP/1.1" 304 0
INFO "GET /admin/jsi18n/ HTTP/1.1" 200 8560
INFO "GET /static/admin/simpleui-x/automatic/dicts.js HTTP/1.1" 304 0
INFO "GET /static/admin/simpleui-x/js/axios.min.js HTTP/1.1" 304 0
INFO "GET /admin/courses/course/ HTTP/1.1" 200 27477
INFO "GET /admin/jsi18n/ HTTP/1.1" 200 8560
INFO "GET /admin/courses/course/add/ HTTP/1.1" 200 25648
INFO "GET /admin/jsi18n/ HTTP/1.1" 200 8560
INFO "GET /static/ckeditor/ckeditor.css HTTP/1.1" 304 0
INFO "GET /static/ckeditor/ckeditor-init.js HTTP/1.1" 304 0
INFO "GET /static/ckeditor/ckeditor/ckeditor.js HTTP/1.1" 304 0
INFO "GET /static/ckeditor/fixups.js HTTP/1.1" 304 0
INFO "GET /static/ckeditor/ckeditor/config.js?t=N5UC HTTP/1.1" 304 0
INFO "GET /static/ckeditor/ckeditor/lang/zh-cn.js?t=N5UC HTTP/1.1" 304 0
INFO "GET /static/ckeditor/ckeditor/skins/moono-lisa/editor_gecko.css?t=N5UC HTTP/1.1" 304 0
INFO "GET /static/ckeditor/ckeditor/styles.js?t=N5UC HTTP/1.1" 304 0
INFO "GET /static/ckeditor/ckeditor/plugins/scayt/skins/moono-lisa/scayt.css?t=N5UC HTTP/1.1" 304 0
INFO "GET /static/ckeditor/ckeditor/plugins/tableselection/styles/tableselection.css?t=N5UC HTTP/1.1" 304 0
INFO "GET /static/ckeditor/ckeditor/plugins/scayt/dialogs/dialog.css?t=N5UC HTTP/1.1" 304 0
INFO "GET /static/ckeditor/ckeditor/plugins/dialog/styles/dialog.css?t=N5UC HTTP/1.1" 304 0
INFO "GET /static/ckeditor/ckeditor/plugins/copyformatting/styles/copyformatting.css?t=N5UC HTTP/1.1" 304 0
INFO "GET /static/ckeditor/ckeditor/skins/moono-lisa/icons.png?t=4a1fb11f44 HTTP/1.1" 200 12237
INFO "GET /static/ckeditor/ckeditor/contents.css?t=N5UC HTTP/1.1" 304 0
INFO "GET /admin/courses/coursedirection/add/?_to_field=id&_popup=1 HTTP/1.1" 200 22333
INFO "GET /static/admin/js/inlines.js HTTP/1.1" 200 15526
INFO "GET /admin/jsi18n/ HTTP/1.1" 200 8560
INFO "GET /static/admin/img/inline-delete.svg HTTP/1.1" 200 560
INFO "GET /admin/courses/coursedirection/ HTTP/1.1" 200 32931
INFO "GET /admin/jsi18n/ HTTP/1.1" 200 8560
INFO "GET /static/admin/simpleui-x/fontawesome-free-6.2.0-web/webfonts/fa-brands-400.woff2 HTTP/1.1" 304 0
INFO /home/caoruchen/Desktop/luffycity/luffycityapi/luffycityapi/settings/dev.py changed, reloading.
INFO Watching for file changes with StatReloader
INFO /home/caoruchen/Desktop/luffycity/luffycityapi/luffycityapi/settings/dev.py changed, reloading.
INFO Watching for file changes with StatReloader
INFO "GET /admin/ HTTP/1.1" 200 19862
WARNING Not Found: /uploads/logo.png
WARNING "GET /uploads/logo.png HTTP/1.1" 404 2698
INFO "POST /admin/logout/ HTTP/1.1" 200 161
INFO "GET /admin/login/ HTTP/1.1" 200 4061
INFO "GET /static/admin/simpleui-x/css/login.css?_=2.1 HTTP/1.1" 304 0
INFO "GET /static/admin/simpleui-x/particles/particles.js HTTP/1.1" 304 0
INFO "GET /static/admin/simpleui-x/js/login.js?_=3.3 HTTP/1.1" 304 0
WARNING Not Found: /uploads/logo.png
INFO "GET /static/admin/simpleui-x/particles/app.js HTTP/1.1" 304 0
WARNING "GET /uploads/logo.png HTTP/1.1" 404 2698
INFO "GET /static/admin/simpleui-x/img/bg.svg HTTP/1.1" 200 9547
WARNING Not Found: /uploads/logo.png
WARNING "GET /uploads/logo.png HTTP/1.1" 404 2698
INFO "GET /admin/login/ HTTP/1.1" 200 4061
INFO "GET /uploads/logo.png HTTP/1.1" 200 362358
INFO "POST /admin/login/ HTTP/1.1" 302 0
INFO "GET /admin/ HTTP/1.1" 200 19862
INFO "GET /admin/courses/coursecategory/ HTTP/1.1" 200 30254
INFO "GET /static/admin/simpleui-x/elementui/theme-chalk/index.css HTTP/1.1" 304 0
INFO "GET /static/admin/simpleui-x/fontawesome-free-6.2.0-web/css/all.min.css HTTP/1.1" 304 0
INFO "GET /static/admin/simpleui-x/css/base.css?_=2.7 HTTP/1.1" 304 0
INFO "GET /static/admin/simpleui-x/theme/simpleui.css HTTP/1.1" 304 0
INFO "GET /static/admin/simpleui-x/js/vue.min.js?_=2025.01.13 HTTP/1.1" 304 0
INFO "GET /static/admin/simpleui-x/elementui/index.js?_=2025.01.13 HTTP/1.1" 304 0
INFO "GET /static/admin/simpleui-x/js/language.js?_=2.1.2 HTTP/1.1" 304 0
INFO "GET /static/admin/simpleui-x/locale/en-us.js?_=2.1.2 HTTP/1.1" 304 0
INFO "GET /static/admin/simpleui-x/locale/zh-hans.js HTTP/1.1" 304 0
INFO "GET /static/admin/simpleui-x/js/cookie.js HTTP/1.1" 304 0
INFO "GET /admin/jsi18n/ HTTP/1.1" 200 8560
INFO "GET /static/admin/simpleui-x/automatic/dicts.js HTTP/1.1" 304 0
INFO "GET /static/admin/simpleui-x/automatic/segment.js HTTP/1.1" 304 0
INFO "GET /static/admin/simpleui-x/js/axios.min.js HTTP/1.1" 304 0
INFO "GET /admin/courses/coursechapter/ HTTP/1.1" 200 25375
INFO "GET /admin/jsi18n/ HTTP/1.1" 200 8560
INFO /home/caoruchen/Desktop/luffycity/luffycityapi/luffycityapi/settings/dev.py changed, reloading.
INFO Watching for file changes with StatReloader
INFO /home/caoruchen/Desktop/luffycity/luffycityapi/luffycityapi/settings/dev.py changed, reloading.
INFO Watching for file changes with StatReloader
INFO /home/caoruchen/Desktop/luffycity/luffycityapi/luffycityapi/apps/courses/models.py changed, reloading.
INFO Watching for file changes with StatReloader
INFO /home/caoruchen/Desktop/luffycity/luffycityapi/luffycityapi/apps/courses/models.py changed, reloading.
INFO Watching for file changes with StatReloader
INFO /home/caoruchen/Desktop/luffycity/luffycityapi/luffycityapi/apps/courses/models.py changed, reloading.
INFO Watching for file changes with StatReloader
INFO /home/caoruchen/Desktop/luffycity/luffycityapi/luffycityapi/apps/courses/models.py changed, reloading.
INFO Watching for file changes with StatReloader
INFO /home/caoruchen/Desktop/luffycity/luffycityapi/luffycityapi/apps/courses/models.py changed, reloading.
INFO Watching for file changes with StatReloader
INFO Watching for file changes with StatReloader
INFO "GET /admin/ HTTP/1.1" 200 19862
INFO "GET /static/admin/simpleui-x/elementui/theme-chalk/index.css HTTP/1.1" 304 0
INFO "GET /static/admin/simpleui-x/css/index.css?_=3.2 HTTP/1.1" 304 0
INFO "GET /static/admin/simpleui-x/fontawesome-free-6.2.0-web/css/all.min.css HTTP/1.1" 304 0
INFO "GET /static/admin/simpleui-x/js/vue.min.js?_=2025.01.13 HTTP/1.1" 304 0
INFO "GET /static/admin/simpleui-x/waves/waves.min.css?_=2.1 HTTP/1.1" 304 0
INFO "GET /static/admin/simpleui-x/automatic/dicts.js?_=2025.01.13 HTTP/1.1" 304 0
INFO "GET /static/admin/simpleui-x/elementui/index.js?_=2025.01.13 HTTP/1.1" 304 0
INFO "GET /static/admin/simpleui-x/locale/en-us.js?_=2025.01.13 HTTP/1.1" 200 811
INFO "GET /static/admin/simpleui-x/automatic/segment.js?_=2025.01.13 HTTP/1.1" 304 0
INFO "GET /static/admin/simpleui-x/js/cookie.js?_=2025.01.13 HTTP/1.1" 200 524
INFO "GET /static/admin/simpleui-x/locale/zh-hans.js?_=2025.01.13 HTTP/1.1" 304 0
INFO "GET /static/admin/simpleui-x/theme/theme.js?_=2025.01.13 HTTP/1.1" 304 0
INFO "GET /static/admin/simpleui-x/waves/waves.min.js?_=2025.01.13 HTTP/1.1" 304 0
INFO "GET /static/admin/simpleui-x/js/menu.js?_=2025.01.13 HTTP/1.1" 304 0
INFO "GET /static/admin/simpleui-x/js/index.js?_=2025.01.13 HTTP/1.1" 304 0
INFO "GET /admin/courses/coursechapter/ HTTP/1.1" 200 25375
WARNING Not Found: /favicon.ico
INFO "GET /static/admin/simpleui-x/css/base.css?_=2.7 HTTP/1.1" 200 4829
INFO "GET /static/admin/simpleui-x/theme/simpleui.css HTTP/1.1" 200 4270
INFO "GET /static/admin/simpleui-x/js/language.js?_=2.1.2 HTTP/1.1" 304 0
INFO "GET /static/admin/simpleui-x/locale/zh-hans.js HTTP/1.1" 304 0
INFO "GET /static/admin/simpleui-x/locale/en-us.js?_=2.1.2 HTTP/1.1" 200 811
INFO "GET /static/admin/simpleui-x/js/cookie.js HTTP/1.1" 304 0
INFO "GET /admin/jsi18n/ HTTP/1.1" 200 8560
INFO "GET /static/admin/simpleui-x/automatic/dicts.js HTTP/1.1" 304 0
INFO "GET /static/admin/simpleui-x/js/axios.min.js HTTP/1.1" 304 0
INFO "GET /static/admin/simpleui-x/automatic/segment.js HTTP/1.1" 304 0
INFO "GET /admin/courses/teacher/ HTTP/1.1" 200 34619
INFO "GET /admin/jsi18n/ HTTP/1.1" 200 8560
INFO "GET /admin/courses/coursecategory/ HTTP/1.1" 200 32687
INFO "GET /admin/jsi18n/ HTTP/1.1" 200 8560
INFO "GET /admin/courses/course/ HTTP/1.1" 200 27482
INFO "GET /admin/jsi18n/ HTTP/1.1" 200 8560
INFO "GET /admin/courses/courselesson/ HTTP/1.1" 200 26889
INFO "GET /admin/jsi18n/ HTTP/1.1" 200 8560
INFO "GET /static/admin/simpleui-x/fontawesome-free-6.2.0-web/webfonts/fa-regular-400.woff2 HTTP/1.1" 200 25096
INFO "GET /admin/courses/coursedirection/ HTTP/1.1" 200 39998
INFO "GET /admin/jsi18n/ HTTP/1.1" 200 8560
INFO "GET /admin/courses/teacher/ HTTP/1.1" 200 34619
INFO "GET /admin/jsi18n/ HTTP/1.1" 200 8560
INFO Watching for file changes with StatReloader
INFO /home/caoruchen/Desktop/luffycity/luffycityapi/luffycityapi/apps/home/models.py changed, reloading.
INFO Watching for file changes with StatReloader
INFO "GET /home/banner/ HTTP/1.1" 200 561
INFO "GET /home/nav/header/ HTTP/1.1" 200 290
INFO "GET /home/nav/footer/ HTTP/1.1" 200 386
INFO "GET /uploads/banner/2022/1.jpg HTTP/1.1" 200 171972
INFO "GET /uploads/banner/2022/2.jpg HTTP/1.1" 200 176325
INFO "GET /admin/ HTTP/1.1" 200 20516
INFO "GET /static/admin/simpleui-x/css/index.css?_=3.2 HTTP/1.1" 200 6994
INFO "GET /static/admin/simpleui-x/waves/waves.min.css?_=2.1 HTTP/1.1" 200 3861
INFO "GET /uploads/logo.png HTTP/1.1" 200 362358
INFO "GET /static/admin/simpleui-x/fontawesome-free-6.2.0-web/css/all.min.css HTTP/1.1" 200 101784
INFO "GET /static/admin/simpleui-x/elementui/theme-chalk/index.css HTTP/1.1" 200 238628
INFO "GET /static/admin/simpleui-x/js/vue.min.js?_=2025.01.13 HTTP/1.1" 304 0
INFO "GET /static/admin/simpleui-x/elementui/index.js?_=2025.01.13 HTTP/1.1" 304 0
INFO "GET /static/admin/simpleui-x/automatic/dicts.js?_=2025.01.13 HTTP/1.1" 304 0
INFO "GET /static/admin/simpleui-x/locale/en-us.js?_=2025.01.13 HTTP/1.1" 200 811
INFO "GET /static/admin/simpleui-x/js/cookie.js?_=2025.01.13 HTTP/1.1" 200 524
INFO "GET /static/admin/simpleui-x/automatic/segment.js?_=2025.01.13 HTTP/1.1" 304 0
INFO "GET /static/admin/simpleui-x/locale/zh-hans.js?_=2025.01.13 HTTP/1.1" 304 0
INFO "GET /static/admin/simpleui-x/theme/theme.js?_=2025.01.13 HTTP/1.1" 304 0
INFO "GET /static/admin/simpleui-x/js/menu.js?_=2025.01.13 HTTP/1.1" 304 0
INFO "GET /static/admin/simpleui-x/waves/waves.min.js?_=2025.01.13 HTTP/1.1" 304 0
INFO "GET /static/admin/simpleui-x/js/index.js?_=2025.01.13 HTTP/1.1" 304 0
INFO "GET /static/admin/simpleui-x/fontawesome-free-6.2.0-web/webfonts/fa-regular-400.woff2 HTTP/1.1" 200 25096
INFO "GET /static/admin/simpleui-x/elementui/theme-chalk/fonts/element-icons.woff HTTP/1.1" 200 28200
INFO "GET /static/admin/simpleui-x/fontawesome-free-6.2.0-web/webfonts/fa-solid-900.woff2 HTTP/1.1" 200 150472
INFO "GET /static/admin/simpleui-x/fontawesome-free-6.2.0-web/webfonts/fa-brands-400.woff2 HTTP/1.1" 200 107460
WARNING Not Found: /favicon.ico
INFO "GET /admin/courses/teacher/ HTTP/1.1" 200 34619
INFO "GET /static/admin/simpleui-x/locale/en-us.js?_=2.1.2 HTTP/1.1" 200 811
INFO "GET /static/admin/simpleui-x/js/cookie.js HTTP/1.1" 200 524
INFO "GET /static/admin/simpleui-x/css/base.css?_=2.7 HTTP/1.1" 200 4829
INFO "GET /static/admin/css/changelists.css?_=20180905 HTTP/1.1" 200 6566
INFO "GET /static/admin/simpleui-x/js/language.js?_=2.1.2 HTTP/1.1" 200 189
INFO "GET /static/admin/js/jquery.init.js HTTP/1.1" 200 347
INFO "GET /static/admin/simpleui-x/theme/simpleui.css HTTP/1.1" 200 4270
INFO "GET /static/admin/css/responsive.css?_=20180905 HTTP/1.1" 200 18559
INFO "GET /admin/jsi18n/ HTTP/1.1" 200 8560
INFO "GET /static/admin/simpleui-x/locale/zh-hans.js HTTP/1.1" 304 0
INFO "GET /static/admin/simpleui-x/automatic/dicts.js HTTP/1.1" 304 0
INFO "GET /static/admin/simpleui-x/automatic/segment.js HTTP/1.1" 304 0
INFO "GET /static/admin/simpleui-x/js/axios.min.js HTTP/1.1" 304 0
INFO /home/caoruchen/Desktop/luffycity/luffycityapi/luffycityapi/apps/courses/admin.py changed, reloading.
INFO Watching for file changes with StatReloader
INFO "GET /admin/ HTTP/1.1" 200 20516
INFO "GET /admin/courses/teacher/ HTTP/1.1" 200 34762
INFO "GET /admin/jsi18n/ HTTP/1.1" 200 8560
WARNING Not Found: /uploads/teacher/avatar.thumb_50x50.jpg
WARNING "GET /uploads/teacher/avatar.thumb_50x50.jpg HTTP/1.1" 404 2786
INFO "GET /admin/ HTTP/1.1" 302 0
INFO "GET /static/admin/simpleui-x/locale/en-us.js?_=2.1.2 HTTP/1.1" 200 811
INFO "GET /static/admin/simpleui-x/locale/zh-hans.js?_=2025.01.13 HTTP/1.1" 200 1254
INFO "GET /static/admin/simpleui-x/locale/en-us.js?_=2025.01.13 HTTP/1.1" 200 811
INFO "GET /static/admin/simpleui-x/theme/theme.js?_=2025.01.13 HTTP/1.1" 200 4274
INFO "GET /static/admin/simpleui-x/automatic/dicts.js?_=2025.01.13 HTTP/1.1" 200 12677
INFO "GET /static/admin/simpleui-x/js/language.js?_=2.1.2 HTTP/1.1" 200 189
INFO "GET /static/admin/simpleui-x/locale/zh-hans.js HTTP/1.1" 200 1254
INFO "GET /static/admin/js/jquery.init.js HTTP/1.1" 200 347
INFO "GET /admin/courses/teacher/ HTTP/1.1" 302 0
INFO "GET /static/admin/simpleui-x/automatic/dicts.js HTTP/1.1" 200 12677
INFO "GET /admin/login/?next=/admin/ HTTP/1.1" 200 4074
INFO "GET /admin/login/?next=/admin/courses/teacher/ HTTP/1.1" 200 4106
INFO "GET /static/admin/simpleui-x/css/index.css.map HTTP/1.1" 304 0
INFO "GET /admin/ HTTP/1.1" 200 20516
INFO "GET /admin/courses/teacher/ HTTP/1.1" 200 34762
INFO "GET /admin/jsi18n/ HTTP/1.1" 200 8560
WARNING Not Found: /uploads/teacher/avatar.thumb_50x50.jpg
WARNING "GET /uploads/teacher/avatar.thumb_50x50.jpg HTTP/1.1" 404 2786
WARNING Not Found: /uploads/teacher/avatar.thumb_50x50.jpg
WARNING "GET /uploads/teacher/avatar.thumb_50x50.jpg HTTP/1.1" 404 2786
INFO "GET /admin/ HTTP/1.1" 200 20516
INFO "GET /admin/courses/teacher/ HTTP/1.1" 200 34762
INFO "GET /static/admin/simpleui-x/js/language.js?_=2.1.2 HTTP/1.1" 200 189
INFO "GET /admin/jsi18n/ HTTP/1.1" 200 8560
WARNING Not Found: /uploads/teacher/avatar.thumb_50x50.png
WARNING "GET /uploads/teacher/avatar.thumb_50x50.png HTTP/1.1" 404 2786
WARNING Not Found: /uploads/teacher/avatar.thumb_50x50.png
WARNING "GET /uploads/teacher/avatar.thumb_50x50.png HTTP/1.1" 404 2786
INFO "GET /admin/courses/teacher/ HTTP/1.1" 200 34762
INFO "GET /admin/jsi18n/ HTTP/1.1" 200 8560
WARNING Not Found: /uploads/teacher/avatar.thumb_50x50.png
WARNING "GET /uploads/teacher/avatar.thumb_50x50.png HTTP/1.1" 404 2786
INFO "GET /admin/courses/teacher/ HTTP/1.1" 200 34762
INFO "GET /admin/jsi18n/ HTTP/1.1" 200 8560
WARNING Not Found: /uploads/teacher/avatar.thumb_50x50.png
WARNING "GET /uploads/teacher/avatar.thumb_50x50.png HTTP/1.1" 404 2786
INFO "GET /admin/courses/teacher/ HTTP/1.1" 200 34762
INFO "GET /admin/jsi18n/ HTTP/1.1" 200 8560
WARNING Not Found: /uploads/teacher/avatar.thumb_50x50.png
WARNING "GET /uploads/teacher/avatar.thumb_50x50.png HTTP/1.1" 404 2786
INFO "GET /admin/courses/teacher/?o=3 HTTP/1.1" 200 35570
INFO "GET /admin/jsi18n/ HTTP/1.1" 200 8560
WARNING Not Found: /uploads/teacher/avatar.thumb_50x50.png
WARNING "GET /uploads/teacher/avatar.thumb_50x50.png HTTP/1.1" 404 2786
INFO "GET /static/admin/img/sorting-icons.svg HTTP/1.1" 200 1097
INFO "GET /admin/courses/teacher/?o=-3 HTTP/1.1" 200 35582
INFO "GET /admin/jsi18n/ HTTP/1.1" 200 8560
WARNING Not Found: /uploads/teacher/avatar.thumb_50x50.png
WARNING "GET /uploads/teacher/avatar.thumb_50x50.png HTTP/1.1" 404 2786
INFO "GET /admin/courses/teacher/add/?_changelist_filters=o%3D-3 HTTP/1.1" 200 15223
INFO "GET /admin/jsi18n/ HTTP/1.1" 200 8560
INFO "GET /static/ckeditor/ckeditor.css HTTP/1.1" 304 0
INFO "GET /static/ckeditor/fixups.js HTTP/1.1" 200 168
INFO "GET /static/admin/js/change_form.js HTTP/1.1" 200 606
INFO "GET /static/ckeditor/ckeditor/ckeditor.js HTTP/1.1" 304 0
INFO "GET /static/ckeditor/ckeditor-init.js HTTP/1.1" 304 0
INFO "GET /static/ckeditor/ckeditor/config.js?t=N5UC HTTP/1.1" 200 336
INFO "GET /static/ckeditor/ckeditor/skins/moono-lisa/editor_gecko.css?t=N5UC HTTP/1.1" 200 48390
INFO "GET /static/ckeditor/ckeditor/lang/zh-cn.js?t=N5UC HTTP/1.1" 200 17901
INFO "GET /static/ckeditor/ckeditor/styles.js?t=N5UC HTTP/1.1" 200 5577
INFO "GET /static/ckeditor/ckeditor/plugins/scayt/dialogs/dialog.css?t=N5UC HTTP/1.1" 304 0
INFO "GET /static/ckeditor/ckeditor/plugins/scayt/skins/moono-lisa/scayt.css?t=N5UC HTTP/1.1" 304 0
INFO "GET /static/ckeditor/ckeditor/plugins/tableselection/styles/tableselection.css?t=N5UC HTTP/1.1" 304 0
INFO "GET /static/ckeditor/ckeditor/plugins/copyformatting/styles/copyformatting.css?t=N5UC HTTP/1.1" 304 0
INFO "GET /static/ckeditor/ckeditor/plugins/dialog/styles/dialog.css?t=N5UC HTTP/1.1" 304 0
INFO "GET /static/ckeditor/ckeditor/skins/moono-lisa/icons.png?t=4a1fb11f44 HTTP/1.1" 200 12237
INFO "GET /static/ckeditor/ckeditor/contents.css?t=N5UC HTTP/1.1" 304 0
INFO "GET /admin/courses/teacher/?o=-3 HTTP/1.1" 200 35582
INFO "GET /admin/jsi18n/ HTTP/1.1" 200 8560
WARNING Not Found: /uploads/teacher/avatar.thumb_50x50.png
WARNING "GET /uploads/teacher/avatar.thumb_50x50.png HTTP/1.1" 404 2786
INFO "GET /admin/ HTTP/1.1" 200 20516
INFO "GET /admin/courses/teacher/ HTTP/1.1" 200 34762
INFO "GET /admin/jsi18n/ HTTP/1.1" 200 8560
WARNING Not Found: /uploads/teacher/avatar.thumb_50x50.png
WARNING "GET /uploads/teacher/avatar.thumb_50x50.png HTTP/1.1" 404 2786
INFO "GET /admin/courses/teacher/?o=1 HTTP/1.1" 200 35570
INFO "GET /admin/jsi18n/ HTTP/1.1" 200 8560
WARNING Not Found: /uploads/teacher/avatar.thumb_50x50.png
WARNING "GET /uploads/teacher/avatar.thumb_50x50.png HTTP/1.1" 404 2786
INFO "GET /admin/home/banner/ HTTP/1.1" 200 29534
INFO "GET /admin/jsi18n/ HTTP/1.1" 200 8560
INFO "GET /static/admin/img/icon-no.svg HTTP/1.1" 200 560
INFO "GET /uploads/banner/2022/1.jpg HTTP/1.1" 200 171972
INFO "GET /uploads/banner/2022/5.jpg HTTP/1.1" 200 158646
INFO "GET /uploads/banner/2022/2.jpg HTTP/1.1" 200 176325
INFO "GET /uploads/banner/2022/3.jpg HTTP/1.1" 200 443034
INFO "GET /uploads/banner/2022/4.jpg HTTP/1.1" 200 1312893
INFO "GET /admin/home/nav/ HTTP/1.1" 200 33338
INFO "GET /admin/jsi18n/ HTTP/1.1" 200 8560
INFO "GET /static/admin/img/icon-yes.svg HTTP/1.1" 200 436
INFO "GET /admin/courses/coursecategory/ HTTP/1.1" 200 32687
INFO "GET /admin/jsi18n/ HTTP/1.1" 200 8560
INFO "GET /admin/courses/teacher/ HTTP/1.1" 200 34762
INFO "GET /admin/jsi18n/ HTTP/1.1" 200 8560
WARNING Not Found: /uploads/teacher/avatar.thumb_50x50.png
WARNING "GET /uploads/teacher/avatar.thumb_50x50.png HTTP/1.1" 404 2786
INFO "GET /admin/courses/teacher/add/ HTTP/1.1" 200 15186
INFO "GET /admin/jsi18n/ HTTP/1.1" 200 8560
INFO "GET /admin/courses/teacher/ HTTP/1.1" 200 34762
INFO "GET /admin/jsi18n/ HTTP/1.1" 200 8560
WARNING Not Found: /uploads/teacher/avatar.thumb_50x50.png
WARNING "GET /uploads/teacher/avatar.thumb_50x50.png HTTP/1.1" 404 2786
INFO "GET /admin/courses/teacher/add/ HTTP/1.1" 200 15186
INFO "GET /admin/jsi18n/ HTTP/1.1" 200 8560
INFO "POST /admin/courses/teacher/add/ HTTP/1.1" 302 0
INFO "GET /admin/courses/teacher/ HTTP/1.1" 200 35746
INFO "GET /admin/jsi18n/ HTTP/1.1" 200 8560
WARNING Not Found: /uploads/teacher/avatar.thumb_50x50.png
INFO "GET /uploads/teacher/avatar_AGdUQZ0.thumb_50x50.png HTTP/1.1" 200 5910
WARNING "GET /uploads/teacher/avatar.thumb_50x50.png HTTP/1.1" 404 2786
INFO "GET /admin/home/banner/ HTTP/1.1" 200 29534
INFO "GET /admin/jsi18n/ HTTP/1.1" 200 8560
INFO "GET /admin/ HTTP/1.1" 302 0
INFO "GET /admin/login/?next=/admin/ HTTP/1.1" 200 4074
INFO "GET /static/admin/simpleui-x/css/index.css.map HTTP/1.1" 304 0
INFO "GET /static/admin/simpleui-x/theme/simpleui.css.map HTTP/1.1" 200 1935
INFO "GET /static/admin/simpleui-x/css/base.css.map HTTP/1.1" 200 2107
INFO /home/caoruchen/Desktop/luffycity/luffycityapi/luffycityapi/apps/users/admin.py changed, reloading.
INFO Watching for file changes with StatReloader
INFO /home/caoruchen/Desktop/luffycity/luffycityapi/luffycityapi/apps/users/admin.py changed, reloading.
INFO Watching for file changes with StatReloader
INFO /home/caoruchen/Desktop/luffycity/luffycityapi/luffycityapi/apps/users/models.py changed, reloading.
INFO Watching for file changes with StatReloader
INFO "GET /admin/ HTTP/1.1" 200 21126
INFO "GET /admin/home/banner/ HTTP/1.1" 200 29534
INFO "GET /admin/jsi18n/ HTTP/1.1" 200 8560
INFO "GET /static/admin/simpleui-x/theme/simpleui.css.map HTTP/1.1" 304 0
INFO "GET /static/admin/simpleui-x/css/base.css.map HTTP/1.1" 304 0
ERROR Internal Server Error: /admin/users/user/
Traceback (most recent call last):
  File "/home/caoruchen/anaconda3/envs/luffycity/lib/python3.8/site-packages/django/db/models/options.py", line 681, in get_field
    return self.fields_map[field_name]
KeyError: 'avatar_small'

During handling of the above exception, another exception occurred:

Traceback (most recent call last):
  File "/home/caoruchen/anaconda3/envs/luffycity/lib/python3.8/site-packages/django/contrib/admin/utils.py", line 272, in lookup_field
    f = _get_non_gfk_field(opts, name)
  File "/home/caoruchen/anaconda3/envs/luffycity/lib/python3.8/site-packages/django/contrib/admin/utils.py", line 303, in _get_non_gfk_field
    field = opts.get_field(name)
  File "/home/caoruchen/anaconda3/envs/luffycity/lib/python3.8/site-packages/django/db/models/options.py", line 683, in get_field
    raise FieldDoesNotExist(
django.core.exceptions.FieldDoesNotExist: User has no field named 'avatar_small'

During handling of the above exception, another exception occurred:

Traceback (most recent call last):
  File "/home/caoruchen/anaconda3/envs/luffycity/lib/python3.8/site-packages/django/core/handlers/exception.py", line 55, in inner
    response = get_response(request)
  File "/home/caoruchen/anaconda3/envs/luffycity/lib/python3.8/site-packages/django/core/handlers/base.py", line 220, in _get_response
    response = response.render()
  File "/home/caoruchen/anaconda3/envs/luffycity/lib/python3.8/site-packages/django/template/response.py", line 114, in render
    self.content = self.rendered_content
  File "/home/caoruchen/anaconda3/envs/luffycity/lib/python3.8/site-packages/django/template/response.py", line 92, in rendered_content
    return template.render(context, self._request)
  File "/home/caoruchen/anaconda3/envs/luffycity/lib/python3.8/site-packages/django/template/backends/django.py", line 61, in render
    return self.template.render(context)
  File "/home/caoruchen/anaconda3/envs/luffycity/lib/python3.8/site-packages/django/template/base.py", line 175, in render
    return self._render(context)
  File "/home/caoruchen/anaconda3/envs/luffycity/lib/python3.8/site-packages/django/template/base.py", line 167, in _render
    return self.nodelist.render(context)
  File "/home/caoruchen/anaconda3/envs/luffycity/lib/python3.8/site-packages/django/template/base.py", line 1005, in render
    return SafeString("".join([node.render_annotated(context) for node in self]))
  File "/home/caoruchen/anaconda3/envs/luffycity/lib/python3.8/site-packages/django/template/base.py", line 1005, in <listcomp>
    return SafeString("".join([node.render_annotated(context) for node in self]))
  File "/home/caoruchen/anaconda3/envs/luffycity/lib/python3.8/site-packages/django/template/base.py", line 966, in render_annotated
    return self.render(context)
  File "/home/caoruchen/anaconda3/envs/luffycity/lib/python3.8/site-packages/django/template/loader_tags.py", line 157, in render
    return compiled_parent._render(context)
  File "/home/caoruchen/anaconda3/envs/luffycity/lib/python3.8/site-packages/django/template/base.py", line 167, in _render
    return self.nodelist.render(context)
  File "/home/caoruchen/anaconda3/envs/luffycity/lib/python3.8/site-packages/django/template/base.py", line 1005, in render
    return SafeString("".join([node.render_annotated(context) for node in self]))
  File "/home/caoruchen/anaconda3/envs/luffycity/lib/python3.8/site-packages/django/template/base.py", line 1005, in <listcomp>
    return SafeString("".join([node.render_annotated(context) for node in self]))
  File "/home/caoruchen/anaconda3/envs/luffycity/lib/python3.8/site-packages/django/template/base.py", line 966, in render_annotated
    return self.render(context)
  File "/home/caoruchen/anaconda3/envs/luffycity/lib/python3.8/site-packages/django/template/loader_tags.py", line 157, in render
    return compiled_parent._render(context)
  File "/home/caoruchen/anaconda3/envs/luffycity/lib/python3.8/site-packages/django/template/base.py", line 167, in _render
    return self.nodelist.render(context)
  File "/home/caoruchen/anaconda3/envs/luffycity/lib/python3.8/site-packages/django/template/base.py", line 1005, in render
    return SafeString("".join([node.render_annotated(context) for node in self]))
  File "/home/caoruchen/anaconda3/envs/luffycity/lib/python3.8/site-packages/django/template/base.py", line 1005, in <listcomp>
    return SafeString("".join([node.render_annotated(context) for node in self]))
  File "/home/caoruchen/anaconda3/envs/luffycity/lib/python3.8/site-packages/django/template/base.py", line 966, in render_annotated
    return self.render(context)
  File "/home/caoruchen/anaconda3/envs/luffycity/lib/python3.8/site-packages/django/template/loader_tags.py", line 63, in render
    result = block.nodelist.render(context)
  File "/home/caoruchen/anaconda3/envs/luffycity/lib/python3.8/site-packages/django/template/base.py", line 1005, in render
    return SafeString("".join([node.render_annotated(context) for node in self]))
  File "/home/caoruchen/anaconda3/envs/luffycity/lib/python3.8/site-packages/django/template/base.py", line 1005, in <listcomp>
    return SafeString("".join([node.render_annotated(context) for node in self]))
  File "/home/caoruchen/anaconda3/envs/luffycity/lib/python3.8/site-packages/django/template/base.py", line 966, in render_annotated
    return self.render(context)
  File "/home/caoruchen/anaconda3/envs/luffycity/lib/python3.8/site-packages/django/template/loader_tags.py", line 63, in render
    result = block.nodelist.render(context)
  File "/home/caoruchen/anaconda3/envs/luffycity/lib/python3.8/site-packages/django/template/base.py", line 1005, in render
    return SafeString("".join([node.render_annotated(context) for node in self]))
  File "/home/caoruchen/anaconda3/envs/luffycity/lib/python3.8/site-packages/django/template/base.py", line 1005, in <listcomp>
    return SafeString("".join([node.render_annotated(context) for node in self]))
  File "/home/caoruchen/anaconda3/envs/luffycity/lib/python3.8/site-packages/django/template/base.py", line 966, in render_annotated
    return self.render(context)
  File "/home/caoruchen/anaconda3/envs/luffycity/lib/python3.8/site-packages/django/contrib/admin/templatetags/base.py", line 45, in render
    return super().render(context)
  File "/home/caoruchen/anaconda3/envs/luffycity/lib/python3.8/site-packages/django/template/library.py", line 258, in render
    _dict = self.func(*resolved_args, **resolved_kwargs)
  File "/home/caoruchen/anaconda3/envs/luffycity/lib/python3.8/site-packages/django/contrib/admin/templatetags/admin_list.py", line 336, in result_list
    "results": list(results(cl)),
  File "/home/caoruchen/anaconda3/envs/luffycity/lib/python3.8/site-packages/django/contrib/admin/templatetags/admin_list.py", line 312, in results
    yield ResultList(None, items_for_result(cl, res, None))
  File "/home/caoruchen/anaconda3/envs/luffycity/lib/python3.8/site-packages/django/contrib/admin/templatetags/admin_list.py", line 303, in __init__
    super().__init__(*items)
  File "/home/caoruchen/anaconda3/envs/luffycity/lib/python3.8/site-packages/django/contrib/admin/templatetags/admin_list.py", line 213, in items_for_result
    f, attr, value = lookup_field(field_name, result, cl.model_admin)
  File "/home/caoruchen/anaconda3/envs/luffycity/lib/python3.8/site-packages/django/contrib/admin/utils.py", line 285, in lookup_field
    value = attr()
  File "/home/caoruchen/Desktop/luffycity/luffycityapi/luffycityapi/apps/users/models.py", line 22, in avatar_small
    return mark_safe(f'<img style="border-radius: 100%;" src="{self.avatar.thumb_50x50.url}">')
AttributeError: 'ImageFieldFile' object has no attribute 'thumb_50x50'
ERROR "GET /admin/users/user/ HTTP/1.1" 500 451955
INFO /home/caoruchen/Desktop/luffycity/luffycityapi/luffycityapi/apps/users/models.py changed, reloading.
INFO Watching for file changes with StatReloader
INFO "GET /admin/ HTTP/1.1" 200 21126
INFO "GET /admin/users/user/ HTTP/1.1" 200 35907
INFO "GET /admin/jsi18n/ HTTP/1.1" 200 8560
WARNING Not Found: /uploads/avatar/1.thumb_50x50.jpeg
WARNING "GET /uploads/avatar/1.thumb_50x50.jpeg HTTP/1.1" 404 2766
INFO "GET /admin/users/user/add/ HTTP/1.1" 200 11171
INFO "GET /admin/jsi18n/ HTTP/1.1" 200 8560
INFO "GET /admin/users/user/ HTTP/1.1" 200 35907
INFO "GET /admin/jsi18n/ HTTP/1.1" 200 8560
WARNING Not Found: /uploads/avatar/1.thumb_50x50.jpeg
WARNING "GET /uploads/avatar/1.thumb_50x50.jpeg HTTP/1.1" 404 2766
INFO "GET /admin/users/user/add/ HTTP/1.1" 200 11171
INFO "GET /admin/jsi18n/ HTTP/1.1" 200 8560
INFO "POST /admin/users/user/add/ HTTP/1.1" 302 0
INFO "GET /admin/users/user/3/change/ HTTP/1.1" 200 23106
INFO "GET /static/admin/js/calendar.js HTTP/1.1" 200 8466
INFO "GET /static/admin/js/SelectBox.js HTTP/1.1" 200 4530
INFO "GET /static/admin/js/SelectFilter2.js HTTP/1.1" 200 15292
INFO "GET /static/admin/js/admin/DateTimeShortcuts.js HTTP/1.1" 200 19319
INFO "GET /admin/jsi18n/ HTTP/1.1" 200 8560
INFO "GET /static/admin/img/icon-addlink.svg HTTP/1.1" 200 331
INFO "GET /static/admin/img/icon-calendar.svg HTTP/1.1" 200 1086
INFO "GET /static/admin/img/search.svg HTTP/1.1" 200 458
INFO "GET /static/admin/img/icon-unknown.svg HTTP/1.1" 200 655
INFO "GET /static/admin/img/icon-clock.svg HTTP/1.1" 200 677
INFO "GET /static/admin/img/selector-icons.svg HTTP/1.1" 200 3291
INFO "GET /static/admin/img/icon-unknown-alt.svg HTTP/1.1" 200 655
INFO "GET /admin/users/user/add/ HTTP/1.1" 200 11180
INFO "GET /admin/jsi18n/ HTTP/1.1" 200 8560
INFO "GET /admin/users/user/3/change/ HTTP/1.1" 200 22883
INFO "GET /admin/jsi18n/ HTTP/1.1" 200 8560
INFO "GET /admin/users/user/add/ HTTP/1.1" 200 11180
INFO "GET /admin/jsi18n/ HTTP/1.1" 200 8560
INFO "GET /admin/users/user/3/change/ HTTP/1.1" 200 22883
INFO "GET /admin/jsi18n/ HTTP/1.1" 200 8560
INFO "GET /admin/home/banner/ HTTP/1.1" 200 29534
INFO "GET /admin/jsi18n/ HTTP/1.1" 200 8560
INFO "GET /admin/users/user/ HTTP/1.1" 200 36612
INFO "GET /admin/jsi18n/ HTTP/1.1" 200 8560
WARNING Not Found: /uploads/avatar/1.thumb_50x50.jpeg
WARNING "GET /uploads/avatar/1.thumb_50x50.jpeg HTTP/1.1" 404 2766
INFO Watching for file changes with StatReloader
WARNING Not Found: /
WARNING "GET / HTTP/1.1" 404 2619
INFO "GET /admin/ HTTP/1.1" 302 0
INFO "GET /admin/login/?next=/admin/ HTTP/1.1" 200 4074
INFO "GET /static/admin/simpleui-x/css/login.css?_=2.1 HTTP/1.1" 200 500
INFO "GET /static/admin/simpleui-x/particles/particles.js HTTP/1.1" 200 51264
INFO "GET /static/admin/simpleui-x/js/login.js?_=3.3 HTTP/1.1" 200 669
INFO "GET /static/admin/simpleui-x/fontawesome-free-6.2.0-web/css/all.min.css HTTP/1.1" 200 101784
INFO "GET /static/admin/simpleui-x/particles/app.js HTTP/1.1" 200 3728
INFO "GET /static/admin/simpleui-x/elementui/theme-chalk/index.css HTTP/1.1" 200 238628
INFO "GET /static/admin/simpleui-x/js/vue.min.js?_=2025.01.13 HTTP/1.1" 200 93675
INFO "GET /static/admin/simpleui-x/elementui/index.js?_=2025.01.13 HTTP/1.1" 200 586253
INFO "GET /uploads/logo.png HTTP/1.1" 200 362358
INFO "GET /static/admin/simpleui-x/img/bg.svg HTTP/1.1" 200 9547
INFO "GET /static/admin/simpleui-x/fontawesome-free-6.2.0-web/webfonts/fa-solid-900.woff2 HTTP/1.1" 200 150472
INFO "GET /static/admin/simpleui-x/elementui/theme-chalk/fonts/element-icons.woff HTTP/1.1" 200 28200
INFO "POST /admin/login/?next=/admin/ HTTP/1.1" 302 0
INFO "GET /admin/ HTTP/1.1" 200 21509
INFO "GET /static/admin/simpleui-x/waves/waves.min.css?_=2.1 HTTP/1.1" 200 3861
INFO "GET /static/admin/simpleui-x/css/index.css?_=3.2 HTTP/1.1" 200 6994
INFO "GET /static/admin/simpleui-x/locale/en-us.js?_=2025.01.13 HTTP/1.1" 200 811
INFO "GET /static/admin/simpleui-x/locale/zh-hans.js?_=2025.01.13 HTTP/1.1" 200 1254
INFO "GET /static/admin/simpleui-x/automatic/segment.js?_=2025.01.13 HTTP/1.1" 200 1194
INFO "GET /static/admin/simpleui-x/automatic/dicts.js?_=2025.01.13 HTTP/1.1" 200 12677
INFO "GET /static/admin/simpleui-x/js/cookie.js?_=2025.01.13 HTTP/1.1" 200 524
INFO "GET /static/admin/simpleui-x/theme/theme.js?_=2025.01.13 HTTP/1.1" 200 4274
INFO "GET /static/admin/simpleui-x/js/menu.js?_=2025.01.13 HTTP/1.1" 200 1216
INFO "GET /static/admin/simpleui-x/js/index.js?_=2025.01.13 HTTP/1.1" 200 21589
INFO "GET /static/admin/simpleui-x/waves/waves.min.js?_=2025.01.13 HTTP/1.1" 200 6329
INFO "GET /static/admin/simpleui-x/fontawesome-free-6.2.0-web/webfonts/fa-regular-400.woff2 HTTP/1.1" 200 25096
INFO "GET /static/admin/simpleui-x/fontawesome-free-6.2.0-web/webfonts/fa-brands-400.woff2 HTTP/1.1" 200 107460
ERROR Internal Server Error: /admin/courses/teacher/
Traceback (most recent call last):
  File "/home/caoruchen/anaconda3/envs/luffycity/lib/python3.8/site-packages/django/db/models/options.py", line 681, in get_field
    return self.fields_map[field_name]
KeyError: 'avatar_small'

During handling of the above exception, another exception occurred:

Traceback (most recent call last):
  File "/home/caoruchen/anaconda3/envs/luffycity/lib/python3.8/site-packages/django/contrib/admin/utils.py", line 272, in lookup_field
    f = _get_non_gfk_field(opts, name)
  File "/home/caoruchen/anaconda3/envs/luffycity/lib/python3.8/site-packages/django/contrib/admin/utils.py", line 303, in _get_non_gfk_field
    field = opts.get_field(name)
  File "/home/caoruchen/anaconda3/envs/luffycity/lib/python3.8/site-packages/django/db/models/options.py", line 683, in get_field
    raise FieldDoesNotExist(
django.core.exceptions.FieldDoesNotExist: Teacher has no field named 'avatar_small'

During handling of the above exception, another exception occurred:

Traceback (most recent call last):
  File "/home/caoruchen/anaconda3/envs/luffycity/lib/python3.8/site-packages/django/core/files/storage/handler.py", line 35, in __getitem__
    return self._storages[alias]
KeyError: 'default'

During handling of the above exception, another exception occurred:

Traceback (most recent call last):
  File "/home/caoruchen/anaconda3/envs/luffycity/lib/python3.8/site-packages/django/core/files/storage/handler.py", line 52, in create_storage
    storage_cls = import_string(backend)
  File "/home/caoruchen/anaconda3/envs/luffycity/lib/python3.8/site-packages/django/utils/module_loading.py", line 30, in import_string
    return cached_import(module_path, class_name)
  File "/home/caoruchen/anaconda3/envs/luffycity/lib/python3.8/site-packages/django/utils/module_loading.py", line 15, in cached_import
    module = import_module(module_path)
  File "/home/caoruchen/anaconda3/envs/luffycity/lib/python3.8/importlib/__init__.py", line 127, in import_module
    return _bootstrap._gcd_import(name[level:], package, level)
  File "<frozen importlib._bootstrap>", line 1014, in _gcd_import
  File "<frozen importlib._bootstrap>", line 991, in _find_and_load
  File "<frozen importlib._bootstrap>", line 975, in _find_and_load_unlocked
  File "<frozen importlib._bootstrap>", line 671, in _load_unlocked
  File "<frozen importlib._bootstrap_external>", line 843, in exec_module
  File "<frozen importlib._bootstrap>", line 219, in _call_with_frames_removed
  File "/home/caoruchen/anaconda3/envs/luffycity/lib/python3.8/site-packages/django_oss_storage/backends.py", line 17, in <module>
    from django.utils.encoding import force_text, force_bytes
ImportError: cannot import name 'force_text' from 'django.utils.encoding' (/home/caoruchen/anaconda3/envs/luffycity/lib/python3.8/site-packages/django/utils/encoding.py)

The above exception was the direct cause of the following exception:

Traceback (most recent call last):
  File "/home/caoruchen/anaconda3/envs/luffycity/lib/python3.8/site-packages/django/core/handlers/exception.py", line 55, in inner
    response = get_response(request)
  File "/home/caoruchen/anaconda3/envs/luffycity/lib/python3.8/site-packages/django/core/handlers/base.py", line 220, in _get_response
    response = response.render()
  File "/home/caoruchen/anaconda3/envs/luffycity/lib/python3.8/site-packages/django/template/response.py", line 114, in render
    self.content = self.rendered_content
  File "/home/caoruchen/anaconda3/envs/luffycity/lib/python3.8/site-packages/django/template/response.py", line 92, in rendered_content
    return template.render(context, self._request)
  File "/home/caoruchen/anaconda3/envs/luffycity/lib/python3.8/site-packages/django/template/backends/django.py", line 61, in render
    return self.template.render(context)
  File "/home/caoruchen/anaconda3/envs/luffycity/lib/python3.8/site-packages/django/template/base.py", line 175, in render
    return self._render(context)
  File "/home/caoruchen/anaconda3/envs/luffycity/lib/python3.8/site-packages/django/template/base.py", line 167, in _render
    return self.nodelist.render(context)
  File "/home/caoruchen/anaconda3/envs/luffycity/lib/python3.8/site-packages/django/template/base.py", line 1005, in render
    return SafeString("".join([node.render_annotated(context) for node in self]))
  File "/home/caoruchen/anaconda3/envs/luffycity/lib/python3.8/site-packages/django/template/base.py", line 1005, in <listcomp>
    return SafeString("".join([node.render_annotated(context) for node in self]))
  File "/home/caoruchen/anaconda3/envs/luffycity/lib/python3.8/site-packages/django/template/base.py", line 966, in render_annotated
    return self.render(context)
  File "/home/caoruchen/anaconda3/envs/luffycity/lib/python3.8/site-packages/django/template/loader_tags.py", line 157, in render
    return compiled_parent._render(context)
  File "/home/caoruchen/anaconda3/envs/luffycity/lib/python3.8/site-packages/django/template/base.py", line 167, in _render
    return self.nodelist.render(context)
  File "/home/caoruchen/anaconda3/envs/luffycity/lib/python3.8/site-packages/django/template/base.py", line 1005, in render
    return SafeString("".join([node.render_annotated(context) for node in self]))
  File "/home/caoruchen/anaconda3/envs/luffycity/lib/python3.8/site-packages/django/template/base.py", line 1005, in <listcomp>
    return SafeString("".join([node.render_annotated(context) for node in self]))
  File "/home/caoruchen/anaconda3/envs/luffycity/lib/python3.8/site-packages/django/template/base.py", line 966, in render_annotated
    return self.render(context)
  File "/home/caoruchen/anaconda3/envs/luffycity/lib/python3.8/site-packages/django/template/loader_tags.py", line 157, in render
    return compiled_parent._render(context)
  File "/home/caoruchen/anaconda3/envs/luffycity/lib/python3.8/site-packages/django/template/base.py", line 167, in _render
    return self.nodelist.render(context)
  File "/home/caoruchen/anaconda3/envs/luffycity/lib/python3.8/site-packages/django/template/base.py", line 1005, in render
    return SafeString("".join([node.render_annotated(context) for node in self]))
  File "/home/caoruchen/anaconda3/envs/luffycity/lib/python3.8/site-packages/django/template/base.py", line 1005, in <listcomp>
    return SafeString("".join([node.render_annotated(context) for node in self]))
  File "/home/caoruchen/anaconda3/envs/luffycity/lib/python3.8/site-packages/django/template/base.py", line 966, in render_annotated
    return self.render(context)
  File "/home/caoruchen/anaconda3/envs/luffycity/lib/python3.8/site-packages/django/template/loader_tags.py", line 63, in render
    result = block.nodelist.render(context)
  File "/home/caoruchen/anaconda3/envs/luffycity/lib/python3.8/site-packages/django/template/base.py", line 1005, in render
    return SafeString("".join([node.render_annotated(context) for node in self]))
  File "/home/caoruchen/anaconda3/envs/luffycity/lib/python3.8/site-packages/django/template/base.py", line 1005, in <listcomp>
    return SafeString("".join([node.render_annotated(context) for node in self]))
  File "/home/caoruchen/anaconda3/envs/luffycity/lib/python3.8/site-packages/django/template/base.py", line 966, in render_annotated
    return self.render(context)
  File "/home/caoruchen/anaconda3/envs/luffycity/lib/python3.8/site-packages/django/template/loader_tags.py", line 63, in render
    result = block.nodelist.render(context)
  File "/home/caoruchen/anaconda3/envs/luffycity/lib/python3.8/site-packages/django/template/base.py", line 1005, in render
    return SafeString("".join([node.render_annotated(context) for node in self]))
  File "/home/caoruchen/anaconda3/envs/luffycity/lib/python3.8/site-packages/django/template/base.py", line 1005, in <listcomp>
    return SafeString("".join([node.render_annotated(context) for node in self]))
  File "/home/caoruchen/anaconda3/envs/luffycity/lib/python3.8/site-packages/django/template/base.py", line 966, in render_annotated
    return self.render(context)
  File "/home/caoruchen/anaconda3/envs/luffycity/lib/python3.8/site-packages/django/contrib/admin/templatetags/base.py", line 45, in render
    return super().render(context)
  File "/home/caoruchen/anaconda3/envs/luffycity/lib/python3.8/site-packages/django/template/library.py", line 258, in render
    _dict = self.func(*resolved_args, **resolved_kwargs)
  File "/home/caoruchen/anaconda3/envs/luffycity/lib/python3.8/site-packages/django/contrib/admin/templatetags/admin_list.py", line 336, in result_list
    "results": list(results(cl)),
  File "/home/caoruchen/anaconda3/envs/luffycity/lib/python3.8/site-packages/django/contrib/admin/templatetags/admin_list.py", line 312, in results
    yield ResultList(None, items_for_result(cl, res, None))
  File "/home/caoruchen/anaconda3/envs/luffycity/lib/python3.8/site-packages/django/contrib/admin/templatetags/admin_list.py", line 303, in __init__
    super().__init__(*items)
  File "/home/caoruchen/anaconda3/envs/luffycity/lib/python3.8/site-packages/django/contrib/admin/templatetags/admin_list.py", line 213, in items_for_result
    f, attr, value = lookup_field(field_name, result, cl.model_admin)
  File "/home/caoruchen/anaconda3/envs/luffycity/lib/python3.8/site-packages/django/contrib/admin/utils.py", line 285, in lookup_field
    value = attr()
  File "/home/caoruchen/Desktop/luffycity/luffycityapi/luffycityapi/apps/courses/models.py", line 138, in avatar_small
    return mark_safe(f'<img style="border-radius: 100%;" src="{self.avatar.thumb_50x50.url}">')
  File "/home/caoruchen/anaconda3/envs/luffycity/lib/python3.8/site-packages/django/db/models/fields/files.py", line 67, in url
    return self.storage.url(self.name)
  File "/home/caoruchen/anaconda3/envs/luffycity/lib/python3.8/site-packages/django/utils/functional.py", line 266, in inner
    self._setup()
  File "/home/caoruchen/anaconda3/envs/luffycity/lib/python3.8/site-packages/django/core/files/storage/__init__.py", line 42, in _setup
    self._wrapped = storages[DEFAULT_STORAGE_ALIAS]
  File "/home/caoruchen/anaconda3/envs/luffycity/lib/python3.8/site-packages/django/core/files/storage/handler.py", line 43, in __getitem__
    storage = self.create_storage(params)
  File "/home/caoruchen/anaconda3/envs/luffycity/lib/python3.8/site-packages/django/core/files/storage/handler.py", line 54, in create_storage
    raise InvalidStorageError(f"Could not find backend {backend!r}: {e}") from e
django.core.files.storage.handler.InvalidStorageError: Could not find backend 'django_oss_storage.backends.OssMediaStorage': cannot import name 'force_text' from 'django.utils.encoding' (/home/caoruchen/anaconda3/envs/luffycity/lib/python3.8/site-packages/django/utils/encoding.py)
ERROR "GET /admin/courses/teacher/ HTTP/1.1" 500 525239
INFO Watching for file changes with StatReloader
INFO "GET /admin/ HTTP/1.1" 200 21509
ERROR Internal Server Error: /admin/courses/teacher/
Traceback (most recent call last):
  File "/home/caoruchen/anaconda3/envs/luffycity/lib/python3.8/site-packages/django/db/models/options.py", line 681, in get_field
    return self.fields_map[field_name]
KeyError: 'avatar_small'

During handling of the above exception, another exception occurred:

Traceback (most recent call last):
  File "/home/caoruchen/anaconda3/envs/luffycity/lib/python3.8/site-packages/django/contrib/admin/utils.py", line 272, in lookup_field
    f = _get_non_gfk_field(opts, name)
  File "/home/caoruchen/anaconda3/envs/luffycity/lib/python3.8/site-packages/django/contrib/admin/utils.py", line 303, in _get_non_gfk_field
    field = opts.get_field(name)
  File "/home/caoruchen/anaconda3/envs/luffycity/lib/python3.8/site-packages/django/db/models/options.py", line 683, in get_field
    raise FieldDoesNotExist(
django.core.exceptions.FieldDoesNotExist: Teacher has no field named 'avatar_small'

During handling of the above exception, another exception occurred:

Traceback (most recent call last):
  File "/home/caoruchen/anaconda3/envs/luffycity/lib/python3.8/site-packages/django/core/files/storage/handler.py", line 35, in __getitem__
    return self._storages[alias]
KeyError: 'default'

During handling of the above exception, another exception occurred:

Traceback (most recent call last):
  File "/home/caoruchen/anaconda3/envs/luffycity/lib/python3.8/site-packages/urllib3/connectionpool.py", line 466, in _make_request
    self._validate_conn(conn)
  File "/home/caoruchen/anaconda3/envs/luffycity/lib/python3.8/site-packages/urllib3/connectionpool.py", line 1095, in _validate_conn
    conn.connect()
  File "/home/caoruchen/anaconda3/envs/luffycity/lib/python3.8/site-packages/urllib3/connection.py", line 730, in connect
    sock_and_verified = _ssl_wrap_socket_and_match_hostname(
  File "/home/caoruchen/anaconda3/envs/luffycity/lib/python3.8/site-packages/urllib3/connection.py", line 909, in _ssl_wrap_socket_and_match_hostname
    ssl_sock = ssl_wrap_socket(
  File "/home/caoruchen/anaconda3/envs/luffycity/lib/python3.8/site-packages/urllib3/util/ssl_.py", line 469, in ssl_wrap_socket
    ssl_sock = _ssl_wrap_socket_impl(sock, context, tls_in_tls, server_hostname)
  File "/home/caoruchen/anaconda3/envs/luffycity/lib/python3.8/site-packages/urllib3/util/ssl_.py", line 513, in _ssl_wrap_socket_impl
    return ssl_context.wrap_socket(sock, server_hostname=server_hostname)
  File "/home/caoruchen/anaconda3/envs/luffycity/lib/python3.8/ssl.py", line 500, in wrap_socket
    return self.sslsocket_class._create(
  File "/home/caoruchen/anaconda3/envs/luffycity/lib/python3.8/ssl.py", line 1073, in _create
    self.do_handshake()
  File "/home/caoruchen/anaconda3/envs/luffycity/lib/python3.8/ssl.py", line 1342, in do_handshake
    self._sslobj.do_handshake()
ssl.SSLCertVerificationError: [SSL: CERTIFICATE_VERIFY_FAILED] certificate verify failed: Hostname mismatch, certificate is not valid for 'crc-lf-online.crc-lf-online.oss-cn-beijing.aliyuncs.com'. (_ssl.c:1149)

During handling of the above exception, another exception occurred:

Traceback (most recent call last):
  File "/home/caoruchen/anaconda3/envs/luffycity/lib/python3.8/site-packages/urllib3/connectionpool.py", line 789, in urlopen
    response = self._make_request(
  File "/home/caoruchen/anaconda3/envs/luffycity/lib/python3.8/site-packages/urllib3/connectionpool.py", line 490, in _make_request
    raise new_e
urllib3.exceptions.SSLError: [SSL: CERTIFICATE_VERIFY_FAILED] certificate verify failed: Hostname mismatch, certificate is not valid for 'crc-lf-online.crc-lf-online.oss-cn-beijing.aliyuncs.com'. (_ssl.c:1149)

The above exception was the direct cause of the following exception:

Traceback (most recent call last):
  File "/home/caoruchen/anaconda3/envs/luffycity/lib/python3.8/site-packages/requests/adapters.py", line 667, in send
    resp = conn.urlopen(
  File "/home/caoruchen/anaconda3/envs/luffycity/lib/python3.8/site-packages/urllib3/connectionpool.py", line 843, in urlopen
    retries = retries.increment(
  File "/home/caoruchen/anaconda3/envs/luffycity/lib/python3.8/site-packages/urllib3/util/retry.py", line 519, in increment
    raise MaxRetryError(_pool, url, reason) from reason  # type: ignore[arg-type]
urllib3.exceptions.MaxRetryError: HTTPSConnectionPool(host='crc-lf-online.crc-lf-online.oss-cn-beijing.aliyuncs.com', port=443): Max retries exceeded with url: /?acl= (Caused by SSLError(SSLCertVerificationError(1, "[SSL: CERTIFICATE_VERIFY_FAILED] certificate verify failed: Hostname mismatch, certificate is not valid for 'crc-lf-online.crc-lf-online.oss-cn-beijing.aliyuncs.com'. (_ssl.c:1149)")))

During handling of the above exception, another exception occurred:

Traceback (most recent call last):
  File "/home/caoruchen/anaconda3/envs/luffycity/lib/python3.8/site-packages/oss2/http.py", line 47, in do_request
    return Response(self.session.request(req.method, req.url,
  File "/home/caoruchen/anaconda3/envs/luffycity/lib/python3.8/site-packages/requests/sessions.py", line 589, in request
    resp = self.send(prep, **send_kwargs)
  File "/home/caoruchen/anaconda3/envs/luffycity/lib/python3.8/site-packages/requests/sessions.py", line 703, in send
    r = adapter.send(request, **kwargs)
  File "/home/caoruchen/anaconda3/envs/luffycity/lib/python3.8/site-packages/requests/adapters.py", line 698, in send
    raise SSLError(e, request=request)
requests.exceptions.SSLError: HTTPSConnectionPool(host='crc-lf-online.crc-lf-online.oss-cn-beijing.aliyuncs.com', port=443): Max retries exceeded with url: /?acl= (Caused by SSLError(SSLCertVerificationError(1, "[SSL: CERTIFICATE_VERIFY_FAILED] certificate verify failed: Hostname mismatch, certificate is not valid for 'crc-lf-online.crc-lf-online.oss-cn-beijing.aliyuncs.com'. (_ssl.c:1149)")))

During handling of the above exception, another exception occurred:

Traceback (most recent call last):
  File "/home/caoruchen/anaconda3/envs/luffycity/lib/python3.8/site-packages/django/core/handlers/exception.py", line 55, in inner
    response = get_response(request)
  File "/home/caoruchen/anaconda3/envs/luffycity/lib/python3.8/site-packages/django/core/handlers/base.py", line 220, in _get_response
    response = response.render()
  File "/home/caoruchen/anaconda3/envs/luffycity/lib/python3.8/site-packages/django/template/response.py", line 114, in render
    self.content = self.rendered_content
  File "/home/caoruchen/anaconda3/envs/luffycity/lib/python3.8/site-packages/django/template/response.py", line 92, in rendered_content
    return template.render(context, self._request)
  File "/home/caoruchen/anaconda3/envs/luffycity/lib/python3.8/site-packages/django/template/backends/django.py", line 61, in render
    return self.template.render(context)
  File "/home/caoruchen/anaconda3/envs/luffycity/lib/python3.8/site-packages/django/template/base.py", line 175, in render
    return self._render(context)
  File "/home/caoruchen/anaconda3/envs/luffycity/lib/python3.8/site-packages/django/template/base.py", line 167, in _render
    return self.nodelist.render(context)
  File "/home/caoruchen/anaconda3/envs/luffycity/lib/python3.8/site-packages/django/template/base.py", line 1005, in render
    return SafeString("".join([node.render_annotated(context) for node in self]))
  File "/home/caoruchen/anaconda3/envs/luffycity/lib/python3.8/site-packages/django/template/base.py", line 1005, in <listcomp>
    return SafeString("".join([node.render_annotated(context) for node in self]))
  File "/home/caoruchen/anaconda3/envs/luffycity/lib/python3.8/site-packages/django/template/base.py", line 966, in render_annotated
    return self.render(context)
  File "/home/caoruchen/anaconda3/envs/luffycity/lib/python3.8/site-packages/django/template/loader_tags.py", line 157, in render
    return compiled_parent._render(context)
  File "/home/caoruchen/anaconda3/envs/luffycity/lib/python3.8/site-packages/django/template/base.py", line 167, in _render
    return self.nodelist.render(context)
  File "/home/caoruchen/anaconda3/envs/luffycity/lib/python3.8/site-packages/django/template/base.py", line 1005, in render
    return SafeString("".join([node.render_annotated(context) for node in self]))
  File "/home/caoruchen/anaconda3/envs/luffycity/lib/python3.8/site-packages/django/template/base.py", line 1005, in <listcomp>
    return SafeString("".join([node.render_annotated(context) for node in self]))
  File "/home/caoruchen/anaconda3/envs/luffycity/lib/python3.8/site-packages/django/template/base.py", line 966, in render_annotated
    return self.render(context)
  File "/home/caoruchen/anaconda3/envs/luffycity/lib/python3.8/site-packages/django/template/loader_tags.py", line 157, in render
    return compiled_parent._render(context)
  File "/home/caoruchen/anaconda3/envs/luffycity/lib/python3.8/site-packages/django/template/base.py", line 167, in _render
    return self.nodelist.render(context)
  File "/home/caoruchen/anaconda3/envs/luffycity/lib/python3.8/site-packages/django/template/base.py", line 1005, in render
    return SafeString("".join([node.render_annotated(context) for node in self]))
  File "/home/caoruchen/anaconda3/envs/luffycity/lib/python3.8/site-packages/django/template/base.py", line 1005, in <listcomp>
    return SafeString("".join([node.render_annotated(context) for node in self]))
  File "/home/caoruchen/anaconda3/envs/luffycity/lib/python3.8/site-packages/django/template/base.py", line 966, in render_annotated
    return self.render(context)
  File "/home/caoruchen/anaconda3/envs/luffycity/lib/python3.8/site-packages/django/template/loader_tags.py", line 63, in render
    result = block.nodelist.render(context)
  File "/home/caoruchen/anaconda3/envs/luffycity/lib/python3.8/site-packages/django/template/base.py", line 1005, in render
    return SafeString("".join([node.render_annotated(context) for node in self]))
  File "/home/caoruchen/anaconda3/envs/luffycity/lib/python3.8/site-packages/django/template/base.py", line 1005, in <listcomp>
    return SafeString("".join([node.render_annotated(context) for node in self]))
  File "/home/caoruchen/anaconda3/envs/luffycity/lib/python3.8/site-packages/django/template/base.py", line 966, in render_annotated
    return self.render(context)
  File "/home/caoruchen/anaconda3/envs/luffycity/lib/python3.8/site-packages/django/template/loader_tags.py", line 63, in render
    result = block.nodelist.render(context)
  File "/home/caoruchen/anaconda3/envs/luffycity/lib/python3.8/site-packages/django/template/base.py", line 1005, in render
    return SafeString("".join([node.render_annotated(context) for node in self]))
  File "/home/caoruchen/anaconda3/envs/luffycity/lib/python3.8/site-packages/django/template/base.py", line 1005, in <listcomp>
    return SafeString("".join([node.render_annotated(context) for node in self]))
  File "/home/caoruchen/anaconda3/envs/luffycity/lib/python3.8/site-packages/django/template/base.py", line 966, in render_annotated
    return self.render(context)
  File "/home/caoruchen/anaconda3/envs/luffycity/lib/python3.8/site-packages/django/contrib/admin/templatetags/base.py", line 45, in render
    return super().render(context)
  File "/home/caoruchen/anaconda3/envs/luffycity/lib/python3.8/site-packages/django/template/library.py", line 258, in render
    _dict = self.func(*resolved_args, **resolved_kwargs)
  File "/home/caoruchen/anaconda3/envs/luffycity/lib/python3.8/site-packages/django/contrib/admin/templatetags/admin_list.py", line 336, in result_list
    "results": list(results(cl)),
  File "/home/caoruchen/anaconda3/envs/luffycity/lib/python3.8/site-packages/django/contrib/admin/templatetags/admin_list.py", line 312, in results
    yield ResultList(None, items_for_result(cl, res, None))
  File "/home/caoruchen/anaconda3/envs/luffycity/lib/python3.8/site-packages/django/contrib/admin/templatetags/admin_list.py", line 303, in __init__
    super().__init__(*items)
  File "/home/caoruchen/anaconda3/envs/luffycity/lib/python3.8/site-packages/django/contrib/admin/templatetags/admin_list.py", line 213, in items_for_result
    f, attr, value = lookup_field(field_name, result, cl.model_admin)
  File "/home/caoruchen/anaconda3/envs/luffycity/lib/python3.8/site-packages/django/contrib/admin/utils.py", line 285, in lookup_field
    value = attr()
  File "/home/caoruchen/Desktop/luffycity/luffycityapi/luffycityapi/apps/courses/models.py", line 138, in avatar_small
    return mark_safe(f'<img style="border-radius: 100%;" src="{self.avatar.thumb_50x50.url}">')
  File "/home/caoruchen/anaconda3/envs/luffycity/lib/python3.8/site-packages/django/db/models/fields/files.py", line 67, in url
    return self.storage.url(self.name)
  File "/home/caoruchen/anaconda3/envs/luffycity/lib/python3.8/site-packages/django/utils/functional.py", line 266, in inner
    self._setup()
  File "/home/caoruchen/anaconda3/envs/luffycity/lib/python3.8/site-packages/django/core/files/storage/__init__.py", line 42, in _setup
    self._wrapped = storages[DEFAULT_STORAGE_ALIAS]
  File "/home/caoruchen/anaconda3/envs/luffycity/lib/python3.8/site-packages/django/core/files/storage/handler.py", line 43, in __getitem__
    storage = self.create_storage(params)
  File "/home/caoruchen/anaconda3/envs/luffycity/lib/python3.8/site-packages/django/core/files/storage/handler.py", line 55, in create_storage
    return storage_cls(**options)
  File "/home/caoruchen/anaconda3/envs/luffycity/lib/python3.8/site-packages/django_oss_storage/backends.py", line 234, in __init__
    super(OssMediaStorage, self).__init__()
  File "/home/caoruchen/anaconda3/envs/luffycity/lib/python3.8/site-packages/django_oss_storage/backends.py", line 72, in __init__
    self.bucket_acl = self.bucket.get_bucket_acl().acl
  File "/home/caoruchen/anaconda3/envs/luffycity/lib/python3.8/site-packages/oss2/api.py", line 1901, in get_bucket_acl
    resp = self.__do_bucket('GET', params={Bucket.ACL: ''})
  File "/home/caoruchen/anaconda3/envs/luffycity/lib/python3.8/site-packages/oss2/api.py", line 3395, in __do_bucket
    return self._do(method, self.bucket_name, '', **kwargs)
  File "/home/caoruchen/anaconda3/envs/luffycity/lib/python3.8/site-packages/oss2/api.py", line 237, in _do
    resp = self.session.do_request(req, timeout=self.timeout)
  File "/home/caoruchen/anaconda3/envs/luffycity/lib/python3.8/site-packages/oss2/http.py", line 55, in do_request
    raise RequestError(e)
oss2.exceptions.RequestError: {'status': -2, 'x-oss-request-id': '', 'details': 'RequestError: HTTPSConnectionPool(host=\'crc-lf-online.crc-lf-online.oss-cn-beijing.aliyuncs.com\', port=443): Max retries exceeded with url: /?acl= (Caused by SSLError(SSLCertVerificationError(1, "[SSL: CERTIFICATE_VERIFY_FAILED] certificate verify failed: Hostname mismatch, certificate is not valid for \'crc-lf-online.crc-lf-online.oss-cn-beijing.aliyuncs.com\'. (_ssl.c:1149)")))'}
ERROR "GET /admin/courses/teacher/ HTTP/1.1" 500 614725
INFO /home/caoruchen/Desktop/luffycity/luffycityapi/luffycityapi/settings/dev.py changed, reloading.
INFO Watching for file changes with StatReloader
INFO "GET /admin/ HTTP/1.1" 200 21509
INFO "GET /admin/courses/teacher/ HTTP/1.1" 200 35878
INFO "GET /static/admin/css/base.css?_=2.7 HTTP/1.1" 200 21310
INFO "GET /static/admin/simpleui-x/css/base.css?_=2.7 HTTP/1.1" 200 4829
INFO "GET /static/admin/simpleui-x/js/language.js?_=2.1.2 HTTP/1.1" 200 189
INFO "GET /static/admin/simpleui-x/js/cookie.js HTTP/1.1" 200 524
INFO "GET /static/admin/simpleui-x/theme/simpleui.css HTTP/1.1" 200 4270
INFO "GET /static/admin/simpleui-x/locale/en-us.js?_=2.1.2 HTTP/1.1" 200 811
INFO "GET /static/admin/css/changelists.css?_=20180905 HTTP/1.1" 200 6566
INFO "GET /static/admin/simpleui-x/locale/zh-hans.js HTTP/1.1" 200 1254
INFO "GET /static/admin/js/jquery.init.js HTTP/1.1" 200 347
INFO "GET /static/admin/js/vendor/jquery/jquery.js HTTP/1.1" 200 292458
INFO "GET /admin/jsi18n/ HTTP/1.1" 200 8560
INFO "GET /static/admin/js/core.js HTTP/1.1" 200 5682
INFO "GET /static/admin/js/admin/RelatedObjectLookups.js HTTP/1.1" 200 8943
INFO "GET /static/admin/js/actions.js HTTP/1.1" 200 7872
INFO "GET /static/admin/js/urlify.js HTTP/1.1" 200 7887
INFO "GET /static/admin/js/prepopulate.js HTTP/1.1" 200 1531
INFO "GET /static/admin/css/responsive.css?_=20180905 HTTP/1.1" 200 18559
INFO "GET /static/admin/js/vendor/xregexp/xregexp.js HTTP/1.1" 200 232381
INFO "GET /static/admin/js/vendor/jquery/jquery.min.js HTTP/1.1" 200 89795
INFO "GET /static/admin/simpleui-x/automatic/dicts.js HTTP/1.1" 200 12677
INFO "GET /static/admin/simpleui-x/automatic/segment.js HTTP/1.1" 200 1194
INFO "GET /static/admin/simpleui-x/js/axios.min.js HTTP/1.1" 200 14237
INFO "GET /static/admin/simpleui-x/css/index.css.map HTTP/1.1" 200 3480
INFO "GET /static/admin/simpleui-x/theme/simpleui.css.map HTTP/1.1" 200 1935
INFO "GET /static/admin/simpleui-x/css/base.css.map HTTP/1.1" 200 2107
INFO "GET /admin/ HTTP/1.1" 200 21509
INFO "GET /admin/courses/teacher/ HTTP/1.1" 200 35878
INFO "GET /admin/jsi18n/ HTTP/1.1" 200 8560
INFO "GET /admin/courses/course/ HTTP/1.1" 200 27482
INFO "GET /admin/jsi18n/ HTTP/1.1" 200 8560
INFO "GET /admin/courses/coursecategory/ HTTP/1.1" 200 32687
INFO "GET /admin/jsi18n/ HTTP/1.1" 200 8560
INFO "GET /static/admin/img/sorting-icons.svg HTTP/1.1" 200 1097
INFO "GET /admin/courses/coursechapter/ HTTP/1.1" 200 25375
INFO "GET /admin/jsi18n/ HTTP/1.1" 200 8560
INFO "GET /admin/courses/courselesson/ HTTP/1.1" 200 26889
INFO "GET /admin/jsi18n/ HTTP/1.1" 200 8560
INFO "GET /admin/courses/coursedirection/ HTTP/1.1" 200 39998
INFO "GET /admin/jsi18n/ HTTP/1.1" 200 8560
INFO "GET /static/admin/img/icon-no.svg HTTP/1.1" 200 560
INFO "GET /admin/home/banner/ HTTP/1.1" 200 29779
INFO "GET /admin/jsi18n/ HTTP/1.1" 200 8560
INFO /home/caoruchen/Desktop/luffycity/luffycityapi/luffycityapi/settings/dev.py changed, reloading.
INFO Watching for file changes with StatReloader
INFO /home/caoruchen/Desktop/luffycity/luffycityapi/luffycityapi/apps/courses/views.py changed, reloading.
INFO Watching for file changes with StatReloader
INFO /home/caoruchen/Desktop/luffycity/luffycityapi/luffycityapi/apps/courses/urls.py changed, reloading.
INFO Watching for file changes with StatReloader
INFO /home/caoruchen/Desktop/luffycity/luffycityapi/luffycityapi/apps/courses/urls.py changed, reloading.
INFO Watching for file changes with StatReloader
INFO /home/caoruchen/Desktop/luffycity/luffycityapi/luffycityapi/apps/courses/models.py changed, reloading.
INFO Watching for file changes with StatReloader
INFO /home/caoruchen/Desktop/luffycity/luffycityapi/luffycityapi/apps/courses/urls.py changed, reloading.
INFO Watching for file changes with StatReloader
WARNING Not Found: /
WARNING "GET / HTTP/1.1" 404 2619
WARNING Not Found: /favicon.ico
WARNING Not Found: /
WARNING "GET / HTTP/1.1" 404 2626
WARNING Not Found: /api/courses
WARNING "GET /api/courses HTTP/1.1" 404 2677
WARNING Not Found: /
WARNING "GET / HTTP/1.1" 404 2619
WARNING Not Found: /api/courses
WARNING "GET /api/courses HTTP/1.1" 404 2670
WARNING Not Found: /api/courses/
WARNING "GET /api/courses/ HTTP/1.1" 404 2673
INFO "GET /home/nav/header/ HTTP/1.1" 200 290
INFO "GET /home/nav/footer/ HTTP/1.1" 200 386
INFO "GET /home/banner/ HTTP/1.1" 200 666
INFO "GET /courses/category/ HTTP/1.1" 200 2
INFO "GET /courses/directions/ HTTP/1.1" 200 359
INFO "GET /courses/directions/ HTTP/1.1" 200 359
INFO "GET /courses/category/ HTTP/1.1" 200 2
INFO "GET /courses/category/ HTTP/1.1" 200 2
INFO "GET /courses/directions/ HTTP/1.1" 200 359
INFO "GET /courses/directions/ HTTP/1.1" 200 359
INFO "GET /courses/category/ HTTP/1.1" 200 2
INFO "GET /courses/directions/ HTTP/1.1" 200 359
INFO "GET /courses/category/ HTTP/1.1" 200 2
INFO "GET /courses/category/ HTTP/1.1" 200 2
INFO "GET /courses/directions/ HTTP/1.1" 200 359
INFO "GET /courses/category/ HTTP/1.1" 200 2
INFO "GET /courses/directions/ HTTP/1.1" 200 359
INFO "GET /courses/category/ HTTP/1.1" 200 2
INFO "GET /courses/directions/ HTTP/1.1" 200 359
INFO "GET /courses/directions/ HTTP/1.1" 200 359
INFO "GET /courses/category/ HTTP/1.1" 200 2
INFO "GET /courses/directions/ HTTP/1.1" 200 359
INFO "GET /courses/category/ HTTP/1.1" 200 2
INFO "GET /home/nav/header/ HTTP/1.1" 200 290
INFO "GET /home/nav/footer/ HTTP/1.1" 200 386
INFO "GET /courses/directions/ HTTP/1.1" 200 359
INFO "GET /courses/category/ HTTP/1.1" 200 2
INFO "GET /courses/category/ HTTP/1.1" 200 2
INFO "GET /courses/directions/ HTTP/1.1" 200 359
INFO "GET /courses/category/ HTTP/1.1" 200 2
INFO "GET /courses/directions/ HTTP/1.1" 200 359
INFO "GET /courses/directions/ HTTP/1.1" 200 359
INFO "GET /courses/category/ HTTP/1.1" 200 2
INFO "GET /courses/directions/ HTTP/1.1" 200 359
INFO "GET /courses/category/ HTTP/1.1" 200 2
INFO "GET /courses/directions/ HTTP/1.1" 200 359
INFO "GET /courses/category/ HTTP/1.1" 200 2025
INFO "GET /courses/directions/ HTTP/1.1" 200 359
INFO "GET /courses/category/ HTTP/1.1" 200 3333
INFO "GET /courses/category/ HTTP/1.1" 200 3333
INFO "GET /courses/directions/ HTTP/1.1" 200 359
INFO "GET /courses/directions/ HTTP/1.1" 200 359
INFO "GET /courses/category/ HTTP/1.1" 200 3333
INFO "GET /courses/directions/ HTTP/1.1" 200 359
INFO "GET /courses/category/ HTTP/1.1" 200 3333
INFO "GET /courses/directions/ HTTP/1.1" 200 359
INFO "GET /courses/category/ HTTP/1.1" 200 3333
INFO "GET /courses/directions/ HTTP/1.1" 200 359
INFO "GET /courses/category/ HTTP/1.1" 200 3333
INFO "GET /courses/directions/ HTTP/1.1" 200 359
INFO "GET /courses/category/ HTTP/1.1" 200 3333
INFO /home/caoruchen/Desktop/luffycity/luffycityapi/luffycityapi/apps/courses/urls.py changed, reloading.
INFO Watching for file changes with StatReloader
INFO /home/caoruchen/Desktop/luffycity/luffycityapi/luffycityapi/apps/courses/views.py changed, reloading.
INFO Watching for file changes with StatReloader
INFO /home/caoruchen/Desktop/luffycity/luffycityapi/luffycityapi/apps/courses/urls.py changed, reloading.
INFO Watching for file changes with StatReloader
INFO /home/caoruchen/Desktop/luffycity/luffycityapi/luffycityapi/apps/courses/views.py changed, reloading.
INFO Watching for file changes with StatReloader
INFO /home/caoruchen/Desktop/luffycity/luffycityapi/luffycityapi/apps/courses/views.py changed, reloading.
INFO Watching for file changes with StatReloader
INFO /home/caoruchen/Desktop/luffycity/luffycityapi/luffycityapi/apps/courses/views.py changed, reloading.
INFO Watching for file changes with StatReloader
INFO "GET /courses/directions/ HTTP/1.1" 200 359
INFO "GET /courses/category/0 HTTP/1.1" 301 0
ERROR Internal Server Error: /courses/category/0/
Traceback (most recent call last):
  File "/home/caoruchen/anaconda3/envs/luffycity/lib/python3.8/site-packages/django/core/handlers/exception.py", line 55, in inner
    response = get_response(request)
  File "/home/caoruchen/anaconda3/envs/luffycity/lib/python3.8/site-packages/django/core/handlers/base.py", line 197, in _get_response
    response = wrapped_callback(request, *callback_args, **callback_kwargs)
  File "/home/caoruchen/anaconda3/envs/luffycity/lib/python3.8/site-packages/django/views/decorators/csrf.py", line 56, in wrapper_view
    return view_func(*args, **kwargs)
  File "/home/caoruchen/anaconda3/envs/luffycity/lib/python3.8/site-packages/django/views/generic/base.py", line 104, in view
    return self.dispatch(request, *args, **kwargs)
  File "/home/caoruchen/anaconda3/envs/luffycity/lib/python3.8/site-packages/rest_framework/views.py", line 509, in dispatch
    response = self.handle_exception(exc)
  File "/home/caoruchen/anaconda3/envs/luffycity/lib/python3.8/site-packages/rest_framework/views.py", line 469, in handle_exception
    self.raise_uncaught_exception(exc)
  File "/home/caoruchen/anaconda3/envs/luffycity/lib/python3.8/site-packages/rest_framework/views.py", line 480, in raise_uncaught_exception
    raise exc
  File "/home/caoruchen/anaconda3/envs/luffycity/lib/python3.8/site-packages/rest_framework/views.py", line 506, in dispatch
    response = handler(request, *args, **kwargs)
  File "/home/caoruchen/anaconda3/envs/luffycity/lib/python3.8/site-packages/rest_framework/generics.py", line 203, in get
    return self.list(request, *args, **kwargs)
  File "/home/caoruchen/anaconda3/envs/luffycity/lib/python3.8/site-packages/rest_framework/mixins.py", line 38, in list
    queryset = self.filter_queryset(self.get_queryset())
  File "/home/caoruchen/Desktop/luffycity/luffycityapi/luffycityapi/apps/courses/views.py", line 21, in get_queryset
    if direction and direction > 0:
TypeError: '>' not supported between instances of 'str' and 'int'
ERROR "GET /courses/category/0/ HTTP/1.1" 500 106014
INFO /home/caoruchen/Desktop/luffycity/luffycityapi/luffycityapi/apps/courses/views.py changed, reloading.
INFO Watching for file changes with StatReloader
INFO "GET /courses/directions/ HTTP/1.1" 200 359
ERROR Internal Server Error: /courses/category/0/
Traceback (most recent call last):
  File "/home/caoruchen/anaconda3/envs/luffycity/lib/python3.8/site-packages/django/core/handlers/exception.py", line 55, in inner
    response = get_response(request)
  File "/home/caoruchen/anaconda3/envs/luffycity/lib/python3.8/site-packages/django/core/handlers/base.py", line 197, in _get_response
    response = wrapped_callback(request, *callback_args, **callback_kwargs)
  File "/home/caoruchen/anaconda3/envs/luffycity/lib/python3.8/site-packages/django/views/decorators/csrf.py", line 56, in wrapper_view
    return view_func(*args, **kwargs)
  File "/home/caoruchen/anaconda3/envs/luffycity/lib/python3.8/site-packages/django/views/generic/base.py", line 104, in view
    return self.dispatch(request, *args, **kwargs)
  File "/home/caoruchen/anaconda3/envs/luffycity/lib/python3.8/site-packages/rest_framework/views.py", line 509, in dispatch
    response = self.handle_exception(exc)
  File "/home/caoruchen/anaconda3/envs/luffycity/lib/python3.8/site-packages/rest_framework/views.py", line 469, in handle_exception
    self.raise_uncaught_exception(exc)
  File "/home/caoruchen/anaconda3/envs/luffycity/lib/python3.8/site-packages/rest_framework/views.py", line 480, in raise_uncaught_exception
    raise exc
  File "/home/caoruchen/anaconda3/envs/luffycity/lib/python3.8/site-packages/rest_framework/views.py", line 506, in dispatch
    response = handler(request, *args, **kwargs)
  File "/home/caoruchen/anaconda3/envs/luffycity/lib/python3.8/site-packages/rest_framework/generics.py", line 203, in get
    return self.list(request, *args, **kwargs)
  File "/home/caoruchen/anaconda3/envs/luffycity/lib/python3.8/site-packages/rest_framework/mixins.py", line 38, in list
    queryset = self.filter_queryset(self.get_queryset())
  File "/home/caoruchen/Desktop/luffycity/luffycityapi/luffycityapi/apps/courses/views.py", line 21, in get_queryset
    if direction and direction > 0:
TypeError: '>' not supported between instances of 'str' and 'int'
ERROR "GET /courses/category/0/ HTTP/1.1" 500 106014
INFO /home/caoruchen/Desktop/luffycity/luffycityapi/luffycityapi/apps/courses/urls.py changed, reloading.
INFO Watching for file changes with StatReloader
INFO "GET /courses/directions/ HTTP/1.1" 200 359
INFO "GET /courses/category/0/ HTTP/1.1" 200 3333
INFO "GET /courses/directions/ HTTP/1.1" 200 359
INFO "GET /courses/category/0/ HTTP/1.1" 200 3333
INFO "GET /courses/directions/ HTTP/1.1" 200 359
INFO "GET /courses/category/0/ HTTP/1.1" 200 3333
INFO "GET /courses/directions/ HTTP/1.1" 200 359
INFO "GET /courses/category/0/ HTTP/1.1" 200 3333
INFO "GET /courses/directions/ HTTP/1.1" 200 359
INFO "GET /courses/category/0/ HTTP/1.1" 200 3333
INFO "GET /courses/directions/ HTTP/1.1" 200 359
INFO "GET /courses/category/0/ HTTP/1.1" 200 3333
INFO "GET /courses/directions/ HTTP/1.1" 200 359
INFO "GET /courses/category/0/ HTTP/1.1" 200 3333
INFO "GET /courses/directions/ HTTP/1.1" 200 359
INFO "GET /courses/category/0/ HTTP/1.1" 200 3333
INFO "GET /courses/directions/ HTTP/1.1" 200 359
INFO "GET /courses/category/0/ HTTP/1.1" 200 3333
INFO "GET /courses/directions/ HTTP/1.1" 200 359
INFO "GET /courses/category/0/ HTTP/1.1" 200 3333
INFO "GET /courses/category/1 HTTP/1.1" 301 0
INFO "GET /courses/category/1/ HTTP/1.1" 200 286
INFO "GET /courses/category/2 HTTP/1.1" 301 0
INFO "GET /courses/category/2/ HTTP/1.1" 200 148
INFO "GET /courses/category/3 HTTP/1.1" 301 0
INFO "GET /courses/category/3/ HTTP/1.1" 200 180
INFO "GET /courses/category/4 HTTP/1.1" 301 0
INFO "GET /courses/category/4/ HTTP/1.1" 200 334
INFO "GET /courses/category/5 HTTP/1.1" 301 0
INFO "GET /courses/category/5/ HTTP/1.1" 200 417
INFO "GET /courses/category/6 HTTP/1.1" 301 0
INFO "GET /courses/category/6/ HTTP/1.1" 200 427
INFO "GET /courses/category/7 HTTP/1.1" 301 0
INFO "GET /courses/category/7/ HTTP/1.1" 200 204
INFO "GET /courses/category/9 HTTP/1.1" 301 0
INFO "GET /courses/category/9/ HTTP/1.1" 200 425
INFO "GET /courses/category/8 HTTP/1.1" 301 0
INFO "GET /courses/category/8/ HTTP/1.1" 200 292
INFO Watching for file changes with StatReloader
INFO "GET /home/nav/footer/ HTTP/1.1" 200 386
INFO "GET /home/nav/header/ HTTP/1.1" 200 290
INFO "GET /home/banner/ HTTP/1.1" 200 666
INFO "GET /courses/category/0 HTTP/1.1" 301 0
INFO "GET /courses/directions/ HTTP/1.1" 200 359
INFO "GET /courses/category/0/ HTTP/1.1" 200 3333
INFO "GET /courses/directions/ HTTP/1.1" 200 359
INFO "GET /courses/category/0/ HTTP/1.1" 200 3333
INFO "GET /courses/directions/ HTTP/1.1" 200 359
INFO "GET /courses/category/0/ HTTP/1.1" 200 3333
INFO "GET /courses/directions/ HTTP/1.1" 200 359
INFO "GET /courses/category/0/ HTTP/1.1" 200 3333
INFO "GET /courses/directions/ HTTP/1.1" 200 359
INFO "GET /courses/category/0/ HTTP/1.1" 200 3333
INFO "GET /courses/directions/ HTTP/1.1" 200 359
INFO "GET /courses/category/0/ HTTP/1.1" 200 3333
INFO "GET /courses/0/0/ HTTP/1.1" 200 6923
INFO "GET /courses/category/0/ HTTP/1.1" 200 3333
INFO "GET /courses/directions/ HTTP/1.1" 200 359
INFO "GET /courses/0/0/ HTTP/1.1" 200 6927
INFO "GET /courses/directions/ HTTP/1.1" 200 359
INFO "GET /courses/0/0/ HTTP/1.1" 200 6924
INFO "GET /courses/category/0/ HTTP/1.1" 200 3333
INFO "GET /courses/directions/ HTTP/1.1" 200 359
INFO "GET /courses/0/0/ HTTP/1.1" 200 6923
INFO "GET /courses/category/0/ HTTP/1.1" 200 3333
INFO "GET /courses/1/0/ HTTP/1.1" 200 697
INFO "GET /courses/category/1/ HTTP/1.1" 200 286
INFO "GET /courses/category/2/ HTTP/1.1" 200 148
INFO "GET /courses/2/0/ HTTP/1.1" 200 1389
INFO "GET /courses/category/3/ HTTP/1.1" 200 180
INFO "GET /courses/3/0/ HTTP/1.1" 200 1036
INFO "GET /courses/category/4/ HTTP/1.1" 200 334
INFO "GET /courses/4/0/ HTTP/1.1" 200 1034
INFO "GET /courses/5/0/ HTTP/1.1" 200 1042
INFO "GET /courses/category/5/ HTTP/1.1" 200 417
INFO "GET /courses/category/6/ HTTP/1.1" 200 427
INFO "GET /courses/6/0/ HTTP/1.1" 200 346
INFO "GET /courses/7/0/ HTTP/1.1" 200 2
INFO "GET /courses/category/7/ HTTP/1.1" 200 204
INFO "GET /courses/directions/ HTTP/1.1" 200 359
INFO "GET /courses/0/0/ HTTP/1.1" 200 6930
INFO "GET /courses/category/0/ HTTP/1.1" 200 3333
INFO /home/caoruchen/Desktop/luffycity/luffycityapi/luffycityapi/apps/courses/views.py changed, reloading.
INFO Watching for file changes with StatReloader
INFO "GET /courses/directions/ HTTP/1.1" 200 359
INFO "GET /courses/category/0/ HTTP/1.1" 200 3333
INFO "GET /courses/0/0/ HTTP/1.1" 200 6925
INFO "GET /courses/category/0/ HTTP/1.1" 200 3333
INFO "GET /courses/0/0/?ordering=-id HTTP/1.1" 200 6922
INFO "GET /courses/directions/ HTTP/1.1" 200 359
INFO "GET /courses/directions/ HTTP/1.1" 200 359
INFO "GET /courses/0/0/?ordering=-id HTTP/1.1" 200 6925
INFO "GET /courses/category/0/ HTTP/1.1" 200 3333
INFO "GET /courses/0/0/?ordering=-id HTTP/1.1" 200 6928
INFO "GET /courses/directions/ HTTP/1.1" 200 359
INFO "GET /courses/category/0/ HTTP/1.1" 200 3333
INFO "GET /courses/0/1/?ordering=-id HTTP/1.1" 200 2
INFO "GET /courses/0/2/?ordering=-id HTTP/1.1" 200 347
INFO "GET /courses/0/3/?ordering=-id HTTP/1.1" 200 2
INFO "GET /courses/0/1/?ordering=-id HTTP/1.1" 200 2
INFO "GET /courses/category/1/ HTTP/1.1" 200 286
INFO "GET /courses/1/0/?ordering=-id HTTP/1.1" 200 696
INFO "GET /courses/1/0/?ordering=-id HTTP/1.1" 200 697
INFO "GET /courses/2/0/?ordering=-id HTTP/1.1" 200 1389
INFO "GET /courses/category/2/ HTTP/1.1" 200 148
INFO "GET /courses/category/3/ HTTP/1.1" 200 180
INFO "GET /courses/3/0/?ordering=-id HTTP/1.1" 200 1036
INFO "GET /courses/category/4/ HTTP/1.1" 200 334
INFO "GET /courses/4/0/?ordering=-id HTTP/1.1" 200 1033
INFO "GET /courses/category/5/ HTTP/1.1" 200 417
INFO "GET /courses/5/0/?ordering=-id HTTP/1.1" 200 1041
INFO "GET /courses/category/9/ HTTP/1.1" 200 425
INFO "GET /courses/9/0/?ordering=-id HTTP/1.1" 200 2
INFO /home/caoruchen/Desktop/luffycity/luffycityapi/luffycityapi/apps/courses/views.py changed, reloading.
INFO Watching for file changes with StatReloader
INFO /home/caoruchen/Desktop/luffycity/luffycityapi/luffycityapi/apps/courses/views.py changed, reloading.
INFO Watching for file changes with StatReloader
INFO "GET /courses/category/0/ HTTP/1.1" 200 3333
INFO "GET /courses/directions/ HTTP/1.1" 200 359
INFO "GET /home/nav/footer/ HTTP/1.1" 200 386
INFO "GET /home/nav/header/ HTTP/1.1" 200 290
INFO "GET /courses/0/0/?ordering=-id HTTP/1.1" 200 1847
INFO "GET /courses/directions/ HTTP/1.1" 200 359
INFO "GET /courses/category/0/ HTTP/1.1" 200 3333
INFO "GET /courses/0/0/?ordering=-id HTTP/1.1" 200 1849
INFO "GET /courses/directions/ HTTP/1.1" 200 359
INFO "GET /courses/category/0/ HTTP/1.1" 200 3333
INFO "GET /courses/0/0/?ordering=-id HTTP/1.1" 200 1847
INFO "GET /courses/directions/ HTTP/1.1" 200 359
INFO "GET /courses/category/0/ HTTP/1.1" 200 3333
INFO "GET /courses/0/0/?ordering=-id HTTP/1.1" 200 1849
INFO "GET /courses/directions/ HTTP/1.1" 200 359
INFO "GET /courses/category/0/ HTTP/1.1" 200 3333
INFO "GET /courses/0/0/?ordering=-id HTTP/1.1" 200 1848
INFO "GET /courses/1/0/?ordering=-id HTTP/1.1" 200 747
INFO "GET /courses/category/1/ HTTP/1.1" 200 286
INFO "GET /courses/1/12/?ordering=-id HTTP/1.1" 200 52
INFO "GET /courses/1/13/?ordering=-id HTTP/1.1" 200 52
INFO "GET /courses/1/30/?ordering=-id HTTP/1.1" 200 52
INFO "GET /courses/3/0/?ordering=-id HTTP/1.1" 200 1085
INFO "GET /courses/3/0/?ordering=-id HTTP/1.1" 200 1085
INFO "GET /courses/category/3/ HTTP/1.1" 200 180
INFO "GET /courses/category/4/ HTTP/1.1" 200 334
INFO "GET /courses/4/0/?ordering=-id HTTP/1.1" 200 1085
INFO "GET /courses/4/5/?ordering=-id HTTP/1.1" 200 52
INFO "GET /courses/4/16/?ordering=-id HTTP/1.1" 200 52
INFO "GET /courses/directions/ HTTP/1.1" 200 359
INFO "GET /courses/category/0/ HTTP/1.1" 200 3333
INFO "GET /courses/0/0/?ordering=-id HTTP/1.1" 200 1852
INFO "GET /courses/category/1/ HTTP/1.1" 200 286
INFO "GET /courses/1/0/?ordering=-id HTTP/1.1" 200 1840
INFO "GET /courses/category/2/ HTTP/1.1" 200 148
INFO "GET /courses/2/0/?ordering=-id HTTP/1.1" 200 1845
INFO "GET /courses/category/1/ HTTP/1.1" 200 286
INFO "GET /courses/1/0/?ordering=-id HTTP/1.1" 200 1838
INFO "GET /courses/0/0/?ordering=-id HTTP/1.1" 200 1855
INFO "GET /courses/category/0/ HTTP/1.1" 200 3333
INFO "GET /courses/directions/ HTTP/1.1" 200 359
INFO "GET /courses/category/0/ HTTP/1.1" 200 3333
INFO "GET /courses/0/0/?ordering=-id HTTP/1.1" 200 1853
INFO "GET /courses/category/0/ HTTP/1.1" 200 3333
INFO "GET /courses/0/0/?ordering=-id HTTP/1.1" 200 1853
INFO "GET /courses/directions/ HTTP/1.1" 200 359
INFO "GET /courses/directions/ HTTP/1.1" 200 359
INFO "GET /courses/0/0/?ordering=-id HTTP/1.1" 200 1852
INFO "GET /courses/category/0/ HTTP/1.1" 200 3333
INFO "GET /courses/category/1/ HTTP/1.1" 200 286
INFO "GET /courses/1/0/?ordering=-id HTTP/1.1" 200 1838
INFO "GET /courses/1/12/?ordering=-id HTTP/1.1" 200 52
INFO "GET /courses/0/0/?ordering=-id HTTP/1.1" 200 1852
INFO "GET /courses/0/0/?ordering=-id HTTP/1.1" 200 1852
INFO "GET /courses/category/0/ HTTP/1.1" 200 3333
INFO "GET /courses/category/1/ HTTP/1.1" 200 286
INFO "GET /courses/1/0/?ordering=-id HTTP/1.1" 200 1839
INFO "GET /courses/1/12/?ordering=-id HTTP/1.1" 200 52
INFO "GET /courses/1/13/?ordering=-id HTTP/1.1" 200 52
INFO "GET /courses/1/12/?ordering=-id HTTP/1.1" 200 52
INFO "GET /courses/0/0/?ordering=-id HTTP/1.1" 200 1853
INFO "GET /courses/category/0/ HTTP/1.1" 200 3333
INFO "GET /courses/0/0/?ordering=-id HTTP/1.1" 200 1852
INFO "GET /courses/category/2/ HTTP/1.1" 200 148
INFO "GET /courses/2/0/?ordering=-id HTTP/1.1" 200 1847
INFO "GET /courses/2/70/?ordering=-id HTTP/1.1" 200 52
INFO "GET /courses/2/68/?ordering=-id HTTP/1.1" 200 52
INFO "GET /courses/2/67/?ordering=-id HTTP/1.1" 200 52
INFO "GET /courses/2/0/?ordering=-id HTTP/1.1" 200 1846
INFO "GET /courses/4/0/?ordering=-id HTTP/1.1" 200 1838
INFO "GET /courses/category/4/ HTTP/1.1" 200 334
INFO "GET /courses/4/16/?ordering=-id HTTP/1.1" 200 52
INFO "GET /courses/4/5/?ordering=-id HTTP/1.1" 200 52
INFO "GET /courses/4/1/?ordering=-id HTTP/1.1" 200 52
INFO "GET /courses/4/16/?ordering=-id HTTP/1.1" 200 52
INFO "GET /courses/4/18/?ordering=-id HTTP/1.1" 200 52
INFO "GET /courses/4/25/?ordering=-id HTTP/1.1" 200 52
INFO "GET /courses/4/40/?ordering=-id HTTP/1.1" 200 52
INFO "GET /courses/4/53/?ordering=-id HTTP/1.1" 200 52
INFO "GET /courses/4/0/?ordering=-id HTTP/1.1" 200 1837
INFO "GET /courses/0/0/?ordering=-id HTTP/1.1" 200 1854
INFO "GET /courses/category/0/ HTTP/1.1" 200 3333
INFO "GET /courses/0/0/?ordering=-students HTTP/1.1" 200 1846
INFO "GET /courses/0/0/?ordering=-id HTTP/1.1" 200 1854
INFO "GET /courses/0/0/?ordering=-students HTTP/1.1" 200 1845
INFO "GET /courses/0/0/?ordering=-id HTTP/1.1" 200 1852
INFO "GET /courses/0/0/?ordering=-students HTTP/1.1" 200 1844
INFO "GET /courses/0/0/?ordering=-id HTTP/1.1" 200 1853
INFO "GET /courses/0/0/?ordering=-orders HTTP/1.1" 200 1843
INFO "GET /courses/0/0/ HTTP/1.1" 200 1840
INFO "GET /courses/0/0/?ordering=-id HTTP/1.1" 200 1852
INFO "GET /courses/0/0/?ordering=-students HTTP/1.1" 200 1846
INFO "GET /courses/0/0/?ordering=-id HTTP/1.1" 200 1852
INFO "GET /courses/0/0/?ordering=-orders HTTP/1.1" 200 1842
INFO "GET /courses/0/0/ HTTP/1.1" 200 1842
INFO "GET /courses/category/0/ HTTP/1.1" 200 3333
INFO "GET /courses/directions/ HTTP/1.1" 200 359
INFO "GET /courses/0/0/?ordering=-id HTTP/1.1" 200 1852
INFO "GET /courses/directions/ HTTP/1.1" 200 359
INFO "GET /courses/0/0/?ordering=-id HTTP/1.1" 200 1853
INFO "GET /courses/category/0/ HTTP/1.1" 200 3333
INFO "GET /courses/category/0/ HTTP/1.1" 200 3333
INFO "GET /courses/directions/ HTTP/1.1" 200 359
INFO "GET /courses/0/0/?ordering=-id HTTP/1.1" 200 1853
INFO "GET /courses/category/1/ HTTP/1.1" 200 286
INFO "GET /courses/1/0/?ordering=-id HTTP/1.1" 200 1839
INFO "GET /courses/category/2/ HTTP/1.1" 200 148
INFO "GET /courses/2/0/?ordering=-id HTTP/1.1" 200 1846
INFO "GET /courses/category/3/ HTTP/1.1" 200 180
INFO "GET /courses/3/0/?ordering=-id HTTP/1.1" 200 1844
INFO "GET /courses/category/4/ HTTP/1.1" 200 334
INFO "GET /courses/4/0/?ordering=-id HTTP/1.1" 200 1837
INFO "GET /courses/category/1/ HTTP/1.1" 200 286
INFO "GET /courses/1/0/?ordering=-id HTTP/1.1" 200 1838
INFO "GET /courses/category/4/ HTTP/1.1" 200 334
INFO "GET /courses/4/0/?ordering=-id HTTP/1.1" 200 1836
INFO "GET /courses/4/18/?ordering=-id HTTP/1.1" 200 52
INFO "GET /courses/4/16/?ordering=-id HTTP/1.1" 200 52
INFO "GET /courses/4/5/?ordering=-id HTTP/1.1" 200 52
INFO "GET /courses/4/1/?ordering=-id HTTP/1.1" 200 52
INFO "GET /courses/4/25/?ordering=-id HTTP/1.1" 200 52
INFO "GET /courses/4/40/?ordering=-id HTTP/1.1" 200 52
INFO "GET /courses/4/53/?ordering=-id HTTP/1.1" 200 52
INFO "GET /courses/category/1/ HTTP/1.1" 200 286
INFO "GET /courses/1/0/?ordering=-id HTTP/1.1" 200 1838
INFO "GET /courses/1/0/?ordering=-id HTTP/1.1" 200 1839
INFO "GET /courses/1/12/?ordering=-id HTTP/1.1" 200 52
INFO "GET /courses/1/13/?ordering=-id HTTP/1.1" 200 52
INFO "GET /courses/1/30/?ordering=-id HTTP/1.1" 200 52
INFO "GET /courses/1/31/?ordering=-id HTTP/1.1" 200 52
INFO "GET /courses/1/38/?ordering=-id HTTP/1.1" 200 52
INFO "GET /courses/1/50/?ordering=-id HTTP/1.1" 200 52
INFO "GET /courses/3/0/?ordering=-id HTTP/1.1" 200 1845
INFO "GET /courses/category/3/ HTTP/1.1" 200 180
INFO "GET /courses/3/0/?ordering=-id HTTP/1.1" 200 1844
INFO "GET /courses/category/4/ HTTP/1.1" 200 334
INFO "GET /courses/4/0/?ordering=-id HTTP/1.1" 200 1836
INFO "GET /courses/4/1/?ordering=-id HTTP/1.1" 200 52
INFO "GET /courses/4/5/?ordering=-id HTTP/1.1" 200 52
INFO "GET /courses/4/16/?ordering=-id HTTP/1.1" 200 52
INFO "GET /courses/4/18/?ordering=-id HTTP/1.1" 200 52
INFO "GET /courses/4/25/?ordering=-id HTTP/1.1" 200 52
INFO "GET /courses/category/7/ HTTP/1.1" 200 204
INFO "GET /courses/7/0/?ordering=-id HTTP/1.1" 200 1840
INFO "GET /courses/7/0/?ordering=-id HTTP/1.1" 200 1838
INFO "GET /courses/7/58/?ordering=-id HTTP/1.1" 200 52
INFO "GET /courses/7/54/?ordering=-id HTTP/1.1" 200 52
INFO "GET /courses/7/47/?ordering=-id HTTP/1.1" 200 52
INFO "GET /courses/7/23/?ordering=-id HTTP/1.1" 200 52
INFO "GET /courses/category/10/ HTTP/1.1" 200 629
INFO "GET /courses/10/0/?ordering=-id HTTP/1.1" 200 1839
INFO "GET /courses/10/0/?ordering=-id HTTP/1.1" 200 1839
INFO "GET /courses/10/42/?ordering=-id HTTP/1.1" 200 52
INFO "GET /courses/10/66/?ordering=-id HTTP/1.1" 200 395
INFO "GET /courses/10/64/?ordering=-id HTTP/1.1" 200 52
INFO "GET /courses/10/63/?ordering=-id HTTP/1.1" 200 398
INFO "GET /courses/10/57/?ordering=-id HTTP/1.1" 200 52
INFO "GET /courses/10/55/?ordering=-id HTTP/1.1" 200 397
INFO "GET /courses/10/52/?ordering=-id HTTP/1.1" 200 52
INFO "GET /courses/10/6/?ordering=-id HTTP/1.1" 200 52
INFO "GET /courses/10/15/?ordering=-id HTTP/1.1" 200 52
INFO "GET /courses/10/19/?ordering=-id HTTP/1.1" 200 395
INFO "GET /courses/directions/ HTTP/1.1" 200 359
INFO "GET /courses/category/0/ HTTP/1.1" 200 3333
INFO "GET /courses/0/0/?ordering=-id HTTP/1.1" 200 1855
INFO "GET /courses/0/2/?ordering=-id HTTP/1.1" 200 1438
INFO "GET /courses/0/3/?ordering=-id HTTP/1.1" 200 1091
INFO "GET /courses/0/5/?ordering=-id HTTP/1.1" 200 1441
INFO "GET /courses/6/0/?ordering=-id HTTP/1.1" 200 1850
INFO "GET /courses/category/6/ HTTP/1.1" 200 427
INFO "GET /courses/6/0/?ordering=-id HTTP/1.1" 200 1850
INFO "GET /courses/5/0/?ordering=-id HTTP/1.1" 200 1853
INFO "GET /courses/category/5/ HTTP/1.1" 200 417
INFO "GET /courses/5/34/?ordering=-id HTTP/1.1" 200 52
INFO "GET /courses/5/36/?ordering=-id HTTP/1.1" 200 397
INFO "GET /courses/5/43/?ordering=-id HTTP/1.1" 200 52
INFO "GET /courses/5/49/?ordering=-id HTTP/1.1" 200 52
INFO "GET /courses/category/3/ HTTP/1.1" 200 180
INFO "GET /courses/3/0/?ordering=-id HTTP/1.1" 200 1844
INFO "GET /courses/3/0/?ordering=-id HTTP/1.1" 200 1847
INFO "GET /courses/category/2/ HTTP/1.1" 200 148
INFO "GET /courses/2/0/?ordering=-id HTTP/1.1" 200 1860
INFO "GET /courses/2/68/?ordering=-id HTTP/1.1" 200 400
INFO "GET /courses/directions/ HTTP/1.1" 200 359
INFO "GET /courses/category/0/ HTTP/1.1" 200 3333
INFO "GET /courses/0/0/?ordering=-id HTTP/1.1" 200 1884
INFO "GET /courses/0/9/?ordering=-id HTTP/1.1" 200 769
INFO "GET /courses/0/19/?ordering=-id HTTP/1.1" 200 746
INFO "GET /courses/category/1/ HTTP/1.1" 200 286
INFO "GET /courses/1/0/?ordering=-id HTTP/1.1" 200 1919
INFO "GET /courses/1/0/?ordering=-id HTTP/1.1" 200 1919
INFO "GET /courses/1/12/?ordering=-id HTTP/1.1" 200 52
INFO "GET /courses/1/13/?ordering=-id HTTP/1.1" 200 404
INFO "GET /courses/1/30/?ordering=-id HTTP/1.1" 200 52
INFO "GET /courses/1/12/?ordering=-id HTTP/1.1" 200 52
INFO "GET /courses/1/0/?ordering=-id HTTP/1.1" 200 1920
INFO "GET /courses/category/0/ HTTP/1.1" 200 3333
INFO "GET /courses/directions/ HTTP/1.1" 200 359
INFO "GET /courses/0/0/?ordering=-id HTTP/1.1" 200 1884
INFO "GET /courses/1/0/?ordering=-students HTTP/1.1" 200 1903
INFO "GET /courses/1/0/?ordering=-orders HTTP/1.1" 200 1895
INFO "GET /courses/1/0/?ordering=-id HTTP/1.1" 200 1920
INFO "GET /courses/1/13/?ordering=-id HTTP/1.1" 200 404
INFO "GET /courses/1/30/?ordering=-id HTTP/1.1" 200 52
INFO "GET /courses/1/31/?ordering=-id HTTP/1.1" 200 52
INFO "GET /courses/1/38/?ordering=-id HTTP/1.1" 200 52
INFO "GET /courses/1/50/?ordering=-id HTTP/1.1" 200 52
INFO "GET /courses/1/0/?ordering=-id HTTP/1.1" 200 1920
INFO "GET /courses/0/0/?ordering=-id HTTP/1.1" 200 1884
INFO "GET /courses/directions/ HTTP/1.1" 200 359
INFO "GET /courses/category/0/ HTTP/1.1" 200 3333
INFO "GET /courses/directions/ HTTP/1.1" 200 359
INFO "GET /courses/category/0/ HTTP/1.1" 200 3333
INFO "GET /courses/0/0/?page=1&size=5&ordering=-id HTTP/1.1" 200 1891
INFO "GET /courses/directions/ HTTP/1.1" 200 359
INFO "GET /courses/0/0/?page=1&size=5&ordering=-id HTTP/1.1" 200 1891
INFO "GET /courses/category/0/ HTTP/1.1" 200 3333
INFO "GET /courses/1/0/?page=1&size=5&ordering=-id HTTP/1.1" 200 1928
INFO "GET /courses/category/1/ HTTP/1.1" 200 286
INFO "GET /courses/category/1/ HTTP/1.1" 200 286
INFO "GET /courses/directions/ HTTP/1.1" 200 359
ERROR Internal Server Error: /courses/1/0/
Traceback (most recent call last):
  File "/home/caoruchen/anaconda3/envs/luffycity/lib/python3.8/site-packages/rest_framework/pagination.py", line 211, in paginate_queryset
    self.page = paginator.page(page_number)
  File "/home/caoruchen/anaconda3/envs/luffycity/lib/python3.8/site-packages/django/core/paginator.py", line 72, in page
    number = self.validate_number(number)
  File "/home/caoruchen/anaconda3/envs/luffycity/lib/python3.8/site-packages/django/core/paginator.py", line 54, in validate_number
    raise EmptyPage(_("That page contains no results"))
django.core.paginator.EmptyPage: 

During handling of the above exception, another exception occurred:

Traceback (most recent call last):
  File "/home/caoruchen/anaconda3/envs/luffycity/lib/python3.8/site-packages/django/core/handlers/exception.py", line 55, in inner
    response = get_response(request)
  File "/home/caoruchen/anaconda3/envs/luffycity/lib/python3.8/site-packages/django/core/handlers/base.py", line 197, in _get_response
    response = wrapped_callback(request, *callback_args, **callback_kwargs)
  File "/home/caoruchen/anaconda3/envs/luffycity/lib/python3.8/site-packages/django/views/decorators/csrf.py", line 56, in wrapper_view
    return view_func(*args, **kwargs)
  File "/home/caoruchen/anaconda3/envs/luffycity/lib/python3.8/site-packages/django/views/generic/base.py", line 104, in view
    return self.dispatch(request, *args, **kwargs)
  File "/home/caoruchen/anaconda3/envs/luffycity/lib/python3.8/site-packages/rest_framework/views.py", line 509, in dispatch
    response = self.handle_exception(exc)
  File "/home/caoruchen/anaconda3/envs/luffycity/lib/python3.8/site-packages/rest_framework/views.py", line 469, in handle_exception
    self.raise_uncaught_exception(exc)
  File "/home/caoruchen/anaconda3/envs/luffycity/lib/python3.8/site-packages/rest_framework/views.py", line 480, in raise_uncaught_exception
    raise exc
  File "/home/caoruchen/anaconda3/envs/luffycity/lib/python3.8/site-packages/rest_framework/views.py", line 506, in dispatch
    response = handler(request, *args, **kwargs)
  File "/home/caoruchen/anaconda3/envs/luffycity/lib/python3.8/site-packages/rest_framework/generics.py", line 203, in get
    return self.list(request, *args, **kwargs)
  File "/home/caoruchen/anaconda3/envs/luffycity/lib/python3.8/site-packages/rest_framework/mixins.py", line 40, in list
    page = self.paginate_queryset(queryset)
  File "/home/caoruchen/anaconda3/envs/luffycity/lib/python3.8/site-packages/rest_framework/generics.py", line 175, in paginate_queryset
    return self.paginator.paginate_queryset(queryset, self.request, view=self)
  File "/home/caoruchen/anaconda3/envs/luffycity/lib/python3.8/site-packages/rest_framework/pagination.py", line 216, in paginate_queryset
    raise NotFound(msg)
rest_framework.exceptions.NotFound: 
ERROR "GET /courses/1/0/?page=20&size=5&ordering=-id HTTP/1.1" 500 127924
INFO "GET /courses/0/0/?page=1&size=5&ordering=-id HTTP/1.1" 200 1892
INFO "GET /courses/directions/ HTTP/1.1" 200 359
INFO "GET /courses/category/0/ HTTP/1.1" 200 3333
INFO "GET /courses/1/0/?page=1&size=5&ordering=-id HTTP/1.1" 200 1928
INFO "GET /courses/category/1/ HTTP/1.1" 200 286
INFO "GET /courses/1/0/?page=2&size=5&ordering=-id HTTP/1.1" 200 1979
INFO "GET /courses/1/0/?page=3&size=5&ordering=-id HTTP/1.1" 200 1958
INFO "GET /courses/1/0/?page=4&size=5&ordering=-id HTTP/1.1" 200 1898
INFO "GET /courses/1/0/?page=3&size=5&ordering=-id HTTP/1.1" 200 1959
INFO Watching for file changes with StatReloader
INFO Watching for file changes with StatReloader
INFO "GET /courses/directions/ HTTP/1.1" 200 359
INFO "GET /courses/category/0/ HTTP/1.1" 200 3333
INFO "GET /courses/0/0/?page=1&size=5&ordering=-id HTTP/1.1" 200 1893
INFO "GET /courses/category/4/ HTTP/1.1" 200 334
INFO "GET /courses/4/0/?page=1&size=5&ordering=-id HTTP/1.1" 200 1897
INFO "GET /courses/category/5/ HTTP/1.1" 200 417
INFO "GET /courses/5/0/?page=1&size=5&ordering=-id HTTP/1.1" 200 1877
INFO "GET /courses/5/24/?page=1&size=5&ordering=-id HTTP/1.1" 200 52
INFO "GET /courses/5/34/?page=1&size=5&ordering=-id HTTP/1.1" 200 404
INFO "GET /courses/5/36/?page=1&size=5&ordering=-id HTTP/1.1" 200 409
INFO "GET /courses/5/43/?page=1&size=5&ordering=-id HTTP/1.1" 200 52
INFO "GET /courses/category/9/ HTTP/1.1" 200 425
INFO "GET /courses/9/0/?page=1&size=5&ordering=-id HTTP/1.1" 200 1882
INFO "GET /courses/9/0/?page=1&size=5&ordering=-id HTTP/1.1" 200 1884
INFO "GET /courses/category/8/ HTTP/1.1" 200 292
INFO "GET /courses/8/0/?page=1&size=5&ordering=-id HTTP/1.1" 200 1902
INFO "GET /courses/category/7/ HTTP/1.1" 200 204
INFO "GET /courses/7/0/?page=1&size=5&ordering=-id HTTP/1.1" 200 1906
INFO "GET /courses/category/6/ HTTP/1.1" 200 427
INFO "GET /courses/6/0/?page=1&size=5&ordering=-id HTTP/1.1" 200 1881
INFO "GET /courses/4/0/?page=1&size=5&ordering=-id HTTP/1.1" 200 1895
INFO "GET /courses/category/4/ HTTP/1.1" 200 334
INFO Watching for file changes with StatReloader
INFO "GET /home/nav/header/ HTTP/1.1" 200 290
INFO "GET /home/nav/footer/ HTTP/1.1" 200 386
INFO "GET /home/banner/ HTTP/1.1" 200 666
INFO "GET /courses/directions/ HTTP/1.1" 200 359
INFO "GET /courses/0/0/?page=1&size=5&ordering=-id HTTP/1.1" 200 1892
INFO "GET /courses/category/0/ HTTP/1.1" 200 3333
INFO code 400, message Bad request syntax ('\x16\x03\x01\x07h\x01\x00\x07d\x03\x03\x94AZ1\x86D~H1X\x94$\x92')
ERROR You're accessing the development server over HTTPS, but it only supports HTTP.
INFO code 400, message Bad request syntax ('\x16\x03\x01\x02\x97\x01\x00\x02\x93\x03\x03b\x9fY')
ERROR You're accessing the development server over HTTPS, but it only supports HTTP.
INFO "GET /admin/ HTTP/1.1" 200 21509
INFO "GET /static/admin/simpleui-x/waves/waves.min.css?_=2.1 HTTP/1.1" 200 3861
INFO "GET /static/admin/simpleui-x/css/index.css?_=3.2 HTTP/1.1" 200 6994
INFO "GET /static/admin/simpleui-x/automatic/dicts.js?_=2025.01.13 HTTP/1.1" 200 12677
INFO "GET /static/admin/simpleui-x/automatic/segment.js?_=2025.01.13 HTTP/1.1" 200 1194
INFO "GET /static/admin/simpleui-x/fontawesome-free-6.2.0-web/css/all.min.css HTTP/1.1" 200 101784
INFO "GET /static/admin/simpleui-x/js/vue.min.js?_=2025.01.13 HTTP/1.1" 200 93675
INFO "GET /static/admin/simpleui-x/locale/en-us.js?_=2025.01.13 HTTP/1.1" 200 811
INFO "GET /static/admin/simpleui-x/elementui/theme-chalk/index.css HTTP/1.1" 200 238628
INFO "GET /static/admin/simpleui-x/js/cookie.js?_=2025.01.13 HTTP/1.1" 200 524
INFO "GET /static/admin/simpleui-x/locale/zh-hans.js?_=2025.01.13 HTTP/1.1" 200 1254
INFO "GET /static/admin/simpleui-x/elementui/index.js?_=2025.01.13 HTTP/1.1" 200 586253
INFO "GET /static/admin/simpleui-x/theme/theme.js?_=2025.01.13 HTTP/1.1" 200 4274
INFO "GET /static/admin/simpleui-x/waves/waves.min.js?_=2025.01.13 HTTP/1.1" 200 6329
INFO "GET /static/admin/simpleui-x/js/menu.js?_=2025.01.13 HTTP/1.1" 200 1216
INFO "GET /static/admin/simpleui-x/js/index.js?_=2025.01.13 HTTP/1.1" 200 21589
INFO "GET /uploads/logo.png HTTP/1.1" 200 362358
INFO "GET /static/admin/simpleui-x/fontawesome-free-6.2.0-web/webfonts/fa-regular-400.woff2 HTTP/1.1" 200 25096
INFO "GET /static/admin/simpleui-x/elementui/theme-chalk/fonts/element-icons.woff HTTP/1.1" 200 28200
INFO "GET /static/admin/simpleui-x/fontawesome-free-6.2.0-web/webfonts/fa-brands-400.woff2 HTTP/1.1" 200 107460
INFO "GET /static/admin/simpleui-x/fontawesome-free-6.2.0-web/webfonts/fa-solid-900.woff2 HTTP/1.1" 200 150472
WARNING Not Found: /favicon.ico
WARNING "GET /favicon.ico HTTP/1.1" 404 2677
INFO "GET /admin/courses/course/ HTTP/1.1" 200 39304
INFO "GET /static/admin/simpleui-x/css/base.css?_=2.7 HTTP/1.1" 200 4829
INFO "GET /static/admin/simpleui-x/theme/simpleui.css HTTP/1.1" 200 4270
INFO "GET /static/admin/simpleui-x/locale/en-us.js?_=2.1.2 HTTP/1.1" 200 811
INFO "GET /static/admin/simpleui-x/js/language.js?_=2.1.2 HTTP/1.1" 200 189
INFO "GET /static/admin/simpleui-x/js/cookie.js HTTP/1.1" 200 524
INFO "GET /static/admin/css/base.css?_=2.7 HTTP/1.1" 200 21310
INFO "GET /static/admin/css/changelists.css?_=20180905 HTTP/1.1" 200 6566
INFO "GET /static/admin/simpleui-x/locale/zh-hans.js HTTP/1.1" 200 1254
INFO "GET /static/admin/js/core.js HTTP/1.1" 200 5682
INFO "GET /static/admin/js/jquery.init.js HTTP/1.1" 200 347
INFO "GET /static/admin/js/vendor/jquery/jquery.js HTTP/1.1" 200 292458
INFO "GET /static/admin/js/admin/RelatedObjectLookups.js HTTP/1.1" 200 8943
INFO "GET /admin/jsi18n/ HTTP/1.1" 200 8560
INFO "GET /static/admin/js/actions.js HTTP/1.1" 200 7872
INFO "GET /static/admin/js/urlify.js HTTP/1.1" 200 7887
INFO "GET /static/admin/js/prepopulate.js HTTP/1.1" 200 1531
INFO "GET /static/admin/js/vendor/xregexp/xregexp.js HTTP/1.1" 200 232381
INFO "GET /static/admin/css/responsive.css?_=20180905 HTTP/1.1" 200 18559
INFO "GET /static/admin/js/vendor/jquery/jquery.min.js HTTP/1.1" 200 89795
INFO "GET /static/admin/simpleui-x/automatic/dicts.js HTTP/1.1" 200 12677
INFO "GET /static/admin/simpleui-x/automatic/segment.js HTTP/1.1" 200 1194
INFO "GET /static/admin/simpleui-x/js/axios.min.js HTTP/1.1" 200 14237
INFO "GET /admin/ HTTP/1.1" 302 0
INFO "GET /admin/login/?next=/admin/ HTTP/1.1" 200 4074
INFO "GET /static/admin/simpleui-x/css/login.css?_=2.1 HTTP/1.1" 200 500
INFO "GET /static/admin/simpleui-x/js/login.js?_=3.3 HTTP/1.1" 200 669
INFO "GET /static/admin/simpleui-x/particles/app.js HTTP/1.1" 200 3728
INFO "GET /static/admin/simpleui-x/fontawesome-free-6.2.0-web/css/all.min.css HTTP/1.1" 200 101784
INFO "GET /static/admin/simpleui-x/particles/particles.js HTTP/1.1" 200 51264
INFO "GET /static/admin/simpleui-x/js/vue.min.js?_=2025.01.13 HTTP/1.1" 200 93675
INFO "GET /static/admin/simpleui-x/elementui/theme-chalk/index.css HTTP/1.1" 200 238628
INFO "GET /static/admin/simpleui-x/elementui/index.js?_=2025.01.13 HTTP/1.1" 200 586253
INFO "GET /uploads/logo.png HTTP/1.1" 200 362358
INFO "GET /static/admin/simpleui-x/img/bg.svg HTTP/1.1" 200 9547
INFO "GET /static/admin/simpleui-x/fontawesome-free-6.2.0-web/webfonts/fa-solid-900.woff2 HTTP/1.1" 200 150472
INFO "GET /admin/courses/teacher/ HTTP/1.1" 200 35878
INFO "GET /admin/jsi18n/ HTTP/1.1" 200 8560
INFO "GET /admin/courses/coursedirection/ HTTP/1.1" 200 39998
INFO "GET /admin/jsi18n/ HTTP/1.1" 200 8560
INFO "GET /static/admin/img/icon-no.svg HTTP/1.1" 200 560
INFO "GET /static/admin/img/sorting-icons.svg HTTP/1.1" 200 1097
INFO "GET /admin/courses/course/add/ HTTP/1.1" 200 30533
INFO "GET /static/admin/css/forms.css HTTP/1.1" 200 9090
INFO "GET /static/ckeditor/ckeditor-init.js HTTP/1.1" 200 1526
INFO "GET /static/ckeditor/fixups.js HTTP/1.1" 200 168
INFO "GET /static/ckeditor/ckeditor.css HTTP/1.1" 200 672
INFO "GET /static/admin/js/prepopulate_init.js HTTP/1.1" 200 586
INFO "GET /static/admin/js/change_form.js HTTP/1.1" 200 606
INFO "GET /admin/jsi18n/ HTTP/1.1" 200 8560
INFO "GET /static/ckeditor/ckeditor/ckeditor.js HTTP/1.1" 200 759716
INFO "GET /static/admin/css/widgets.css HTTP/1.1" 200 11921
INFO "GET /static/admin/img/icon-changelink.svg HTTP/1.1" 200 380
INFO "GET /static/admin/img/icon-viewlink.svg HTTP/1.1" 200 581
INFO "GET /static/admin/img/icon-deletelink.svg HTTP/1.1" 200 392
INFO "GET /static/admin/img/icon-addlink.svg HTTP/1.1" 200 331
INFO "GET /static/ckeditor/ckeditor/config.js?t=N5UC HTTP/1.1" 200 336
INFO "GET /static/ckeditor/ckeditor/lang/zh-cn.js?t=N5UC HTTP/1.1" 200 17901
INFO "GET /static/ckeditor/ckeditor/skins/moono-lisa/editor_gecko.css?t=N5UC HTTP/1.1" 200 48390
INFO "GET /static/ckeditor/ckeditor/styles.js?t=N5UC HTTP/1.1" 200 5577
INFO "GET /static/ckeditor/ckeditor/plugins/scayt/dialogs/dialog.css?t=N5UC HTTP/1.1" 200 419
INFO "GET /static/ckeditor/ckeditor/plugins/scayt/skins/moono-lisa/scayt.css?t=N5UC HTTP/1.1" 200 381
INFO "GET /static/ckeditor/ckeditor/plugins/tableselection/styles/tableselection.css?t=N5UC HTTP/1.1" 200 1145
INFO "GET /static/ckeditor/ckeditor/plugins/dialog/styles/dialog.css?t=N5UC HTTP/1.1" 200 249
INFO "GET /static/ckeditor/ckeditor/plugins/copyformatting/styles/copyformatting.css?t=N5UC HTTP/1.1" 200 1511
INFO "GET /static/ckeditor/ckeditor/skins/moono-lisa/icons.png?t=4a1fb11f44 HTTP/1.1" 200 12237
INFO "GET /static/ckeditor/ckeditor/contents.css?t=N5UC HTTP/1.1" 200 3092
INFO "POST /admin/courses/course/add/ HTTP/1.1" 302 0
INFO "GET /admin/courses/course/ HTTP/1.1" 200 39429
INFO "GET /admin/jsi18n/ HTTP/1.1" 200 8560
INFO "GET /admin/ HTTP/1.1" 302 0
INFO "GET /static/admin/simpleui-x/automatic/dicts.js?_=2025.01.13 HTTP/1.1" 200 12677
INFO "GET /static/admin/simpleui-x/locale/zh-hans.js?_=2025.01.13 HTTP/1.1" 200 1254
INFO "GET /static/admin/simpleui-x/locale/en-us.js?_=2025.01.13 HTTP/1.1" 200 811
INFO "GET /static/admin/simpleui-x/theme/theme.js?_=2025.01.13 HTTP/1.1" 200 4274
INFO "GET /static/admin/simpleui-x/locale/zh-hans.js HTTP/1.1" 200 1254
INFO "GET /admin/courses/course/ HTTP/1.1" 302 0
INFO "GET /static/admin/simpleui-x/locale/en-us.js?_=2.1.2 HTTP/1.1" 200 811
INFO "GET /static/admin/js/jquery.init.js HTTP/1.1" 200 347
INFO "GET /static/admin/simpleui-x/automatic/dicts.js HTTP/1.1" 200 12677
INFO "GET /static/admin/simpleui-x/js/language.js?_=2.1.2 HTTP/1.1" 200 189
INFO "GET /admin/courses/teacher/ HTTP/1.1" 302 0
INFO "GET /admin/courses/coursedirection/ HTTP/1.1" 302 0
INFO "GET /admin/login/?next=/admin/ HTTP/1.1" 200 4074
INFO "GET /admin/login/?next=/admin/courses/course/ HTTP/1.1" 200 4104
INFO "GET /admin/login/?next=/admin/courses/teacher/ HTTP/1.1" 200 4106
INFO "GET /admin/login/?next=/admin/courses/coursedirection/ HTTP/1.1" 200 4122
INFO "GET /static/admin/simpleui-x/css/index.css.map HTTP/1.1" 200 3480
INFO "GET /static/admin/simpleui-x/css/base.css.map HTTP/1.1" 200 2107
INFO "GET /static/admin/simpleui-x/theme/simpleui.css.map HTTP/1.1" 200 1935
INFO /home/caoruchen/Desktop/luffycity/luffycityapi/luffycityapi/apps/courses/admin.py changed, reloading.
INFO Watching for file changes with StatReloader
INFO "GET /admin/ HTTP/1.1" 200 21888
INFO "GET /admin/courses/course/ HTTP/1.1" 200 39467
INFO "GET /admin/jsi18n/ HTTP/1.1" 200 8560
INFO "GET /static/admin/simpleui-x/theme/simpleui.css.map HTTP/1.1" 304 0
INFO "GET /static/admin/simpleui-x/css/base.css.map HTTP/1.1" 304 0
INFO "GET /courses/0/2/?page=1&size=5&ordering=-id HTTP/1.1" 200 787
INFO "GET /courses/category/0/ HTTP/1.1" 200 3333
INFO "GET /courses/directions/ HTTP/1.1" 200 359
INFO "GET /courses/0/0/?page=1&size=5&ordering=-id HTTP/1.1" 200 1850
INFO Watching for file changes with StatReloader
INFO /home/caoruchen/Desktop/luffycity/luffycityapi/luffycityapi/apps/courses/models.py changed, reloading.
INFO Watching for file changes with StatReloader
INFO "GET /admin/ HTTP/1.1" 200 21888
INFO "GET /static/admin/simpleui-x/fontawesome-free-6.2.0-web/css/all.min.css HTTP/1.1" 304 0
INFO "GET /static/admin/simpleui-x/elementui/theme-chalk/index.css HTTP/1.1" 304 0
INFO "GET /static/admin/simpleui-x/css/index.css?_=3.2 HTTP/1.1" 304 0
INFO "GET /static/admin/simpleui-x/elementui/index.js?_=2025.01.13 HTTP/1.1" 304 0
INFO "GET /static/admin/simpleui-x/js/vue.min.js?_=2025.01.13 HTTP/1.1" 304 0
INFO "GET /static/admin/simpleui-x/automatic/dicts.js?_=2025.01.13 HTTP/1.1" 304 0
INFO "GET /static/admin/simpleui-x/waves/waves.min.css?_=2.1 HTTP/1.1" 304 0
INFO "GET /static/admin/simpleui-x/locale/zh-hans.js?_=2025.01.13 HTTP/1.1" 304 0
INFO "GET /static/admin/simpleui-x/automatic/segment.js?_=2025.01.13 HTTP/1.1" 304 0
INFO "GET /static/admin/simpleui-x/locale/en-us.js?_=2025.01.13 HTTP/1.1" 304 0
INFO "GET /static/admin/simpleui-x/js/cookie.js?_=2025.01.13 HTTP/1.1" 304 0
INFO "GET /static/admin/simpleui-x/js/index.js?_=2025.01.13 HTTP/1.1" 200 21589
INFO "GET /static/admin/simpleui-x/theme/theme.js?_=2025.01.13 HTTP/1.1" 304 0
INFO "GET /uploads/logo.png HTTP/1.1" 200 362358
INFO "GET /static/admin/simpleui-x/waves/waves.min.js?_=2025.01.13 HTTP/1.1" 304 0
INFO "GET /static/admin/simpleui-x/js/menu.js?_=2025.01.13 HTTP/1.1" 304 0
INFO "GET /static/admin/simpleui-x/elementui/theme-chalk/fonts/element-icons.woff HTTP/1.1" 200 28200
INFO "GET /static/admin/simpleui-x/fontawesome-free-6.2.0-web/webfonts/fa-regular-400.woff2 HTTP/1.1" 200 25096
INFO "GET /static/admin/simpleui-x/fontawesome-free-6.2.0-web/webfonts/fa-brands-400.woff2 HTTP/1.1" 200 107460
INFO "GET /static/admin/simpleui-x/fontawesome-free-6.2.0-web/webfonts/fa-solid-900.woff2 HTTP/1.1" 200 150472
WARNING Not Found: /search
WARNING "GET /search?text=%221%22 HTTP/1.1" 404 2675
INFO "GET /courses/search?text=%221%22 HTTP/1.1" 301 0
INFO "GET /courses/search/?text=%221%22 HTTP/1.1" 200 7274
INFO "GET /static/rest_framework/css/bootstrap-tweaks.css HTTP/1.1" 200 3426
INFO "GET /static/rest_framework/css/default.css HTTP/1.1" 200 1152
INFO "GET /static/rest_framework/js/ajax-form.js HTTP/1.1" 200 3796
INFO "GET /static/rest_framework/js/bootstrap.min.js HTTP/1.1" 200 39680
INFO "GET /static/rest_framework/css/prettify.css HTTP/1.1" 200 817
INFO "GET /static/rest_framework/js/jquery-3.7.1.min.js HTTP/1.1" 200 87533
INFO "GET /static/rest_framework/js/csrf.js HTTP/1.1" 200 1793
INFO "GET /static/rest_framework/js/default.js HTTP/1.1" 200 1268
INFO "GET /static/rest_framework/js/prettify-min.js HTTP/1.1" 200 13632
INFO "GET /static/rest_framework/js/load-ajax-form.js HTTP/1.1" 200 59
INFO "GET /static/rest_framework/css/bootstrap.min.css HTTP/1.1" 200 121457
INFO "GET /static/rest_framework/img/grid.png HTTP/1.1" 200 1458
INFO "GET /static/rest_framework/fonts/glyphicons-halflings-regular.woff2 HTTP/1.1" 200 18028
INFO "GET /home/nav/header/ HTTP/1.1" 200 290
INFO "GET /home/nav/footer/ HTTP/1.1" 200 386
INFO "GET /home/banner/ HTTP/1.1" 200 666
INFO "GET /courses/directions/ HTTP/1.1" 200 359
INFO "GET /courses/0/0/?page=1&size=5&ordering=-id HTTP/1.1" 200 1850
INFO "GET /courses/category/0/ HTTP/1.1" 200 3333
INFO "GET /courses/search/?text=%22%E8%B6%B3%E7%96%97%22 HTTP/1.1" 200 8339
INFO "GET /courses/0/2/?page=1&size=5&ordering=-id HTTP/1.1" 200 786
INFO "GET /courses/0/3/?page=1&size=5&ordering=-id HTTP/1.1" 200 1119
INFO "GET /courses/0/4/?page=1&size=5&ordering=-id HTTP/1.1" 200 1856
INFO "GET /courses/search/?text=%22%E6%97%B6%E5%88%BB%E4%BF%A1%E6%81%AF%E6%9C%89%E9%99%90%E5%85%AC%E5%8F%B8%22 HTTP/1.1" 200 12624
INFO "GET /courses/directions/ HTTP/1.1" 200 359
INFO "GET /courses/category/0/ HTTP/1.1" 200 3333
INFO "GET /courses/0/0/?page=1&size=5&ordering=-id HTTP/1.1" 200 1850
INFO "GET /courses/category/0/ HTTP/1.1" 200 3333
INFO "GET /courses/directions/ HTTP/1.1" 200 359
INFO "GET /courses/0/0/?page=1&size=5&ordering=-id HTTP/1.1" 200 1851
INFO "GET /courses/0/0/?page=1&size=5&ordering=-id HTTP/1.1" 200 1849
INFO "GET /courses/category/0/ HTTP/1.1" 200 3333
INFO "GET /courses/directions/ HTTP/1.1" 200 359
INFO "GET /courses/directions/ HTTP/1.1" 200 359
INFO "GET /courses/category/0/ HTTP/1.1" 200 3333
INFO "GET /courses/0/0/?page=1&size=5&ordering=-id HTTP/1.1" 200 1852
INFO "GET /courses/directions/ HTTP/1.1" 200 359
INFO "GET /courses/0/0/?page=1&size=5&ordering=-id HTTP/1.1" 200 1850
INFO "GET /courses/category/0/ HTTP/1.1" 200 3333
INFO "GET /courses/directions/ HTTP/1.1" 200 359
INFO "GET /courses/category/0/ HTTP/1.1" 200 3333
INFO "GET /courses/0/0/?page=1&size=5&ordering=-id HTTP/1.1" 200 1851
INFO "GET /courses/directions/ HTTP/1.1" 200 359
INFO "GET /courses/category/0/ HTTP/1.1" 200 3333
INFO "GET /courses/0/0/?page=1&size=5&ordering=-id HTTP/1.1" 200 1850
INFO "GET /courses/search/?page=1&size=5&text=%E8%B6%B3%E7%96%97&ordering=-id HTTP/1.1" 200 517
INFO "GET /courses/search/?page=1&size=5&text=%E6%8C%89%E6%91%A9&ordering=-id HTTP/1.1" 200 52
INFO "GET /courses/category/1/ HTTP/1.1" 200 286
INFO "GET /courses/1/0/?page=1&size=5&ordering=-id HTTP/1.1" 200 1928
INFO "GET /courses/category/0/ HTTP/1.1" 200 3333
INFO "GET /courses/0/0/?page=1&size=5&ordering=-id HTTP/1.1" 200 1849
INFO "GET /courses/0/0/?page=2&size=5&ordering=-id HTTP/1.1" 200 1950
INFO "GET /courses/0/0/?page=3&size=5&ordering=-id HTTP/1.1" 200 1969
INFO "GET /courses/0/0/?page=4&size=5&ordering=-id HTTP/1.1" 200 1962
INFO "GET /courses/search/?page=4&size=5&text=%E5%B7%A5&ordering=-id HTTP/1.1" 200 2705
INFO "GET /courses/search/?page=3&size=5&text=%E5%B7%A5&ordering=-id HTTP/1.1" 200 2672
INFO "GET /courses/search/?page=2&size=5&text=%E5%B7%A5&ordering=-id HTTP/1.1" 200 2716
INFO "GET /courses/search/?page=1&size=5&text=%E5%B7%A5&ordering=-id HTTP/1.1" 200 2565
INFO "GET /courses/search/?page=2&size=5&text=%E5%B7%A5&ordering=-id HTTP/1.1" 200 2716
INFO "GET /courses/search/?page=3&size=5&text=%E5%B7%A5&ordering=-id HTTP/1.1" 200 2672
INFO "GET /courses/search/?page=4&size=5&text=%E5%B7%A5&ordering=-id HTTP/1.1" 200 2705
INFO "GET /courses/search/?page=5&size=5&text=%E5%B7%A5&ordering=-id HTTP/1.1" 200 2646
INFO "GET /courses/search/?page=6&size=5&text=%E5%B7%A5&ordering=-id HTTP/1.1" 200 2776
INFO "GET /courses/search/?page=7&size=5&text=%E5%B7%A5&ordering=-id HTTP/1.1" 200 2653
INFO "GET /courses/search/?page=8&size=5&text=%E5%B7%A5&ordering=-id HTTP/1.1" 200 2681
INFO "GET /courses/search/?page=9&size=5&text=%E5%B7%A5&ordering=-id HTTP/1.1" 200 2762
INFO "GET /courses/search/?page=10&size=5&text=%E5%B7%A5&ordering=-id HTTP/1.1" 200 2730
INFO "GET /courses/search/?page=11&size=5&text=%E5%B7%A5&ordering=-id HTTP/1.1" 200 2556
INFO "GET /courses/search/?page=12&size=5&text=%E5%B7%A5&ordering=-id HTTP/1.1" 200 2119
ERROR Internal Server Error: /courses/search/
Traceback (most recent call last):
  File "/home/caoruchen/anaconda3/envs/luffycity/lib/python3.8/site-packages/rest_framework/pagination.py", line 211, in paginate_queryset
    self.page = paginator.page(page_number)
  File "/home/caoruchen/anaconda3/envs/luffycity/lib/python3.8/site-packages/django/core/paginator.py", line 72, in page
    number = self.validate_number(number)
  File "/home/caoruchen/anaconda3/envs/luffycity/lib/python3.8/site-packages/django/core/paginator.py", line 54, in validate_number
    raise EmptyPage(_("That page contains no results"))
django.core.paginator.EmptyPage: 

During handling of the above exception, another exception occurred:

Traceback (most recent call last):
  File "/home/caoruchen/anaconda3/envs/luffycity/lib/python3.8/site-packages/django/core/handlers/exception.py", line 55, in inner
    response = get_response(request)
  File "/home/caoruchen/anaconda3/envs/luffycity/lib/python3.8/site-packages/django/core/handlers/base.py", line 197, in _get_response
    response = wrapped_callback(request, *callback_args, **callback_kwargs)
  File "/home/caoruchen/anaconda3/envs/luffycity/lib/python3.8/site-packages/django/views/decorators/csrf.py", line 56, in wrapper_view
    return view_func(*args, **kwargs)
  File "/home/caoruchen/anaconda3/envs/luffycity/lib/python3.8/site-packages/rest_framework/viewsets.py", line 124, in view
    return self.dispatch(request, *args, **kwargs)
  File "/home/caoruchen/anaconda3/envs/luffycity/lib/python3.8/site-packages/rest_framework/views.py", line 509, in dispatch
    response = self.handle_exception(exc)
  File "/home/caoruchen/anaconda3/envs/luffycity/lib/python3.8/site-packages/rest_framework/views.py", line 469, in handle_exception
    self.raise_uncaught_exception(exc)
  File "/home/caoruchen/anaconda3/envs/luffycity/lib/python3.8/site-packages/rest_framework/views.py", line 480, in raise_uncaught_exception
    raise exc
  File "/home/caoruchen/anaconda3/envs/luffycity/lib/python3.8/site-packages/rest_framework/views.py", line 506, in dispatch
    response = handler(request, *args, **kwargs)
  File "/home/caoruchen/anaconda3/envs/luffycity/lib/python3.8/site-packages/rest_framework/mixins.py", line 40, in list
    page = self.paginate_queryset(queryset)
  File "/home/caoruchen/anaconda3/envs/luffycity/lib/python3.8/site-packages/rest_framework/generics.py", line 175, in paginate_queryset
    return self.paginator.paginate_queryset(queryset, self.request, view=self)
  File "/home/caoruchen/anaconda3/envs/luffycity/lib/python3.8/site-packages/rest_framework/pagination.py", line 216, in paginate_queryset
    raise NotFound(msg)
rest_framework.exceptions.NotFound: 
ERROR "GET /courses/search/?page=12&size=5&text=%E9%A1%B9%E7%9B%AE&ordering=-id HTTP/1.1" 500 122692
ERROR Internal Server Error: /courses/search/
Traceback (most recent call last):
  File "/home/caoruchen/anaconda3/envs/luffycity/lib/python3.8/site-packages/rest_framework/pagination.py", line 211, in paginate_queryset
    self.page = paginator.page(page_number)
  File "/home/caoruchen/anaconda3/envs/luffycity/lib/python3.8/site-packages/django/core/paginator.py", line 72, in page
    number = self.validate_number(number)
  File "/home/caoruchen/anaconda3/envs/luffycity/lib/python3.8/site-packages/django/core/paginator.py", line 54, in validate_number
    raise EmptyPage(_("That page contains no results"))
django.core.paginator.EmptyPage: 

During handling of the above exception, another exception occurred:

Traceback (most recent call last):
  File "/home/caoruchen/anaconda3/envs/luffycity/lib/python3.8/site-packages/django/core/handlers/exception.py", line 55, in inner
    response = get_response(request)
  File "/home/caoruchen/anaconda3/envs/luffycity/lib/python3.8/site-packages/django/core/handlers/base.py", line 197, in _get_response
    response = wrapped_callback(request, *callback_args, **callback_kwargs)
  File "/home/caoruchen/anaconda3/envs/luffycity/lib/python3.8/site-packages/django/views/decorators/csrf.py", line 56, in wrapper_view
    return view_func(*args, **kwargs)
  File "/home/caoruchen/anaconda3/envs/luffycity/lib/python3.8/site-packages/rest_framework/viewsets.py", line 124, in view
    return self.dispatch(request, *args, **kwargs)
  File "/home/caoruchen/anaconda3/envs/luffycity/lib/python3.8/site-packages/rest_framework/views.py", line 509, in dispatch
    response = self.handle_exception(exc)
  File "/home/caoruchen/anaconda3/envs/luffycity/lib/python3.8/site-packages/rest_framework/views.py", line 469, in handle_exception
    self.raise_uncaught_exception(exc)
  File "/home/caoruchen/anaconda3/envs/luffycity/lib/python3.8/site-packages/rest_framework/views.py", line 480, in raise_uncaught_exception
    raise exc
  File "/home/caoruchen/anaconda3/envs/luffycity/lib/python3.8/site-packages/rest_framework/views.py", line 506, in dispatch
    response = handler(request, *args, **kwargs)
  File "/home/caoruchen/anaconda3/envs/luffycity/lib/python3.8/site-packages/rest_framework/mixins.py", line 40, in list
    page = self.paginate_queryset(queryset)
  File "/home/caoruchen/anaconda3/envs/luffycity/lib/python3.8/site-packages/rest_framework/generics.py", line 175, in paginate_queryset
    return self.paginator.paginate_queryset(queryset, self.request, view=self)
  File "/home/caoruchen/anaconda3/envs/luffycity/lib/python3.8/site-packages/rest_framework/pagination.py", line 216, in paginate_queryset
    raise NotFound(msg)
rest_framework.exceptions.NotFound: 
ERROR "GET /courses/search/?page=11&size=5&text=%E9%A1%B9%E7%9B%AE&ordering=-id HTTP/1.1" 500 122692
INFO "GET /courses/category/0/ HTTP/1.1" 200 3333
INFO "GET /courses/directions/ HTTP/1.1" 200 359
INFO "GET /courses/0/0/?page=1&size=5&ordering=-id HTTP/1.1" 200 1851
INFO "GET /courses/search/?page=1&size=5&text=%E5%B7%A5&ordering=-id HTTP/1.1" 200 2565
INFO "GET /courses/search/?page=1&size=5&text=%E5%B7%A5&ordering=-id HTTP/1.1" 200 2565
INFO "GET /courses/search/?page=1&size=5&text=%E5%B7%A5&ordering=-id HTTP/1.1" 200 2565
INFO "GET /courses/search/?page=1&size=5&text=%E5%B7%A5&ordering=-id HTTP/1.1" 200 2565
INFO "GET /courses/search/?page=1&size=5&text=%E5%B7%A5&ordering=-id HTTP/1.1" 200 2565
INFO "GET /courses/search/?page=1&size=5&text=%E5%B7%A5&ordering=-id HTTP/1.1" 200 2565
INFO "GET /courses/search/?page=1&size=5&text=%E5%B7%A5&ordering=-id HTTP/1.1" 200 2565
INFO "GET /courses/search/?page=1&size=5&text=%E5%B7%A5&ordering=-id HTTP/1.1" 200 2565
INFO "GET /courses/search/?page=1&size=5&text=%E5%B7%A5&ordering=-id HTTP/1.1" 200 2565
INFO "GET /courses/search/?page=1&size=5&text=%E5%B7%A5&ordering=-id HTTP/1.1" 200 2565
INFO "GET /courses/directions/ HTTP/1.1" 200 359
INFO "GET /courses/0/0/?page=1&size=5&ordering=-id HTTP/1.1" 200 1850
INFO "GET /courses/category/0/ HTTP/1.1" 200 3333
INFO "GET /courses/search/?page=1&size=5&text=%E8%80%81%E5%B8%88&ordering=-id HTTP/1.1" 200 2510
INFO "GET /courses/search/?page=6&size=5&text=%E8%80%81%E5%B8%88&ordering=-id HTTP/1.1" 200 1067
INFO "GET /courses/search/?page=1&size=5&text=%E8%80%81%E5%B8%88&ordering=-id HTTP/1.1" 200 2510
INFO "GET /courses/search/?page=6&size=5&text=%E8%80%81%E5%B8%88&ordering=-id HTTP/1.1" 200 1067
INFO "GET /courses/search/?page=6&size=5&text=%E8%80%81%E5%B8%88&ordering=-students HTTP/1.1" 200 1142
INFO "GET /courses/search/?page=6&size=5&text=%E8%80%81%E5%B8%88&ordering=-orders HTTP/1.1" 200 1102
INFO "GET /courses/search/?page=6&size=5&text=%E8%80%81%E5%B8%88&ordering=-id HTTP/1.1" 200 1067
INFO "GET /courses/search/?page=1&size=5&text=%E8%80%81%E5%B8%88&ordering=-id HTTP/1.1" 200 2510
INFO "GET /courses/category/1/ HTTP/1.1" 200 286
INFO "GET /courses/search/?page=1&size=5&text=%E8%80%81%E5%B8%88&ordering=-id HTTP/1.1" 200 2510
INFO "GET /courses/category/6/ HTTP/1.1" 200 427
INFO "GET /courses/search/?page=1&size=5&text=%E8%80%81%E5%B8%88&ordering=-id HTTP/1.1" 200 2510
INFO "GET /courses/category/5/ HTTP/1.1" 200 417
INFO "GET /courses/search/?page=1&size=5&text=%E8%80%81%E5%B8%88&ordering=-id HTTP/1.1" 200 2510
INFO "GET /courses/search/?page=1&size=5&text=%E8%80%81%E5%B8%88&ordering=-id HTTP/1.1" 200 2510
INFO "GET /courses/search/?page=1&size=5&text=%E8%80%81%E5%B8%88&ordering=-id HTTP/1.1" 200 2510
INFO "GET /courses/search/?page=1&size=5&text=%E8%80%81%E5%B8%88&ordering=-id HTTP/1.1" 200 2510
INFO "GET /courses/category/6/ HTTP/1.1" 200 427
INFO "GET /courses/search/?page=1&size=5&text=%E8%80%81%E5%B8%88&ordering=-id HTTP/1.1" 200 2510
INFO "GET /courses/search/?page=1&size=5&text=%E8%80%81%E5%B8%88&ordering=-id HTTP/1.1" 200 2510
INFO "GET /courses/search/?page=2&size=5&text=%E8%80%81%E5%B8%88&ordering=-id HTTP/1.1" 200 2600
INFO "GET /courses/search/?page=3&size=5&text=%E8%80%81%E5%B8%88&ordering=-id HTTP/1.1" 200 2722
INFO "GET /courses/search/?page=3&size=5&text=%E8%80%81%E5%B8%88&ordering=-id HTTP/1.1" 200 2722
INFO "GET /courses/search/?page=3&size=5&text=%E8%80%81%E5%B8%88&ordering=-id HTTP/1.1" 200 2722
INFO "GET /courses/search/?page=3&size=5&text=%E8%80%81%E5%B8%88&ordering=-id HTTP/1.1" 200 2722
INFO "GET /courses/search/?page=3&size=5&text=%E8%80%81%E5%B8%88&ordering=-id HTTP/1.1" 200 2722
INFO "GET /courses/category/0/ HTTP/1.1" 200 3333
INFO "GET /courses/search/?page=3&size=5&text=%E8%80%81%E5%B8%88&ordering=-id HTTP/1.1" 200 2722
INFO "GET /courses/category/0/ HTTP/1.1" 200 3333
INFO "GET /courses/directions/ HTTP/1.1" 200 359
INFO "GET /courses/0/0/?page=1&size=5&ordering=-id HTTP/1.1" 200 1849
INFO "GET /courses/category/1/ HTTP/1.1" 200 286
INFO "GET /courses/1/0/?page=1&size=5&ordering=-id HTTP/1.1" 200 1928
INFO "GET /courses/1/13/?page=1&size=5&ordering=-id HTTP/1.1" 200 404
INFO "GET /courses/1/30/?page=1&size=5&ordering=-id HTTP/1.1" 200 52
INFO "GET /courses/1/13/?page=1&size=5&ordering=-id HTTP/1.1" 200 404
INFO "GET /courses/category/3/ HTTP/1.1" 200 180
INFO "GET /courses/3/0/?page=1&size=5&ordering=-id HTTP/1.1" 200 1914
INFO "GET /courses/3/0/?page=1&size=5&ordering=-id HTTP/1.1" 200 1913
INFO "GET /courses/3/10/?page=1&size=5&ordering=-id HTTP/1.1" 200 52
INFO "GET /courses/3/20/?page=1&size=5&ordering=-id HTTP/1.1" 200 52
INFO "GET /courses/3/60/?page=1&size=5&ordering=-id HTTP/1.1" 200 420
INFO "GET /courses/3/61/?page=1&size=5&ordering=-id HTTP/1.1" 200 52
INFO "GET /courses/0/0/?page=1&size=5&ordering=-id HTTP/1.1" 200 1850
INFO "GET /courses/0/0/?page=1&size=5&ordering=-id HTTP/1.1" 200 1851
INFO "GET /courses/category/0/ HTTP/1.1" 200 3333
INFO "GET /courses/0/1/?page=1&size=5&ordering=-id HTTP/1.1" 200 419
INFO "GET /courses/0/2/?page=1&size=5&ordering=-id HTTP/1.1" 200 786
INFO "GET /courses/0/3/?page=1&size=5&ordering=-id HTTP/1.1" 200 1119
INFO "GET /courses/0/5/?page=1&size=5&ordering=-id HTTP/1.1" 200 1484
INFO "GET /courses/category/1/ HTTP/1.1" 200 286
INFO "GET /courses/1/0/?page=1&size=5&ordering=-id HTTP/1.1" 200 1927
INFO "GET /courses/1/0/?page=1&size=5&ordering=-id HTTP/1.1" 200 1927
INFO "GET /courses/1/0/?page=2&size=5&ordering=-id HTTP/1.1" 200 1979
INFO "GET /courses/1/0/?page=4&size=5&ordering=-id HTTP/1.1" 200 1898
ERROR Internal Server Error: /courses/1/13/
Traceback (most recent call last):
  File "/home/caoruchen/anaconda3/envs/luffycity/lib/python3.8/site-packages/rest_framework/pagination.py", line 211, in paginate_queryset
    self.page = paginator.page(page_number)
  File "/home/caoruchen/anaconda3/envs/luffycity/lib/python3.8/site-packages/django/core/paginator.py", line 72, in page
    number = self.validate_number(number)
  File "/home/caoruchen/anaconda3/envs/luffycity/lib/python3.8/site-packages/django/core/paginator.py", line 54, in validate_number
    raise EmptyPage(_("That page contains no results"))
django.core.paginator.EmptyPage: 

During handling of the above exception, another exception occurred:

Traceback (most recent call last):
  File "/home/caoruchen/anaconda3/envs/luffycity/lib/python3.8/site-packages/django/core/handlers/exception.py", line 55, in inner
    response = get_response(request)
  File "/home/caoruchen/anaconda3/envs/luffycity/lib/python3.8/site-packages/django/core/handlers/base.py", line 197, in _get_response
    response = wrapped_callback(request, *callback_args, **callback_kwargs)
  File "/home/caoruchen/anaconda3/envs/luffycity/lib/python3.8/site-packages/django/views/decorators/csrf.py", line 56, in wrapper_view
    return view_func(*args, **kwargs)
  File "/home/caoruchen/anaconda3/envs/luffycity/lib/python3.8/site-packages/django/views/generic/base.py", line 104, in view
    return self.dispatch(request, *args, **kwargs)
  File "/home/caoruchen/anaconda3/envs/luffycity/lib/python3.8/site-packages/rest_framework/views.py", line 509, in dispatch
    response = self.handle_exception(exc)
  File "/home/caoruchen/anaconda3/envs/luffycity/lib/python3.8/site-packages/rest_framework/views.py", line 469, in handle_exception
    self.raise_uncaught_exception(exc)
  File "/home/caoruchen/anaconda3/envs/luffycity/lib/python3.8/site-packages/rest_framework/views.py", line 480, in raise_uncaught_exception
    raise exc
  File "/home/caoruchen/anaconda3/envs/luffycity/lib/python3.8/site-packages/rest_framework/views.py", line 506, in dispatch
    response = handler(request, *args, **kwargs)
  File "/home/caoruchen/anaconda3/envs/luffycity/lib/python3.8/site-packages/rest_framework/generics.py", line 203, in get
    return self.list(request, *args, **kwargs)
  File "/home/caoruchen/anaconda3/envs/luffycity/lib/python3.8/site-packages/rest_framework/mixins.py", line 40, in list
    page = self.paginate_queryset(queryset)
  File "/home/caoruchen/anaconda3/envs/luffycity/lib/python3.8/site-packages/rest_framework/generics.py", line 175, in paginate_queryset
    return self.paginator.paginate_queryset(queryset, self.request, view=self)
  File "/home/caoruchen/anaconda3/envs/luffycity/lib/python3.8/site-packages/rest_framework/pagination.py", line 216, in paginate_queryset
    raise NotFound(msg)
rest_framework.exceptions.NotFound: 
ERROR "GET /courses/1/13/?page=4&size=5&ordering=-id HTTP/1.1" 500 125845
INFO "GET /courses/directions/ HTTP/1.1" 200 359
INFO "GET /courses/0/0/?page=1&size=5&ordering=-id HTTP/1.1" 200 1850
INFO "GET /courses/category/0/ HTTP/1.1" 200 3333
