INFO 2024-12-15 15:38:07,593 autoreload Watching for file changes with StatReloader
INFO Watching for file changes with StatReloader
INFO Watching for file changes with StatReloader
INFO Watching for file changes with StatReloader
INFO /home/caoruchen/Desktop/luffycity/luffycityapi/luffycityapi/settings/dev.py changed, reloading.
INFO Watching for file changes with StatReloader
INFO /home/caoruchen/Desktop/luffycity/luffycityapi/luffycityapi/settings/dev.py changed, reloading.
INFO Watching for file changes with StatReloader
INFO /home/caoruchen/Desktop/luffycity/luffycityapi/luffycityapi/settings/dev.py changed, reloading.
INFO Watching for file changes with StatReloader
INFO /home/caoruchen/Desktop/luffycity/luffycityapi/luffycityapi/settings/dev.py changed, reloading.
INFO Watching for file changes with StatReloader
INFO /home/caoruchen/Desktop/luffycity/luffycityapi/luffycityapi/settings/dev.py changed, reloading.
INFO Watching for file changes with StatReloader
INFO Watching for file changes with StatReloader
INFO /home/caoruchen/Desktop/luffycity/luffycityapi/luffycityapi/apps/home/apps.py changed, reloading.
INFO Watching for file changes with StatReloader
INFO /home/caoruchen/Desktop/luffycity/luffycityapi/luffycityapi/settings/dev.py changed, reloading.
INFO Watching for file changes with StatReloader
INFO /home/caoruchen/Desktop/luffycity/luffycityapi/luffycityapi/settings/dev.py changed, reloading.
INFO Watching for file changes with StatReloader
INFO /home/caoruchen/Desktop/luffycity/luffycityapi/luffycityapi/settings/dev.py changed, reloading.
INFO Watching for file changes with StatReloader
INFO /home/caoruchen/Desktop/luffycity/luffycityapi/luffycityapi/settings/dev.py changed, reloading.
INFO Watching for file changes with StatReloader
INFO /home/caoruchen/Desktop/luffycity/luffycityapi/luffycityapi/settings/dev.py changed, reloading.
INFO Watching for file changes with StatReloader
INFO /home/caoruchen/Desktop/luffycity/luffycityapi/luffycityapi/urls.py changed, reloading.
INFO Watching for file changes with StatReloader
INFO /home/caoruchen/Desktop/luffycity/luffycityapi/luffycityapi/urls.py changed, reloading.
INFO Watching for file changes with StatReloader
INFO /home/caoruchen/Desktop/luffycity/luffycityapi/luffycityapi/apps/home/urls.py changed, reloading.
INFO Watching for file changes with StatReloader
WARNING Not Found: /
WARNING "GET / HTTP/1.1" 404 2170
WARNING Not Found: /favicon.ico
WARNING Not Found: /test/
WARNING "GET /test/ HTTP/1.1" 404 2203
WARNING Not Found: /home/
WARNING "GET /home/ HTTP/1.1" 404 2255
INFO "GET /home/test/ HTTP/1.1" 200 5129
INFO "GET /static/rest_framework/css/bootstrap-tweaks.css HTTP/1.1" 200 3426
INFO "GET /static/rest_framework/css/prettify.css HTTP/1.1" 200 817
INFO "GET /static/rest_framework/js/csrf.js HTTP/1.1" 200 1793
INFO "GET /static/rest_framework/css/default.css HTTP/1.1" 200 1152
INFO "GET /static/rest_framework/js/bootstrap.min.js HTTP/1.1" 200 39680
INFO "GET /static/rest_framework/css/bootstrap.min.css HTTP/1.1" 200 121457
INFO "GET /static/rest_framework/js/ajax-form.js HTTP/1.1" 200 3796
INFO "GET /static/rest_framework/js/jquery-3.7.1.min.js HTTP/1.1" 200 87533
INFO "GET /static/rest_framework/js/default.js HTTP/1.1" 200 1268
INFO "GET /static/rest_framework/js/prettify-min.js HTTP/1.1" 200 13632
INFO "GET /static/rest_framework/js/load-ajax-form.js HTTP/1.1" 200 59
INFO "GET /static/rest_framework/img/grid.png HTTP/1.1" 200 1458
INFO "GET /home/test/ HTTP/1.1" 200 5129
INFO /home/caoruchen/Desktop/luffycity/luffycityapi/luffycityapi/apps/home/views.py changed, reloading.
INFO Watching for file changes with StatReloader
INFO GET request received.
INFO "GET /home/test/ HTTP/1.1" 200 5129
INFO /home/caoruchen/Desktop/luffycity/luffycityapi/luffycityapi/apps/home/views.py changed, reloading.
INFO Watching for file changes with StatReloader
INFO /home/caoruchen/Desktop/luffycity/luffycityapi/luffycityapi/apps/home/views.py changed, reloading.
INFO Watching for file changes with StatReloader
INFO GET request received.
ERROR Internal Server Error: /home/test/
Traceback (most recent call last):
  File "/home/caoruchen/anaconda3/envs/luffycity/lib/python3.8/site-packages/django/core/handlers/exception.py", line 55, in inner
    response = get_response(request)
  File "/home/caoruchen/anaconda3/envs/luffycity/lib/python3.8/site-packages/django/core/handlers/base.py", line 197, in _get_response
    response = wrapped_callback(request, *callback_args, **callback_kwargs)
  File "/home/caoruchen/anaconda3/envs/luffycity/lib/python3.8/site-packages/django/views/decorators/csrf.py", line 56, in wrapper_view
    return view_func(*args, **kwargs)
  File "/home/caoruchen/anaconda3/envs/luffycity/lib/python3.8/site-packages/django/views/generic/base.py", line 104, in view
    return self.dispatch(request, *args, **kwargs)
  File "/home/caoruchen/anaconda3/envs/luffycity/lib/python3.8/site-packages/rest_framework/views.py", line 509, in dispatch
    response = self.handle_exception(exc)
  File "/home/caoruchen/anaconda3/envs/luffycity/lib/python3.8/site-packages/rest_framework/views.py", line 469, in handle_exception
    self.raise_uncaught_exception(exc)
  File "/home/caoruchen/anaconda3/envs/luffycity/lib/python3.8/site-packages/rest_framework/views.py", line 480, in raise_uncaught_exception
    raise exc
  File "/home/caoruchen/anaconda3/envs/luffycity/lib/python3.8/site-packages/rest_framework/views.py", line 506, in dispatch
    response = handler(request, *args, **kwargs)
  File "/home/caoruchen/Desktop/luffycity/luffycityapi/luffycityapi/apps/home/views.py", line 11, in get
    1 / 0
ZeroDivisionError: division by zero
ERROR "GET /home/test/ HTTP/1.1" 500 91376
INFO /home/caoruchen/Desktop/luffycity/luffycityapi/luffycityapi/utils/exceptions.py changed, reloading.
INFO Watching for file changes with StatReloader
INFO Watching for file changes with StatReloader
INFO GET request received.
ERROR Internal Server Error: /home/test/
Traceback (most recent call last):
  File "/home/caoruchen/anaconda3/envs/luffycity/lib/python3.8/site-packages/django/core/handlers/exception.py", line 55, in inner
    response = get_response(request)
  File "/home/caoruchen/anaconda3/envs/luffycity/lib/python3.8/site-packages/django/core/handlers/base.py", line 197, in _get_response
    response = wrapped_callback(request, *callback_args, **callback_kwargs)
  File "/home/caoruchen/anaconda3/envs/luffycity/lib/python3.8/site-packages/django/views/decorators/csrf.py", line 56, in wrapper_view
    return view_func(*args, **kwargs)
  File "/home/caoruchen/anaconda3/envs/luffycity/lib/python3.8/site-packages/django/views/generic/base.py", line 104, in view
    return self.dispatch(request, *args, **kwargs)
  File "/home/caoruchen/anaconda3/envs/luffycity/lib/python3.8/site-packages/rest_framework/views.py", line 509, in dispatch
    response = self.handle_exception(exc)
  File "/home/caoruchen/anaconda3/envs/luffycity/lib/python3.8/site-packages/rest_framework/views.py", line 469, in handle_exception
    self.raise_uncaught_exception(exc)
  File "/home/caoruchen/anaconda3/envs/luffycity/lib/python3.8/site-packages/rest_framework/views.py", line 480, in raise_uncaught_exception
    raise exc
  File "/home/caoruchen/anaconda3/envs/luffycity/lib/python3.8/site-packages/rest_framework/views.py", line 506, in dispatch
    response = handler(request, *args, **kwargs)
  File "/home/caoruchen/Desktop/luffycity/luffycityapi/luffycityapi/apps/home/views.py", line 11, in get
    1 / 0
ZeroDivisionError: division by zero
ERROR "GET /home/test/ HTTP/1.1" 500 105984
INFO Watching for file changes with StatReloader
INFO /home/caoruchen/Desktop/luffycity/luffycityapi/luffycityapi/settings/dev.py changed, reloading.
INFO Watching for file changes with StatReloader
INFO /home/caoruchen/Desktop/luffycity/luffycityapi/luffycityapi/apps/home/views.py changed, reloading.
INFO Watching for file changes with StatReloader
INFO GET request received.
ERROR Internal Server Error: /home/test/
Traceback (most recent call last):
  File "/home/caoruchen/anaconda3/envs/luffycity/lib/python3.8/site-packages/django/core/handlers/exception.py", line 55, in inner
    response = get_response(request)
  File "/home/caoruchen/anaconda3/envs/luffycity/lib/python3.8/site-packages/django/core/handlers/base.py", line 197, in _get_response
    response = wrapped_callback(request, *callback_args, **callback_kwargs)
  File "/home/caoruchen/anaconda3/envs/luffycity/lib/python3.8/site-packages/django/views/decorators/csrf.py", line 56, in wrapper_view
    return view_func(*args, **kwargs)
  File "/home/caoruchen/anaconda3/envs/luffycity/lib/python3.8/site-packages/django/views/generic/base.py", line 104, in view
    return self.dispatch(request, *args, **kwargs)
  File "/home/caoruchen/anaconda3/envs/luffycity/lib/python3.8/site-packages/rest_framework/views.py", line 509, in dispatch
    response = self.handle_exception(exc)
  File "/home/caoruchen/anaconda3/envs/luffycity/lib/python3.8/site-packages/rest_framework/views.py", line 469, in handle_exception
    self.raise_uncaught_exception(exc)
  File "/home/caoruchen/anaconda3/envs/luffycity/lib/python3.8/site-packages/rest_framework/views.py", line 480, in raise_uncaught_exception
    raise exc
  File "/home/caoruchen/anaconda3/envs/luffycity/lib/python3.8/site-packages/rest_framework/views.py", line 506, in dispatch
    response = handler(request, *args, **kwargs)
  File "/home/caoruchen/Desktop/luffycity/luffycityapi/luffycityapi/apps/home/views.py", line 12, in get
    1 / 0
ZeroDivisionError: division by zero
ERROR "GET /home/test/ HTTP/1.1" 500 91330
INFO /home/caoruchen/Desktop/luffycity/luffycityapi/luffycityapi/utils/exceptions.py changed, reloading.
INFO Watching for file changes with StatReloader
INFO /home/caoruchen/Desktop/luffycity/luffycityapi/luffycityapi/settings/dev.py changed, reloading.
INFO Watching for file changes with StatReloader
INFO GET request received.
ERROR ZeroDivisionError detected
ERROR Internal Server Error: /home/test/
ERROR "GET /home/test/ HTTP/1.1" 500 5168
INFO Watching for file changes with StatReloader
INFO Watching for file changes with StatReloader
INFO Watching for file changes with StatReloader
INFO Watching for file changes with StatReloader
WARNING Not Found: /
WARNING "GET / HTTP/1.1" 404 2177
WARNING Not Found: /
WARNING "GET / HTTP/1.1" 404 2177
WARNING Not Found: /home/
WARNING "GET /home/ HTTP/1.1" 404 2262
INFO GET request received.
INFO "GET /home/test/ HTTP/1.1" 200 5129
INFO "GET /static/rest_framework/js/ajax-form.js HTTP/1.1" 200 3796
INFO "GET /static/rest_framework/css/default.css HTTP/1.1" 200 1152
INFO "GET /static/rest_framework/css/prettify.css HTTP/1.1" 200 817
INFO "GET /static/rest_framework/css/bootstrap.min.css HTTP/1.1" 200 121457
INFO "GET /static/rest_framework/css/bootstrap-tweaks.css HTTP/1.1" 200 3426
INFO "GET /static/rest_framework/js/csrf.js HTTP/1.1" 200 1793
INFO "GET /static/rest_framework/js/prettify-min.js HTTP/1.1" 200 13632
INFO "GET /static/rest_framework/js/default.js HTTP/1.1" 200 1268
INFO "GET /static/rest_framework/js/bootstrap.min.js HTTP/1.1" 200 39680
INFO "GET /static/rest_framework/js/jquery-3.7.1.min.js HTTP/1.1" 200 87533
INFO "GET /static/rest_framework/js/load-ajax-form.js HTTP/1.1" 200 59
INFO "GET /static/rest_framework/img/grid.png HTTP/1.1" 200 1458
INFO "GET /static/rest_framework/js/load-ajax-form.js HTTP/1.1" 200 59
INFO "GET /static/rest_framework/css/bootstrap.min.css.map HTTP/1.1" 200 540434
INFO Watching for file changes with StatReloader
INFO GET request received.
INFO "GET /home/test/ HTTP/1.1" 200 5129
INFO Watching for file changes with StatReloader
INFO GET request received.
INFO "GET /home/test/ HTTP/1.1" 200 5129
INFO "GET /static/rest_framework/css/bootstrap.min.css HTTP/1.1" 304 0
INFO "GET /static/rest_framework/css/bootstrap-tweaks.css HTTP/1.1" 304 0
INFO "GET /static/rest_framework/css/prettify.css HTTP/1.1" 304 0
INFO "GET /static/rest_framework/js/bootstrap.min.js HTTP/1.1" 304 0
INFO "GET /static/rest_framework/js/csrf.js HTTP/1.1" 304 0
INFO "GET /static/rest_framework/js/jquery-3.7.1.min.js HTTP/1.1" 304 0
INFO "GET /static/rest_framework/css/default.css HTTP/1.1" 304 0
INFO "GET /static/rest_framework/js/ajax-form.js HTTP/1.1" 304 0
INFO "GET /static/rest_framework/js/load-ajax-form.js HTTP/1.1" 304 0
INFO "GET /static/rest_framework/js/default.js HTTP/1.1" 304 0
INFO "GET /static/rest_framework/js/prettify-min.js HTTP/1.1" 304 0
INFO "GET /static/rest_framework/img/grid.png HTTP/1.1" 304 0
INFO "GET /static/rest_framework/css/bootstrap.min.css.map HTTP/1.1" 304 0
INFO GET request received.
INFO "GET /home/test/ HTTP/1.1" 200 5129
INFO "GET /static/rest_framework/css/prettify.css HTTP/1.1" 200 817
INFO "GET /static/rest_framework/css/bootstrap-tweaks.css HTTP/1.1" 200 3426
INFO "GET /static/rest_framework/css/default.css HTTP/1.1" 200 1152
INFO "GET /static/rest_framework/js/ajax-form.js HTTP/1.1" 200 3796
INFO "GET /static/rest_framework/js/prettify-min.js HTTP/1.1" 200 13632
INFO "GET /static/rest_framework/js/bootstrap.min.js HTTP/1.1" 200 39680
INFO "GET /static/rest_framework/js/csrf.js HTTP/1.1" 200 1793
INFO "GET /static/rest_framework/js/default.js HTTP/1.1" 200 1268
INFO "GET /static/rest_framework/css/bootstrap.min.css HTTP/1.1" 200 121457
INFO "GET /static/rest_framework/js/jquery-3.7.1.min.js HTTP/1.1" 200 87533
INFO "GET /static/rest_framework/js/load-ajax-form.js HTTP/1.1" 200 59
INFO "GET /static/rest_framework/img/grid.png HTTP/1.1" 200 1458
WARNING Not Found: /login
WARNING "GET /login HTTP/1.1" 404 2210
INFO "GET /admin HTTP/1.1" 301 0
INFO "GET /admin/ HTTP/1.1" 302 0
INFO "GET /admin/login/?next=/admin/ HTTP/1.1" 200 4181
INFO "GET /static/admin/js/theme.js HTTP/1.1" 200 1943
INFO "GET /static/admin/css/dark_mode.css HTTP/1.1" 200 2929
INFO "GET /static/admin/css/login.css HTTP/1.1" 200 958
INFO "GET /static/admin/css/base.css HTTP/1.1" 200 21310
INFO "GET /static/admin/js/nav_sidebar.js HTTP/1.1" 200 3063
INFO "GET /static/admin/css/nav_sidebar.css HTTP/1.1" 200 2694
INFO "GET /static/admin/css/responsive.css HTTP/1.1" 200 18559
INFO GET request received.
INFO "GET /home/test/ HTTP/1.1" 200 5129
WARNING Not Found: /login
WARNING "GET /login HTTP/1.1" 404 2210
WARNING Not Found: /login
WARNING "GET /login HTTP/1.1" 404 2210
WARNING Not Found: /login
WARNING "GET /login HTTP/1.1" 404 2210
WARNING Not Found: /login
WARNING "GET /login HTTP/1.1" 404 2210
INFO "GET /home/test HTTP/1.1" 301 0
INFO GET request received.
INFO "GET /home/test/ HTTP/1.1" 200 31
INFO GET request received.
INFO "GET /home/test/ HTTP/1.1" 200 31
INFO GET request received.
INFO "GET /home/test/ HTTP/1.1" 200 31
INFO GET request received.
INFO "GET /home/test/ HTTP/1.1" 200 31
INFO Watching for file changes with StatReloader
INFO Watching for file changes with StatReloader
INFO "GET /home/test HTTP/1.1" 301 0
INFO GET request received.
INFO "GET /home/test/ HTTP/1.1" 200 31
INFO GET request received.
INFO "GET /home/test/ HTTP/1.1" 200 31
INFO GET request received.
INFO "GET /home/test/ HTTP/1.1" 200 31
INFO GET request received.
INFO "GET /home/test/ HTTP/1.1" 200 31
INFO GET request received.
INFO "GET /home/test/ HTTP/1.1" 200 31
INFO Watching for file changes with StatReloader
INFO Watching for file changes with StatReloader
INFO Watching for file changes with StatReloader
INFO /home/caoruchen/Desktop/luffycity/luffycityapi/luffycityapi/apps/home/models.py changed, reloading.
INFO Watching for file changes with StatReloader
INFO /home/caoruchen/Desktop/luffycity/luffycityapi/luffycityapi/settings/dev.py changed, reloading.
INFO Watching for file changes with StatReloader
INFO /home/caoruchen/Desktop/luffycity/luffycityapi/luffycityapi/settings/dev.py changed, reloading.
INFO Watching for file changes with StatReloader
INFO Watching for file changes with StatReloader
INFO /home/caoruchen/Desktop/luffycity/luffycityapi/luffycityapi/apps/home/views.py changed, reloading.
INFO Watching for file changes with StatReloader
INFO /home/caoruchen/Desktop/luffycity/luffycityapi/luffycityapi/apps/home/views.py changed, reloading.
INFO Watching for file changes with StatReloader
INFO /home/caoruchen/Desktop/luffycity/luffycityapi/luffycityapi/apps/home/urls.py changed, reloading.
INFO Watching for file changes with StatReloader
INFO /home/caoruchen/Desktop/luffycity/luffycityapi/luffycityapi/apps/home/urls.py changed, reloading.
INFO Watching for file changes with StatReloader
WARNING Not Found: /
WARNING "GET / HTTP/1.1" 404 2177
WARNING Not Found: /nav/header/
WARNING "GET /nav/header/ HTTP/1.1" 404 2228
WARNING Not Found: /nav/header
WARNING "GET /nav/header HTTP/1.1" 404 2225
INFO "GET /home/nav/header HTTP/1.1" 301 0
INFO "GET /home/nav/header/ HTTP/1.1" 200 6025
INFO "GET /static/rest_framework/css/bootstrap-tweaks.css HTTP/1.1" 304 0
INFO "GET /static/rest_framework/css/default.css HTTP/1.1" 304 0
INFO "GET /static/rest_framework/css/bootstrap.min.css HTTP/1.1" 304 0
INFO "GET /static/rest_framework/css/prettify.css HTTP/1.1" 304 0
INFO "GET /static/rest_framework/js/bootstrap.min.js HTTP/1.1" 304 0
INFO "GET /static/rest_framework/js/prettify-min.js HTTP/1.1" 304 0
INFO "GET /static/rest_framework/js/jquery-3.7.1.min.js HTTP/1.1" 304 0
INFO "GET /static/rest_framework/js/csrf.js HTTP/1.1" 304 0
INFO "GET /static/rest_framework/js/ajax-form.js HTTP/1.1" 304 0
INFO "GET /static/rest_framework/js/load-ajax-form.js HTTP/1.1" 304 0
INFO "GET /static/rest_framework/js/default.js HTTP/1.1" 304 0
INFO "GET /static/rest_framework/img/grid.png HTTP/1.1" 200 1458
INFO "GET /home/nav/footer/ HTTP/1.1" 200 6246
INFO Watching for file changes with StatReloader
WARNING Not Found: /nav/header/
WARNING Not Found: /home/test
WARNING "GET /nav/header/ HTTP/1.1" 404 2228
WARNING "GET /home/test HTTP/1.1" 404 2481
WARNING Not Found: /home/test
WARNING "GET /home/test HTTP/1.1" 404 2481
WARNING Not Found: /nav/header/
WARNING "GET /nav/header/ HTTP/1.1" 404 2228
WARNING Not Found: /
WARNING "GET / HTTP/1.1" 404 2177
INFO "GET /home/nav/header/ HTTP/1.1" 200 6025
INFO "GET /home/nav/header/ HTTP/1.1" 200 290
WARNING Not Found: /home/test
WARNING "GET /home/test HTTP/1.1" 404 2481
INFO "GET /home/nav/header/ HTTP/1.1" 200 290
WARNING Not Found: /home/test
WARNING "GET /home/test HTTP/1.1" 404 2481
INFO "GET /home/nav/header/ HTTP/1.1" 200 290
INFO "GET /home/nav/header/ HTTP/1.1" 200 290
INFO Watching for file changes with StatReloader
WARNING Not Found: /home/test
WARNING "GET /home/test HTTP/1.1" 404 2481
INFO "GET /home/nav/header/ HTTP/1.1" 200 290
INFO "GET /home/nav/footer/ HTTP/1.1" 200 386
INFO "GET /home/nav/header/ HTTP/1.1" 200 290
INFO "GET /home/nav/footer/ HTTP/1.1" 200 386
INFO "GET /home/nav/footer/ HTTP/1.1" 200 386
INFO "GET /home/nav/header/ HTTP/1.1" 200 290
INFO "GET /home/nav/footer/ HTTP/1.1" 200 386
WARNING Not Found: /home/test
WARNING "GET /home/test HTTP/1.1" 404 2481
INFO "GET /home/nav/footer/ HTTP/1.1" 200 386
INFO "GET /home/nav/header/ HTTP/1.1" 200 290
INFO "GET /home/nav/footer/ HTTP/1.1" 200 386
INFO "GET /home/nav/header/ HTTP/1.1" 200 290
INFO "GET /home/nav/footer/ HTTP/1.1" 200 386
INFO "GET /home/nav/header/ HTTP/1.1" 200 290
INFO "GET /home/nav/footer/ HTTP/1.1" 200 386
INFO "GET /home/nav/header/ HTTP/1.1" 200 290
INFO "GET /home/nav/footer/ HTTP/1.1" 200 386
INFO "GET /home/nav/header/ HTTP/1.1" 200 290
INFO Watching for file changes with StatReloader
WARNING Not Found: /
WARNING "GET / HTTP/1.1" 404 2303
INFO "GET /home/banner HTTP/1.1" 301 0
INFO "GET /home/banner/ HTTP/1.1" 200 6759
WARNING Not Found: /home/test
WARNING "GET /home/test HTTP/1.1" 404 2781
WARNING Not Found: /home/test
WARNING "GET /home/test HTTP/1.1" 404 2781
INFO "GET /home/nav/footer/ HTTP/1.1" 200 386
INFO "GET /home/nav/header/ HTTP/1.1" 200 290
WARNING Not Found: /home/test
WARNING "GET /home/test HTTP/1.1" 404 2781
INFO "GET /home/nav/footer/ HTTP/1.1" 200 386
INFO "GET /home/nav/header/ HTTP/1.1" 200 290
INFO "GET /home/nav/header/ HTTP/1.1" 200 290
INFO "GET /home/nav/footer/ HTTP/1.1" 200 386
INFO "GET /home/nav/footer/ HTTP/1.1" 200 386
INFO "GET /home/nav/header/ HTTP/1.1" 200 290
INFO Watching for file changes with StatReloader
INFO "GET /home/nav/footer/ HTTP/1.1" 200 386
INFO "GET /home/nav/header/ HTTP/1.1" 200 290
INFO "GET /home/uploads/banner/2022/1.jpg HTTP/1.1" 200 171972
WARNING Not Found: /favicon.ico
WARNING Not Found: /home/static/1.jpg
WARNING "GET /home/static/1.jpg HTTP/1.1" 404 2805
WARNING Not Found: /favicon.ico
WARNING Not Found: /home/static/1.jpg
WARNING "GET /home/static/1.jpg HTTP/1.1" 404 2805
WARNING "GET /static/1.jpg HTTP/1.1" 404 1781
WARNING "GET /static/1.jpg HTTP/1.1" 404 1781
WARNING "GET /static/2.jpg HTTP/1.1" 404 1781
WARNING "GET /static/2.jpg HTTP/1.1" 404 1781
WARNING "GET /static/1.jpg HTTP/1.1" 404 1781
WARNING "GET /static/ HTTP/1.1" 404 1774
WARNING Not Found: /favicon.ico
WARNING "GET /static/1 HTTP/1.1" 404 1769
INFO /home/caoruchen/Desktop/luffycity/luffycityapi/luffycityapi/urls.py changed, reloading.
INFO Watching for file changes with StatReloader
INFO /home/caoruchen/Desktop/luffycity/luffycityapi/luffycityapi/settings/dev.py changed, reloading.
INFO Watching for file changes with StatReloader
INFO /home/caoruchen/Desktop/luffycity/luffycityapi/luffycityapi/urls.py changed, reloading.
INFO Watching for file changes with StatReloader
WARNING "GET /static/1.jpg HTTP/1.1" 404 1781
WARNING Not Found: /favicon.ico
INFO "GET /static/2.jpg HTTP/1.1" 200 171972
WARNING Not Found: /favicon.ico
INFO Watching for file changes with StatReloader
INFO "GET /home/banner/ HTTP/1.1" 200 561
INFO "GET /home/nav/header/ HTTP/1.1" 200 290
INFO "GET /home/nav/footer/ HTTP/1.1" 200 386
INFO "GET /uploads/banner/2022/5.jpg HTTP/1.1" 200 158646
INFO "GET /uploads/banner/2022/1.jpg HTTP/1.1" 200 171972
INFO "GET /uploads/banner/2022/2.jpg HTTP/1.1" 200 176325
INFO "GET /uploads/banner/2022/3.jpg HTTP/1.1" 200 443034
INFO "GET /uploads/banner/2022/4.jpg HTTP/1.1" 200 1312893
INFO Watching for file changes with StatReloader
INFO "GET /home/nav/header/ HTTP/1.1" 200 290
INFO "GET /home/nav/footer/ HTTP/1.1" 200 386
INFO "GET /home/banner/ HTTP/1.1" 200 561
WARNING Not Found: /home/nav/
WARNING "GET /home/nav/ HTTP/1.1" 404 2781
INFO "GET /home/nav/header/ HTTP/1.1" 200 6025
INFO "GET /static/rest_framework/css/bootstrap-tweaks.css HTTP/1.1" 304 0
INFO "GET /static/rest_framework/css/prettify.css HTTP/1.1" 304 0
INFO "GET /static/rest_framework/css/bootstrap.min.css HTTP/1.1" 304 0
INFO "GET /static/rest_framework/js/bootstrap.min.js HTTP/1.1" 304 0
INFO "GET /static/rest_framework/js/csrf.js HTTP/1.1" 304 0
INFO "GET /static/rest_framework/css/default.css HTTP/1.1" 304 0
INFO "GET /static/rest_framework/js/jquery-3.7.1.min.js HTTP/1.1" 304 0
INFO "GET /static/rest_framework/js/prettify-min.js HTTP/1.1" 304 0
INFO "GET /static/rest_framework/js/default.js HTTP/1.1" 304 0
INFO "GET /static/rest_framework/js/ajax-form.js HTTP/1.1" 304 0
INFO "GET /static/rest_framework/js/load-ajax-form.js HTTP/1.1" 304 0
INFO "GET /static/rest_framework/img/grid.png HTTP/1.1" 200 1458
INFO "GET /home/nav/header/ HTTP/1.1" 200 6025
INFO "GET /static/rest_framework/css/bootstrap-tweaks.css HTTP/1.1" 200 3426
INFO "GET /static/rest_framework/css/default.css HTTP/1.1" 200 1152
INFO "GET /static/rest_framework/css/prettify.css HTTP/1.1" 200 817
INFO "GET /static/rest_framework/js/ajax-form.js HTTP/1.1" 200 3796
INFO "GET /static/rest_framework/js/csrf.js HTTP/1.1" 200 1793
INFO "GET /static/rest_framework/js/default.js HTTP/1.1" 200 1268
INFO "GET /static/rest_framework/js/prettify-min.js HTTP/1.1" 200 13632
INFO "GET /static/rest_framework/css/bootstrap.min.css HTTP/1.1" 200 121457
INFO "GET /static/rest_framework/js/jquery-3.7.1.min.js HTTP/1.1" 200 87533
INFO "GET /static/rest_framework/js/bootstrap.min.js HTTP/1.1" 200 39680
INFO "GET /static/rest_framework/js/load-ajax-form.js HTTP/1.1" 200 59
INFO "GET /static/rest_framework/img/grid.png HTTP/1.1" 200 1458
INFO "GET /home/nav/header/ HTTP/1.1" 200 290
INFO "GET /home/nav/footer/ HTTP/1.1" 200 386
INFO "GET /home/banner/ HTTP/1.1" 200 561
INFO "GET /home/nav/footer/ HTTP/1.1" 200 386
INFO "GET /home/nav/header/ HTTP/1.1" 200 290
INFO "GET /home/banner/ HTTP/1.1" 200 561
INFO "GET /home/nav/header/ HTTP/1.1" 200 290
INFO "GET /home/banner/ HTTP/1.1" 200 561
INFO "GET /home/nav/footer/ HTTP/1.1" 200 386
INFO Watching for file changes with StatReloader
INFO "GET /home/nav/header/ HTTP/1.1" 200 290
INFO "GET /home/nav/footer/ HTTP/1.1" 200 386
INFO "GET /home/banner/ HTTP/1.1" 200 561
INFO "GET /home/banner/ HTTP/1.1" 200 561
INFO "GET /home/nav/header/ HTTP/1.1" 200 290
INFO "GET /home/nav/footer/ HTTP/1.1" 200 386
INFO "GET /home/banner/ HTTP/1.1" 200 561
INFO "GET /home/nav/header/ HTTP/1.1" 200 290
INFO "GET /home/nav/footer/ HTTP/1.1" 200 386
INFO /home/caoruchen/Desktop/luffycity/luffycityapi/luffycityapi/utils/views.py changed, reloading.
INFO Watching for file changes with StatReloader
INFO "GET /home/nav/header/ HTTP/1.1" 200 290
INFO "GET /home/nav/footer/ HTTP/1.1" 200 386
INFO "GET /home/banner/ HTTP/1.1" 200 561
INFO /home/caoruchen/Desktop/luffycity/luffycityapi/luffycityapi/utils/views.py changed, reloading.
INFO Watching for file changes with StatReloader
INFO "GET /home/banner/ HTTP/1.1" 200 561
INFO "GET /home/nav/header/ HTTP/1.1" 200 290
INFO "GET /home/nav/footer/ HTTP/1.1" 200 386
INFO /home/caoruchen/Desktop/luffycity/luffycityapi/luffycityapi/utils/views.py changed, reloading.
INFO Watching for file changes with StatReloader
INFO /home/caoruchen/Desktop/luffycity/luffycityapi/luffycityapi/utils/constants.py changed, reloading.
INFO Watching for file changes with StatReloader
INFO "GET /home/nav/footer/ HTTP/1.1" 200 386
INFO "GET /home/nav/header/ HTTP/1.1" 200 290
INFO "GET /home/banner/ HTTP/1.1" 200 561
INFO Watching for file changes with StatReloader
INFO "GET /home/nav/footer/ HTTP/1.1" 200 386
INFO "GET /home/nav/header/ HTTP/1.1" 200 290
INFO "GET /home/banner/ HTTP/1.1" 200 561
INFO Watching for file changes with StatReloader
INFO "GET /admin/ HTTP/1.1" 302 0
INFO "GET /admin/login/?next=/admin/ HTTP/1.1" 200 4181
INFO "GET /static/admin/css/base.css HTTP/1.1" 304 0
INFO "GET /static/admin/js/theme.js HTTP/1.1" 304 0
INFO "GET /static/admin/css/nav_sidebar.css HTTP/1.1" 304 0
INFO "GET /static/admin/css/login.css HTTP/1.1" 304 0
INFO "GET /static/admin/css/dark_mode.css HTTP/1.1" 304 0
INFO "GET /static/admin/js/nav_sidebar.js HTTP/1.1" 304 0
INFO "GET /static/admin/css/responsive.css HTTP/1.1" 304 0
WARNING Not Found: /favicon.ico
INFO "POST /admin/login/?next=/admin/ HTTP/1.1" 302 0
INFO "GET /admin/ HTTP/1.1" 200 5151
INFO "GET /static/admin/css/dashboard.css HTTP/1.1" 200 441
INFO "GET /static/admin/img/icon-addlink.svg HTTP/1.1" 200 331
INFO "GET /static/admin/img/icon-changelink.svg HTTP/1.1" 200 380
INFO Watching for file changes with StatReloader
INFO /home/caoruchen/Desktop/luffycity/luffycityapi/luffycityapi/settings/dev.py changed, reloading.
INFO Watching for file changes with StatReloader
INFO /home/caoruchen/Desktop/luffycity/luffycityapi/luffycityapi/settings/dev.py changed, reloading.
INFO Watching for file changes with StatReloader
INFO /home/caoruchen/Desktop/luffycity/luffycityapi/luffycityapi/settings/dev.py changed, reloading.
INFO Watching for file changes with StatReloader
INFO /home/caoruchen/Desktop/luffycity/luffycityapi/luffycityapi/settings/dev.py changed, reloading.
INFO Watching for file changes with StatReloader
INFO /home/caoruchen/Desktop/luffycity/luffycityapi/luffycityapi/settings/dev.py changed, reloading.
INFO Watching for file changes with StatReloader
INFO Watching for file changes with StatReloader
INFO Watching for file changes with StatReloader
INFO Watching for file changes with StatReloader
INFO Watching for file changes with StatReloader
INFO /home/caoruchen/anaconda3/envs/luffycity/lib/python3.8/site-packages/rest_framework_jwt/serializers.py changed, reloading.
INFO Watching for file changes with StatReloader
INFO "OPTIONS /users/login/ HTTP/1.1" 200 0
WARNING Bad Request: /users/login/
WARNING "POST /users/login/ HTTP/1.1" 400 68
WARNING Bad Request: /users/login/
WARNING "POST /users/login/ HTTP/1.1" 400 68
WARNING Bad Request: /users/login/
WARNING "POST /users/login/ HTTP/1.1" 400 68
WARNING Bad Request: /users/login/
WARNING "POST /users/login/ HTTP/1.1" 400 68
WARNING Bad Request: /users/login/
WARNING "POST /users/login/ HTTP/1.1" 400 68
WARNING Bad Request: /users/login/
WARNING "POST /users/login/ HTTP/1.1" 400 68
WARNING Bad Request: /users/login/
WARNING "POST /users/login/ HTTP/1.1" 400 68
WARNING Bad Request: /users/login/
WARNING "POST /users/login/ HTTP/1.1" 400 68
WARNING Bad Request: /users/login/
WARNING "POST /users/login/ HTTP/1.1" 400 68
WARNING Bad Request: /users/login/
WARNING "POST /users/login/ HTTP/1.1" 400 68
WARNING Bad Request: /users/login/
WARNING "POST /users/login/ HTTP/1.1" 400 68
WARNING Bad Request: /users/login/
WARNING "POST /users/login/ HTTP/1.1" 400 68
WARNING Bad Request: /users/login/
WARNING "POST /users/login/ HTTP/1.1" 400 68
WARNING Bad Request: /users/login/
WARNING "POST /users/login/ HTTP/1.1" 400 68
WARNING Bad Request: /users/login/
WARNING "POST /users/login/ HTTP/1.1" 400 68
WARNING Bad Request: /users/login/
WARNING "POST /users/login/ HTTP/1.1" 400 68
WARNING Bad Request: /users/login/
WARNING "POST /users/login/ HTTP/1.1" 400 68
WARNING Bad Request: /users/login/
WARNING "POST /users/login/ HTTP/1.1" 400 68
WARNING Bad Request: /users/login/
WARNING "POST /users/login/ HTTP/1.1" 400 68
INFO Watching for file changes with StatReloader
WARNING Bad Request: /users/login/
WARNING "POST /users/login/ HTTP/1.1" 400 68
WARNING Bad Request: /users/login/
WARNING "POST /users/login/ HTTP/1.1" 400 68
INFO Watching for file changes with StatReloader
INFO "POST /users/login/ HTTP/1.1" 200 172
WARNING Bad Request: /users/login/
WARNING "POST /users/login/ HTTP/1.1" 400 68
INFO "POST /users/login/ HTTP/1.1" 200 172
INFO "GET /home/banner/ HTTP/1.1" 200 561
INFO "GET /home/nav/header/ HTTP/1.1" 200 290
INFO "GET /home/nav/footer/ HTTP/1.1" 200 386
INFO "POST /users/login/ HTTP/1.1" 200 172
INFO "POST /users/login/ HTTP/1.1" 200 172
INFO "POST /users/login/ HTTP/1.1" 200 172
INFO "POST /users/login/ HTTP/1.1" 200 172
INFO "POST /users/login/ HTTP/1.1" 200 172
INFO "POST /users/login/ HTTP/1.1" 200 172
INFO "POST /users/login/ HTTP/1.1" 200 172
INFO "POST /users/login/ HTTP/1.1" 200 172
INFO "POST /users/login/ HTTP/1.1" 200 172
INFO "POST /users/login/ HTTP/1.1" 200 172
INFO "POST /users/login/ HTTP/1.1" 200 172
INFO "POST /users/login/ HTTP/1.1" 200 172
INFO "POST /users/login/ HTTP/1.1" 200 172
INFO Watching for file changes with StatReloader
INFO "GET /home/banner/ HTTP/1.1" 200 561
INFO "GET /home/nav/footer/ HTTP/1.1" 200 386
INFO "GET /home/nav/header/ HTTP/1.1" 200 290
INFO /home/caoruchen/Desktop/luffycity/luffycityapi/luffycityapi/settings/dev.py changed, reloading.
INFO Watching for file changes with StatReloader
INFO /home/caoruchen/Desktop/luffycity/luffycityapi/luffycityapi/settings/dev.py changed, reloading.
INFO Watching for file changes with StatReloader
INFO /home/caoruchen/Desktop/luffycity/luffycityapi/luffycityapi/settings/dev.py changed, reloading.
INFO Watching for file changes with StatReloader
ERROR Internal Server Error: /users/login/
Traceback (most recent call last):
  File "/home/caoruchen/anaconda3/envs/luffycity/lib/python3.8/site-packages/django/utils/module_loading.py", line 25, in import_string
    module_path, class_name = dotted_path.rsplit(".", 1)
ValueError: not enough values to unpack (expected 2, got 1)

The above exception was the direct cause of the following exception:

Traceback (most recent call last):
  File "/home/caoruchen/anaconda3/envs/luffycity/lib/python3.8/site-packages/django/core/handlers/exception.py", line 55, in inner
    response = get_response(request)
  File "/home/caoruchen/anaconda3/envs/luffycity/lib/python3.8/site-packages/django/core/handlers/base.py", line 197, in _get_response
    response = wrapped_callback(request, *callback_args, **callback_kwargs)
  File "/home/caoruchen/anaconda3/envs/luffycity/lib/python3.8/site-packages/django/views/decorators/csrf.py", line 56, in wrapper_view
    return view_func(*args, **kwargs)
  File "/home/caoruchen/anaconda3/envs/luffycity/lib/python3.8/site-packages/django/views/generic/base.py", line 104, in view
    return self.dispatch(request, *args, **kwargs)
  File "/home/caoruchen/anaconda3/envs/luffycity/lib/python3.8/site-packages/rest_framework/views.py", line 509, in dispatch
    response = self.handle_exception(exc)
  File "/home/caoruchen/anaconda3/envs/luffycity/lib/python3.8/site-packages/rest_framework/views.py", line 469, in handle_exception
    self.raise_uncaught_exception(exc)
  File "/home/caoruchen/anaconda3/envs/luffycity/lib/python3.8/site-packages/rest_framework/views.py", line 480, in raise_uncaught_exception
    raise exc
  File "/home/caoruchen/anaconda3/envs/luffycity/lib/python3.8/site-packages/rest_framework/views.py", line 506, in dispatch
    response = handler(request, *args, **kwargs)
  File "/home/caoruchen/anaconda3/envs/luffycity/lib/python3.8/site-packages/rest_framework_jwt/views.py", line 57, in post
    if serializer.is_valid():
  File "/home/caoruchen/anaconda3/envs/luffycity/lib/python3.8/site-packages/rest_framework/serializers.py", line 223, in is_valid
    self._validated_data = self.run_validation(self.initial_data)
  File "/home/caoruchen/anaconda3/envs/luffycity/lib/python3.8/site-packages/rest_framework/serializers.py", line 445, in run_validation
    value = self.validate(value)
  File "/home/caoruchen/anaconda3/envs/luffycity/lib/python3.8/site-packages/rest_framework_jwt/serializers.py", line 50, in validate
    user = authenticate(**credentials)
  File "/home/caoruchen/anaconda3/envs/luffycity/lib/python3.8/site-packages/django/views/decorators/debug.py", line 42, in sensitive_variables_wrapper
    return func(*func_args, **func_kwargs)
  File "/home/caoruchen/anaconda3/envs/luffycity/lib/python3.8/site-packages/django/contrib/auth/__init__.py", line 68, in authenticate
    for backend, backend_path in _get_backends(return_tuples=True):
  File "/home/caoruchen/anaconda3/envs/luffycity/lib/python3.8/site-packages/django/contrib/auth/__init__.py", line 27, in _get_backends
    backend = load_backend(backend_path)
  File "/home/caoruchen/anaconda3/envs/luffycity/lib/python3.8/site-packages/django/contrib/auth/__init__.py", line 21, in load_backend
    return import_string(path)()
  File "/home/caoruchen/anaconda3/envs/luffycity/lib/python3.8/site-packages/django/utils/module_loading.py", line 27, in import_string
    raise ImportError("%s doesn't look like a module path" % dotted_path) from err
ImportError: l doesn't look like a module path
ERROR "POST /users/login/ HTTP/1.1" 500 135609
ERROR Internal Server Error: /users/login/
Traceback (most recent call last):
  File "/home/caoruchen/anaconda3/envs/luffycity/lib/python3.8/site-packages/django/utils/module_loading.py", line 25, in import_string
    module_path, class_name = dotted_path.rsplit(".", 1)
ValueError: not enough values to unpack (expected 2, got 1)

The above exception was the direct cause of the following exception:

Traceback (most recent call last):
  File "/home/caoruchen/anaconda3/envs/luffycity/lib/python3.8/site-packages/django/core/handlers/exception.py", line 55, in inner
    response = get_response(request)
  File "/home/caoruchen/anaconda3/envs/luffycity/lib/python3.8/site-packages/django/core/handlers/base.py", line 197, in _get_response
    response = wrapped_callback(request, *callback_args, **callback_kwargs)
  File "/home/caoruchen/anaconda3/envs/luffycity/lib/python3.8/site-packages/django/views/decorators/csrf.py", line 56, in wrapper_view
    return view_func(*args, **kwargs)
  File "/home/caoruchen/anaconda3/envs/luffycity/lib/python3.8/site-packages/django/views/generic/base.py", line 104, in view
    return self.dispatch(request, *args, **kwargs)
  File "/home/caoruchen/anaconda3/envs/luffycity/lib/python3.8/site-packages/rest_framework/views.py", line 509, in dispatch
    response = self.handle_exception(exc)
  File "/home/caoruchen/anaconda3/envs/luffycity/lib/python3.8/site-packages/rest_framework/views.py", line 469, in handle_exception
    self.raise_uncaught_exception(exc)
  File "/home/caoruchen/anaconda3/envs/luffycity/lib/python3.8/site-packages/rest_framework/views.py", line 480, in raise_uncaught_exception
    raise exc
  File "/home/caoruchen/anaconda3/envs/luffycity/lib/python3.8/site-packages/rest_framework/views.py", line 506, in dispatch
    response = handler(request, *args, **kwargs)
  File "/home/caoruchen/anaconda3/envs/luffycity/lib/python3.8/site-packages/rest_framework_jwt/views.py", line 57, in post
    if serializer.is_valid():
  File "/home/caoruchen/anaconda3/envs/luffycity/lib/python3.8/site-packages/rest_framework/serializers.py", line 223, in is_valid
    self._validated_data = self.run_validation(self.initial_data)
  File "/home/caoruchen/anaconda3/envs/luffycity/lib/python3.8/site-packages/rest_framework/serializers.py", line 445, in run_validation
    value = self.validate(value)
  File "/home/caoruchen/anaconda3/envs/luffycity/lib/python3.8/site-packages/rest_framework_jwt/serializers.py", line 50, in validate
    user = authenticate(**credentials)
  File "/home/caoruchen/anaconda3/envs/luffycity/lib/python3.8/site-packages/django/views/decorators/debug.py", line 42, in sensitive_variables_wrapper
    return func(*func_args, **func_kwargs)
  File "/home/caoruchen/anaconda3/envs/luffycity/lib/python3.8/site-packages/django/contrib/auth/__init__.py", line 68, in authenticate
    for backend, backend_path in _get_backends(return_tuples=True):
  File "/home/caoruchen/anaconda3/envs/luffycity/lib/python3.8/site-packages/django/contrib/auth/__init__.py", line 27, in _get_backends
    backend = load_backend(backend_path)
  File "/home/caoruchen/anaconda3/envs/luffycity/lib/python3.8/site-packages/django/contrib/auth/__init__.py", line 21, in load_backend
    return import_string(path)()
  File "/home/caoruchen/anaconda3/envs/luffycity/lib/python3.8/site-packages/django/utils/module_loading.py", line 27, in import_string
    raise ImportError("%s doesn't look like a module path" % dotted_path) from err
ImportError: l doesn't look like a module path
ERROR "POST /users/login/ HTTP/1.1" 500 135636
INFO Watching for file changes with StatReloader
INFO Watching for file changes with StatReloader
INFO "OPTIONS /users/login/ HTTP/1.1" 200 0
ERROR Internal Server Error: /users/login/
Traceback (most recent call last):
  File "/home/caoruchen/anaconda3/envs/luffycity/lib/python3.8/site-packages/django/utils/module_loading.py", line 25, in import_string
    module_path, class_name = dotted_path.rsplit(".", 1)
ValueError: not enough values to unpack (expected 2, got 1)

The above exception was the direct cause of the following exception:

Traceback (most recent call last):
  File "/home/caoruchen/anaconda3/envs/luffycity/lib/python3.8/site-packages/django/core/handlers/exception.py", line 55, in inner
    response = get_response(request)
  File "/home/caoruchen/anaconda3/envs/luffycity/lib/python3.8/site-packages/django/core/handlers/base.py", line 197, in _get_response
    response = wrapped_callback(request, *callback_args, **callback_kwargs)
  File "/home/caoruchen/anaconda3/envs/luffycity/lib/python3.8/site-packages/django/views/decorators/csrf.py", line 56, in wrapper_view
    return view_func(*args, **kwargs)
  File "/home/caoruchen/anaconda3/envs/luffycity/lib/python3.8/site-packages/django/views/generic/base.py", line 104, in view
    return self.dispatch(request, *args, **kwargs)
  File "/home/caoruchen/anaconda3/envs/luffycity/lib/python3.8/site-packages/rest_framework/views.py", line 509, in dispatch
    response = self.handle_exception(exc)
  File "/home/caoruchen/anaconda3/envs/luffycity/lib/python3.8/site-packages/rest_framework/views.py", line 469, in handle_exception
    self.raise_uncaught_exception(exc)
  File "/home/caoruchen/anaconda3/envs/luffycity/lib/python3.8/site-packages/rest_framework/views.py", line 480, in raise_uncaught_exception
    raise exc
  File "/home/caoruchen/anaconda3/envs/luffycity/lib/python3.8/site-packages/rest_framework/views.py", line 506, in dispatch
    response = handler(request, *args, **kwargs)
  File "/home/caoruchen/anaconda3/envs/luffycity/lib/python3.8/site-packages/rest_framework_jwt/views.py", line 57, in post
    if serializer.is_valid():
  File "/home/caoruchen/anaconda3/envs/luffycity/lib/python3.8/site-packages/rest_framework/serializers.py", line 223, in is_valid
    self._validated_data = self.run_validation(self.initial_data)
  File "/home/caoruchen/anaconda3/envs/luffycity/lib/python3.8/site-packages/rest_framework/serializers.py", line 445, in run_validation
    value = self.validate(value)
  File "/home/caoruchen/anaconda3/envs/luffycity/lib/python3.8/site-packages/rest_framework_jwt/serializers.py", line 50, in validate
    user = authenticate(**credentials)
  File "/home/caoruchen/anaconda3/envs/luffycity/lib/python3.8/site-packages/django/views/decorators/debug.py", line 42, in sensitive_variables_wrapper
    return func(*func_args, **func_kwargs)
  File "/home/caoruchen/anaconda3/envs/luffycity/lib/python3.8/site-packages/django/contrib/auth/__init__.py", line 68, in authenticate
    for backend, backend_path in _get_backends(return_tuples=True):
  File "/home/caoruchen/anaconda3/envs/luffycity/lib/python3.8/site-packages/django/contrib/auth/__init__.py", line 27, in _get_backends
    backend = load_backend(backend_path)
  File "/home/caoruchen/anaconda3/envs/luffycity/lib/python3.8/site-packages/django/contrib/auth/__init__.py", line 21, in load_backend
    return import_string(path)()
  File "/home/caoruchen/anaconda3/envs/luffycity/lib/python3.8/site-packages/django/utils/module_loading.py", line 27, in import_string
    raise ImportError("%s doesn't look like a module path" % dotted_path) from err
ImportError: l doesn't look like a module path
ERROR "POST /users/login/ HTTP/1.1" 500 135818
INFO Watching for file changes with StatReloader
INFO Watching for file changes with StatReloader
INFO "OPTIONS /users/login/ HTTP/1.1" 200 0
WARNING Bad Request: /users/login/
WARNING "POST /users/login/ HTTP/1.1" 400 68
INFO "POST /users/login/ HTTP/1.1" 200 273
INFO Watching for file changes with StatReloader
WARNING Not Found: /
WARNING "GET / HTTP/1.1" 404 2402
WARNING Not Found: /favicon.ico
WARNING "GET /favicon.ico HTTP/1.1" 404 2453
WARNING Not Found: /home/
WARNING "GET /home/ HTTP/1.1" 404 2868
INFO "GET /admin/ HTTP/1.1" 302 0
INFO "GET /admin/login/?next=/admin/ HTTP/1.1" 200 4181
INFO "GET /static/admin/css/dark_mode.css HTTP/1.1" 200 2929
INFO "GET /static/admin/css/base.css HTTP/1.1" 200 21310
INFO "GET /static/admin/css/nav_sidebar.css HTTP/1.1" 200 2694
INFO "GET /static/admin/js/theme.js HTTP/1.1" 200 1943
INFO "GET /static/admin/css/responsive.css HTTP/1.1" 200 18559
INFO "GET /static/admin/js/nav_sidebar.js HTTP/1.1" 200 3063
INFO "GET /static/admin/css/login.css HTTP/1.1" 200 958
INFO "GET /home/nav/header/ HTTP/1.1" 200 290
INFO "GET /home/nav/footer/ HTTP/1.1" 200 386
INFO "GET /home/banner/ HTTP/1.1" 200 561
INFO "GET /uploads/banner/2022/5.jpg HTTP/1.1" 200 158646
INFO "GET /uploads/banner/2022/1.jpg HTTP/1.1" 200 171972
INFO "GET /uploads/banner/2022/3.jpg HTTP/1.1" 200 443034
INFO "GET /uploads/banner/2022/2.jpg HTTP/1.1" 200 176325
INFO "GET /uploads/banner/2022/4.jpg HTTP/1.1" 200 1312893
INFO "OPTIONS /users/login/ HTTP/1.1" 200 0
INFO "POST /users/login/ HTTP/1.1" 200 273
INFO "POST /users/login/ HTTP/1.1" 200 273
INFO Watching for file changes with StatReloader
INFO "GET /uploads/banner/2022/5.jpg HTTP/1.1" 304 0
INFO "GET /uploads/banner/2022/4.jpg HTTP/1.1" 304 0
INFO "GET /uploads/banner/2022/3.jpg HTTP/1.1" 304 0
INFO "GET /uploads/banner/2022/1.jpg HTTP/1.1" 304 0
INFO "GET /uploads/banner/2022/2.jpg HTTP/1.1" 304 0
INFO Watching for file changes with StatReloader
INFO "OPTIONS /users/login/ HTTP/1.1" 200 0
INFO "POST /users/login/ HTTP/1.1" 200 273
INFO "POST /users/login/ HTTP/1.1" 200 273
INFO "POST /users/login/ HTTP/1.1" 200 273
INFO "GET /uploads/banner/2022/5.jpg HTTP/1.1" 304 0
INFO "GET /uploads/banner/2022/4.jpg HTTP/1.1" 304 0
INFO "GET /uploads/banner/2022/2.jpg HTTP/1.1" 304 0
INFO "GET /uploads/banner/2022/3.jpg HTTP/1.1" 304 0
INFO "GET /uploads/banner/2022/1.jpg HTTP/1.1" 304 0
INFO "POST /users/login/ HTTP/1.1" 200 273
INFO "GET /uploads/banner/2022/5.jpg HTTP/1.1" 304 0
INFO "GET /uploads/banner/2022/3.jpg HTTP/1.1" 304 0
INFO "GET /uploads/banner/2022/4.jpg HTTP/1.1" 304 0
INFO "GET /uploads/banner/2022/1.jpg HTTP/1.1" 304 0
INFO "GET /uploads/banner/2022/2.jpg HTTP/1.1" 304 0
INFO "POST /users/login/ HTTP/1.1" 200 273
INFO "GET /uploads/banner/2022/5.jpg HTTP/1.1" 304 0
INFO "GET /uploads/banner/2022/4.jpg HTTP/1.1" 304 0
INFO "GET /uploads/banner/2022/3.jpg HTTP/1.1" 304 0
INFO "GET /uploads/banner/2022/2.jpg HTTP/1.1" 304 0
INFO "GET /uploads/banner/2022/1.jpg HTTP/1.1" 304 0
INFO "POST /users/login/ HTTP/1.1" 200 273
INFO "POST /users/login/ HTTP/1.1" 200 273
INFO "POST /users/login/ HTTP/1.1" 200 273
INFO "POST /users/login/ HTTP/1.1" 200 273
WARNING Bad Request: /users/login/
WARNING "POST /users/login/ HTTP/1.1" 400 68
INFO "POST /users/login/ HTTP/1.1" 200 293
INFO "GET /uploads/banner/2022/5.jpg HTTP/1.1" 304 0
INFO "GET /uploads/banner/2022/3.jpg HTTP/1.1" 304 0
INFO "GET /uploads/banner/2022/4.jpg HTTP/1.1" 304 0
INFO "GET /uploads/banner/2022/2.jpg HTTP/1.1" 304 0
INFO "GET /uploads/banner/2022/1.jpg HTTP/1.1" 304 0
INFO "GET /home/nav/header/ HTTP/1.1" 200 290
INFO "GET /home/banner/ HTTP/1.1" 200 561
INFO "GET /home/nav/footer/ HTTP/1.1" 200 386
INFO "GET /uploads/banner/2022/5.jpg HTTP/1.1" 304 0
INFO "GET /uploads/banner/2022/4.jpg HTTP/1.1" 304 0
INFO "GET /uploads/banner/2022/3.jpg HTTP/1.1" 304 0
INFO "GET /uploads/banner/2022/2.jpg HTTP/1.1" 304 0
INFO "GET /uploads/banner/2022/1.jpg HTTP/1.1" 304 0
INFO "GET /uploads/banner/2022/5.jpg HTTP/1.1" 304 0
INFO "GET /uploads/banner/2022/4.jpg HTTP/1.1" 304 0
INFO "GET /uploads/banner/2022/3.jpg HTTP/1.1" 304 0
INFO "GET /uploads/banner/2022/2.jpg HTTP/1.1" 304 0
INFO "GET /uploads/banner/2022/1.jpg HTTP/1.1" 304 0
INFO "POST /users/login/ HTTP/1.1" 200 293
INFO "POST /users/login/ HTTP/1.1" 200 293
INFO "GET /uploads/banner/2022/5.jpg HTTP/1.1" 304 0
INFO "GET /uploads/banner/2022/4.jpg HTTP/1.1" 304 0
INFO "GET /uploads/banner/2022/3.jpg HTTP/1.1" 304 0
INFO "GET /uploads/banner/2022/2.jpg HTTP/1.1" 304 0
INFO "GET /uploads/banner/2022/1.jpg HTTP/1.1" 304 0
INFO "POST /users/login/ HTTP/1.1" 200 293
INFO "POST /users/login/ HTTP/1.1" 200 345
INFO "POST /users/login/ HTTP/1.1" 200 284
WARNING Not Found: /uploads/banner/2022/3.jpg
WARNING Not Found: /uploads/banner/2022/4.jpg
WARNING Not Found: /uploads/banner/2022/5.jpg
WARNING "GET /uploads/banner/2022/3.jpg HTTP/1.1" 404 2737
WARNING "GET /uploads/banner/2022/5.jpg HTTP/1.1" 404 2737
WARNING Not Found: /uploads/banner/2022/1.jpg
WARNING Not Found: /uploads/banner/2022/2.jpg
WARNING "GET /uploads/banner/2022/4.jpg HTTP/1.1" 404 2737
WARNING "GET /uploads/banner/2022/2.jpg HTTP/1.1" 404 2737
WARNING "GET /uploads/banner/2022/1.jpg HTTP/1.1" 404 2737
INFO "POST /users/login/ HTTP/1.1" 200 280
WARNING Not Found: /uploads/banner/2022/3.jpg
WARNING Not Found: /uploads/banner/2022/4.jpg
WARNING Not Found: /uploads/banner/2022/1.jpg
WARNING "GET /uploads/banner/2022/3.jpg HTTP/1.1" 404 2737
WARNING "GET /uploads/banner/2022/1.jpg HTTP/1.1" 404 2737
WARNING "GET /uploads/banner/2022/4.jpg HTTP/1.1" 404 2737
WARNING Not Found: /uploads/banner/2022/2.jpg
WARNING Not Found: /uploads/banner/2022/5.jpg
WARNING "GET /uploads/banner/2022/5.jpg HTTP/1.1" 404 2737
WARNING "GET /uploads/banner/2022/2.jpg HTTP/1.1" 404 2737
WARNING Not Found: /uploads/banner/2022/2.jpg
WARNING "GET /uploads/banner/2022/2.jpg HTTP/1.1" 404 2737
INFO Watching for file changes with StatReloader
WARNING Not Found: /uploads/banner/2022/5.jpg
WARNING "GET /uploads/banner/2022/5.jpg HTTP/1.1" 404 2737
WARNING Not Found: /uploads/banner/2022/4.jpg
WARNING "GET /uploads/banner/2022/4.jpg HTTP/1.1" 404 2737
WARNING Not Found: /uploads/banner/2022/3.jpg
WARNING Not Found: /uploads/banner/2022/1.jpg
WARNING "GET /uploads/banner/2022/3.jpg HTTP/1.1" 404 2737
WARNING Not Found: /uploads/banner/2022/2.jpg
WARNING "GET /uploads/banner/2022/1.jpg HTTP/1.1" 404 2737
WARNING "GET /uploads/banner/2022/2.jpg HTTP/1.1" 404 2737
INFO "GET /uploads/banner/2022/5.jpg HTTP/1.1" 200 158646
INFO "GET /uploads/banner/2022/2.jpg HTTP/1.1" 200 176325
INFO "GET /uploads/banner/2022/1.jpg HTTP/1.1" 200 171972
INFO "GET /uploads/banner/2022/3.jpg HTTP/1.1" 200 443034
INFO "GET /uploads/banner/2022/4.jpg HTTP/1.1" 200 1312893
INFO Watching for file changes with StatReloader
INFO "GET /home/nav/header/ HTTP/1.1" 200 290
INFO "GET /home/banner/ HTTP/1.1" 200 561
INFO "GET /home/nav/footer/ HTTP/1.1" 200 386
INFO Watching for file changes with StatReloader
INFO /home/caoruchen/Desktop/luffycity/luffycityapi/luffycityapi/urls.py changed, reloading.
INFO Watching for file changes with StatReloader
INFO /home/caoruchen/Desktop/luffycity/luffycityapi/luffycityapi/apps/courses/urls.py changed, reloading.
INFO Watching for file changes with StatReloader
INFO /home/caoruchen/Desktop/luffycity/luffycityapi/luffycityapi/apps/courses/models.py changed, reloading.
INFO Watching for file changes with StatReloader
INFO /home/caoruchen/Desktop/luffycity/luffycityapi/luffycityapi/apps/courses/models.py changed, reloading.
INFO Watching for file changes with StatReloader
INFO Watching for file changes with StatReloader
INFO code 400, message Bad request syntax ('\x16\x03\x01\x07d\x01\x00\x07`\x03\x03Ð^\x8cÑß¶¹±*^\x98\x90\x9d')
ERROR You're accessing the development server over HTTPS, but it only supports HTTP.
INFO code 400, message Bad request version ('A\x9a¼p»%~.6´Þ\x94kN±KÔõu·¢îA\x99<ª>6Sw¸ã\x00"\x13\x01\x13\x03\x13\x02À+À/Ì©Ì¨À,À0À')
ERROR You're accessing the development server over HTTPS, but it only supports HTTP.
INFO "GET /admin/ HTTP/1.1" 302 0
INFO "GET /admin/login/?next=/admin/ HTTP/1.1" 200 4078
INFO "GET /static/admin/simpleui-x/css/login.css?_=2.1 HTTP/1.1" 200 500
INFO "GET /static/admin/simpleui-x/js/vue.min.js?_=2025.01.13 HTTP/1.1" 200 93675
INFO "GET /static/admin/simpleui-x/js/login.js?_=3.3 HTTP/1.1" 200 669
INFO "GET /static/admin/simpleui-x/particles/app.js HTTP/1.1" 200 3728
INFO "GET /static/admin/simpleui-x/fontawesome-free-6.2.0-web/css/all.min.css HTTP/1.1" 200 101784
INFO "GET /static/admin/simpleui-x/particles/particles.js HTTP/1.1" 200 51264
INFO "GET /static/admin/simpleui-x/elementui/theme-chalk/index.css HTTP/1.1" 200 238628
INFO "GET /static/admin/simpleui-x/elementui/index.js?_=2025.01.13 HTTP/1.1" 200 586253
INFO "GET /static/admin/simpleui-x/img/logo.png HTTP/1.1" 200 115997
INFO "GET /static/admin/simpleui-x/img/bg.svg HTTP/1.1" 200 9547
INFO "GET /static/admin/simpleui-x/fontawesome-free-6.2.0-web/webfonts/fa-solid-900.woff2 HTTP/1.1" 200 150472
WARNING Not Found: /favicon.ico
WARNING "GET /favicon.ico HTTP/1.1" 404 2568
INFO "GET /static/admin/simpleui-x/elementui/theme-chalk/fonts/element-icons.woff HTTP/1.1" 200 28200
INFO "POST /admin/login/?next=/admin/ HTTP/1.1" 302 0
INFO "GET /admin/ HTTP/1.1" 200 17567
INFO "GET /static/admin/simpleui-x/waves/waves.min.css?_=2.1 HTTP/1.1" 200 3861
INFO "GET /static/admin/simpleui-x/css/index.css?_=3.2 HTTP/1.1" 200 6994
INFO "GET /static/admin/simpleui-x/automatic/dicts.js?_=2025.01.13 HTTP/1.1" 200 12677
INFO "GET /static/admin/simpleui-x/automatic/segment.js?_=2025.01.13 HTTP/1.1" 200 1194
INFO "GET /static/admin/simpleui-x/theme/theme.js?_=2025.01.13 HTTP/1.1" 200 4274
INFO "GET /static/admin/simpleui-x/waves/waves.min.js?_=2025.01.13 HTTP/1.1" 200 6329
INFO "GET /static/admin/simpleui-x/locale/en-us.js?_=2025.01.13 HTTP/1.1" 200 811
INFO "GET /static/admin/simpleui-x/js/index.js?_=2025.01.13 HTTP/1.1" 200 21589
INFO "GET /static/admin/simpleui-x/js/menu.js?_=2025.01.13 HTTP/1.1" 200 1216
INFO "GET /static/admin/simpleui-x/js/cookie.js?_=2025.01.13 HTTP/1.1" 200 524
INFO "GET /static/admin/simpleui-x/fontawesome-free-6.2.0-web/webfonts/fa-brands-400.woff2 HTTP/1.1" 200 107460
INFO "GET /static/admin/simpleui-x/css/index.css.map HTTP/1.1" 200 3480
INFO /home/caoruchen/Desktop/luffycity/luffycityapi/luffycityapi/settings/dev.py changed, reloading.
INFO Watching for file changes with StatReloader
INFO /home/caoruchen/Desktop/luffycity/luffycityapi/luffycityapi/settings/dev.py changed, reloading.
INFO Watching for file changes with StatReloader
INFO /home/caoruchen/Desktop/luffycity/luffycityapi/luffycityapi/settings/dev.py changed, reloading.
INFO Watching for file changes with StatReloader
INFO "GET /admin/ HTTP/1.1" 200 17556
INFO "GET /static/admin/simpleui-x/locale/zh-hans.js?_=2025.01.13 HTTP/1.1" 200 1254
INFO "GET /static/admin/simpleui-x/elementui/theme-chalk/index.css HTTP/1.1" 304 0
INFO "GET /static/admin/simpleui-x/fontawesome-free-6.2.0-web/css/all.min.css HTTP/1.1" 304 0
INFO "GET /static/admin/simpleui-x/automatic/dicts.js?_=2025.01.13 HTTP/1.1" 304 0
INFO "GET /static/admin/simpleui-x/elementui/index.js?_=2025.01.13 HTTP/1.1" 304 0
INFO "GET /static/admin/simpleui-x/css/index.css?_=3.2 HTTP/1.1" 304 0
INFO "GET /static/admin/simpleui-x/automatic/segment.js?_=2025.01.13 HTTP/1.1" 304 0
INFO "GET /static/admin/simpleui-x/waves/waves.min.css?_=2.1 HTTP/1.1" 304 0
INFO "GET /static/admin/simpleui-x/js/vue.min.js?_=2025.01.13 HTTP/1.1" 304 0
INFO "GET /static/admin/simpleui-x/locale/en-us.js?_=2025.01.13 HTTP/1.1" 200 811
INFO "GET /static/admin/simpleui-x/js/cookie.js?_=2025.01.13 HTTP/1.1" 304 0
INFO "GET /static/admin/simpleui-x/theme/theme.js?_=2025.01.13 HTTP/1.1" 304 0
INFO "GET /static/admin/simpleui-x/waves/waves.min.js?_=2025.01.13 HTTP/1.1" 304 0
INFO "GET /static/admin/simpleui-x/js/menu.js?_=2025.01.13 HTTP/1.1" 304 0
INFO "GET /static/admin/simpleui-x/js/index.js?_=2025.01.13 HTTP/1.1" 304 0
INFO "GET /static/admin/simpleui-x/img/logo.png HTTP/1.1" 200 115997
INFO /home/caoruchen/Desktop/luffycity/luffycityapi/luffycityapi/apps/courses/admin.py changed, reloading.
INFO Watching for file changes with StatReloader
INFO "GET /admin/ HTTP/1.1" 200 19458
INFO "GET /static/admin/simpleui-x/elementui/theme-chalk/index.css HTTP/1.1" 304 0
INFO "GET /static/admin/simpleui-x/waves/waves.min.css?_=2.1 HTTP/1.1" 304 0
INFO "GET /static/admin/simpleui-x/automatic/segment.js?_=2025.01.13 HTTP/1.1" 304 0
INFO "GET /static/admin/simpleui-x/fontawesome-free-6.2.0-web/css/all.min.css HTTP/1.1" 304 0
INFO "GET /static/admin/simpleui-x/css/index.css?_=3.2 HTTP/1.1" 304 0
INFO "GET /static/admin/simpleui-x/automatic/dicts.js?_=2025.01.13 HTTP/1.1" 304 0
INFO "GET /static/admin/simpleui-x/js/vue.min.js?_=2025.01.13 HTTP/1.1" 304 0
INFO "GET /static/admin/simpleui-x/locale/en-us.js?_=2025.01.13 HTTP/1.1" 304 0
INFO "GET /static/admin/simpleui-x/elementui/index.js?_=2025.01.13 HTTP/1.1" 304 0
INFO "GET /static/admin/simpleui-x/locale/zh-hans.js?_=2025.01.13 HTTP/1.1" 304 0
INFO "GET /static/admin/simpleui-x/js/cookie.js?_=2025.01.13 HTTP/1.1" 304 0
INFO "GET /static/admin/simpleui-x/theme/theme.js?_=2025.01.13 HTTP/1.1" 304 0
INFO "GET /static/admin/simpleui-x/waves/waves.min.js?_=2025.01.13 HTTP/1.1" 304 0
INFO "GET /static/admin/simpleui-x/js/menu.js?_=2025.01.13 HTTP/1.1" 304 0
INFO "GET /static/admin/simpleui-x/js/index.js?_=2025.01.13 HTTP/1.1" 304 0
INFO "GET /static/admin/simpleui-x/img/logo.png HTTP/1.1" 304 0
INFO "GET /static/admin/simpleui-x/fontawesome-free-6.2.0-web/webfonts/fa-regular-400.woff2 HTTP/1.1" 200 25096
INFO /home/caoruchen/Desktop/luffycity/luffycityapi/luffycityapi/apps/users/admin.py changed, reloading.
INFO Watching for file changes with StatReloader
INFO /home/caoruchen/Desktop/luffycity/luffycityapi/luffycityapi/apps/users/admin.py changed, reloading.
INFO Watching for file changes with StatReloader
INFO "GET /admin/ HTTP/1.1" 200 19826
INFO "GET /static/admin/simpleui-x/elementui/theme-chalk/index.css HTTP/1.1" 304 0
INFO "GET /static/admin/simpleui-x/fontawesome-free-6.2.0-web/css/all.min.css HTTP/1.1" 304 0
INFO "GET /static/admin/simpleui-x/automatic/dicts.js?_=2025.01.13 HTTP/1.1" 304 0
INFO "GET /static/admin/simpleui-x/css/index.css?_=3.2 HTTP/1.1" 304 0
INFO "GET /static/admin/simpleui-x/js/vue.min.js?_=2025.01.13 HTTP/1.1" 304 0
INFO "GET /static/admin/simpleui-x/waves/waves.min.css?_=2.1 HTTP/1.1" 304 0
INFO "GET /static/admin/simpleui-x/elementui/index.js?_=2025.01.13 HTTP/1.1" 304 0
INFO "GET /static/admin/simpleui-x/js/cookie.js?_=2025.01.13 HTTP/1.1" 304 0
INFO "GET /static/admin/simpleui-x/locale/zh-hans.js?_=2025.01.13 HTTP/1.1" 304 0
INFO "GET /static/admin/simpleui-x/locale/en-us.js?_=2025.01.13 HTTP/1.1" 304 0
INFO "GET /static/admin/simpleui-x/automatic/segment.js?_=2025.01.13 HTTP/1.1" 304 0
INFO "GET /static/admin/simpleui-x/theme/theme.js?_=2025.01.13 HTTP/1.1" 304 0
INFO "GET /static/admin/simpleui-x/waves/waves.min.js?_=2025.01.13 HTTP/1.1" 304 0
INFO "GET /static/admin/simpleui-x/js/menu.js?_=2025.01.13 HTTP/1.1" 304 0
INFO "GET /static/admin/simpleui-x/js/index.js?_=2025.01.13 HTTP/1.1" 304 0
INFO "GET /static/admin/simpleui-x/img/logo.png HTTP/1.1" 304 0
INFO "GET /admin/users/user/ HTTP/1.1" 200 35517
INFO "GET /static/admin/simpleui-x/theme/simpleui.css HTTP/1.1" 200 4270
INFO "GET /static/admin/css/base.css?_=2.7 HTTP/1.1" 200 21310
INFO "GET /static/admin/simpleui-x/css/base.css?_=2.7 HTTP/1.1" 200 4829
INFO "GET /static/admin/simpleui-x/js/language.js?_=2.1.2 HTTP/1.1" 200 189
INFO "GET /static/admin/simpleui-x/locale/en-us.js?_=2.1.2 HTTP/1.1" 200 811
INFO "GET /static/admin/simpleui-x/js/cookie.js HTTP/1.1" 200 524
INFO "GET /static/admin/css/changelists.css?_=20180905 HTTP/1.1" 200 6566
INFO "GET /static/admin/simpleui-x/locale/zh-hans.js HTTP/1.1" 200 1254
INFO "GET /static/admin/js/jquery.init.js HTTP/1.1" 200 347
INFO "GET /static/admin/js/vendor/jquery/jquery.js HTTP/1.1" 200 292458
INFO "GET /admin/jsi18n/ HTTP/1.1" 200 8560
INFO "GET /static/admin/js/core.js HTTP/1.1" 200 5682
INFO "GET /static/admin/js/admin/RelatedObjectLookups.js HTTP/1.1" 200 8943
INFO "GET /static/admin/js/actions.js HTTP/1.1" 200 7872
INFO "GET /static/admin/js/urlify.js HTTP/1.1" 200 7887
INFO "GET /static/admin/js/prepopulate.js HTTP/1.1" 200 1531
INFO "GET /static/admin/simpleui-x/js/axios.min.js HTTP/1.1" 200 14237
INFO "GET /static/admin/simpleui-x/automatic/segment.js HTTP/1.1" 200 1194
INFO "GET /static/admin/simpleui-x/automatic/dicts.js HTTP/1.1" 200 12677
INFO "GET /static/admin/css/responsive.css?_=20180905 HTTP/1.1" 200 18559
INFO "GET /static/admin/js/vendor/jquery/jquery.min.js HTTP/1.1" 200 89795
INFO "GET /static/admin/js/vendor/xregexp/xregexp.js HTTP/1.1" 200 232381
INFO "GET /static/admin/img/icon-no.svg HTTP/1.1" 200 560
INFO "GET /static/admin/img/icon-yes.svg HTTP/1.1" 200 436
INFO "GET /static/admin/img/sorting-icons.svg HTTP/1.1" 200 1097
INFO "GET /admin/auth/group/ HTTP/1.1" 200 29076
INFO "GET /admin/jsi18n/ HTTP/1.1" 200 8560
INFO "GET /admin/courses/coursedirection/ HTTP/1.1" 200 25025
INFO "GET /admin/jsi18n/ HTTP/1.1" 200 8560
INFO "GET /admin/ HTTP/1.1" 200 19826
INFO "GET /admin/courses/coursedirection/ HTTP/1.1" 200 25025
INFO "GET /admin/jsi18n/ HTTP/1.1" 200 8560
INFO "GET /admin/courses/teacher/ HTTP/1.1" 200 25009
INFO "GET /admin/jsi18n/ HTTP/1.1" 200 8560
INFO /home/caoruchen/Desktop/luffycity/luffycityapi/luffycityapi/settings/dev.py changed, reloading.
INFO Watching for file changes with StatReloader
INFO /home/caoruchen/Desktop/luffycity/luffycityapi/luffycityapi/settings/dev.py changed, reloading.
INFO Watching for file changes with StatReloader
INFO /home/caoruchen/Desktop/luffycity/luffycityapi/luffycityapi/urls.py changed, reloading.
INFO Watching for file changes with StatReloader
INFO /home/caoruchen/Desktop/luffycity/luffycityapi/luffycityapi/apps/courses/models.py changed, reloading.
INFO Watching for file changes with StatReloader
INFO /home/caoruchen/Desktop/luffycity/luffycityapi/luffycityapi/apps/courses/admin.py changed, reloading.
INFO Watching for file changes with StatReloader
INFO "GET /admin/ HTTP/1.1" 200 19826
INFO "GET /static/admin/simpleui-x/elementui/theme-chalk/index.css HTTP/1.1" 304 0
INFO "GET /static/admin/simpleui-x/css/index.css?_=3.2 HTTP/1.1" 304 0
INFO "GET /static/admin/simpleui-x/fontawesome-free-6.2.0-web/css/all.min.css HTTP/1.1" 304 0
INFO "GET /static/admin/simpleui-x/waves/waves.min.css?_=2.1 HTTP/1.1" 304 0
INFO "GET /static/admin/simpleui-x/automatic/segment.js?_=2025.01.13 HTTP/1.1" 304 0
INFO "GET /static/admin/simpleui-x/js/vue.min.js?_=2025.01.13 HTTP/1.1" 304 0
INFO "GET /static/admin/simpleui-x/automatic/dicts.js?_=2025.01.13 HTTP/1.1" 304 0
INFO "GET /static/admin/simpleui-x/locale/en-us.js?_=2025.01.13 HTTP/1.1" 304 0
INFO "GET /static/admin/simpleui-x/elementui/index.js?_=2025.01.13 HTTP/1.1" 304 0
INFO "GET /static/admin/simpleui-x/locale/zh-hans.js?_=2025.01.13 HTTP/1.1" 304 0
INFO "GET /static/admin/simpleui-x/js/cookie.js?_=2025.01.13 HTTP/1.1" 304 0
INFO "GET /static/admin/simpleui-x/theme/theme.js?_=2025.01.13 HTTP/1.1" 304 0
INFO "GET /static/admin/simpleui-x/waves/waves.min.js?_=2025.01.13 HTTP/1.1" 304 0
INFO "GET /static/admin/simpleui-x/js/index.js?_=2025.01.13 HTTP/1.1" 304 0
INFO "GET /static/admin/simpleui-x/js/menu.js?_=2025.01.13 HTTP/1.1" 304 0
INFO "GET /static/admin/simpleui-x/img/logo.png HTTP/1.1" 304 0
INFO "GET /admin/courses/coursedirection/ HTTP/1.1" 200 25025
INFO "GET /static/admin/simpleui-x/css/base.css?_=2.7 HTTP/1.1" 304 0
INFO "GET /static/admin/simpleui-x/theme/simpleui.css HTTP/1.1" 304 0
INFO "GET /static/admin/simpleui-x/js/language.js?_=2.1.2 HTTP/1.1" 304 0
INFO "GET /static/admin/simpleui-x/locale/en-us.js?_=2.1.2 HTTP/1.1" 304 0
INFO "GET /static/admin/simpleui-x/locale/zh-hans.js HTTP/1.1" 304 0
INFO "GET /static/admin/simpleui-x/js/cookie.js HTTP/1.1" 304 0
INFO "GET /admin/jsi18n/ HTTP/1.1" 200 8560
INFO "GET /static/admin/simpleui-x/automatic/dicts.js HTTP/1.1" 304 0
INFO "GET /static/admin/simpleui-x/automatic/segment.js HTTP/1.1" 304 0
INFO "GET /static/admin/simpleui-x/js/axios.min.js HTTP/1.1" 304 0
INFO "GET /static/admin/simpleui-x/fontawesome-free-6.2.0-web/webfonts/fa-brands-400.woff2 HTTP/1.1" 304 0
INFO "GET /admin/auth/group/ HTTP/1.1" 200 29076
INFO "GET /admin/jsi18n/ HTTP/1.1" 200 8560
INFO "GET /admin/users/user/ HTTP/1.1" 200 35517
INFO "GET /admin/jsi18n/ HTTP/1.1" 200 8560
INFO "GET /admin/courses/coursecategory/ HTTP/1.1" 200 25023
INFO "GET /admin/jsi18n/ HTTP/1.1" 200 8560
INFO "GET /admin/courses/coursecategory/add/ HTTP/1.1" 200 15010
INFO "GET /static/ckeditor/ckeditor.css HTTP/1.1" 200 672
INFO "GET /static/ckeditor/ckeditor-init.js HTTP/1.1" 200 1526
INFO "GET /static/admin/css/forms.css HTTP/1.1" 200 9090
INFO "GET /static/ckeditor/fixups.js HTTP/1.1" 200 168
INFO "GET /static/admin/js/change_form.js HTTP/1.1" 200 606
INFO "GET /static/admin/js/prepopulate_init.js HTTP/1.1" 200 586
INFO "GET /admin/jsi18n/ HTTP/1.1" 200 8560
INFO "GET /static/ckeditor/ckeditor/ckeditor.js HTTP/1.1" 200 759716
INFO "GET /static/admin/img/icon-viewlink.svg HTTP/1.1" 200 581
INFO "GET /static/admin/img/icon-deletelink.svg HTTP/1.1" 200 392
INFO "GET /static/admin/img/icon-addlink.svg HTTP/1.1" 200 331
INFO "GET /static/admin/img/icon-changelink.svg HTTP/1.1" 200 380
INFO "GET /static/admin/css/widgets.css HTTP/1.1" 200 11921
INFO "GET /static/ckeditor/ckeditor/config.js?t=N5UC HTTP/1.1" 200 336
INFO "GET /static/ckeditor/ckeditor/skins/moono-lisa/editor_gecko.css?t=N5UC HTTP/1.1" 200 48390
INFO "GET /static/ckeditor/ckeditor/lang/zh-cn.js?t=N5UC HTTP/1.1" 200 17901
INFO "GET /static/ckeditor/ckeditor/styles.js?t=N5UC HTTP/1.1" 200 5577
INFO "GET /static/ckeditor/ckeditor/plugins/scayt/skins/moono-lisa/scayt.css?t=N5UC HTTP/1.1" 200 381
INFO "GET /static/ckeditor/ckeditor/plugins/tableselection/styles/tableselection.css?t=N5UC HTTP/1.1" 200 1145
INFO "GET /static/ckeditor/ckeditor/plugins/dialog/styles/dialog.css?t=N5UC HTTP/1.1" 200 249
INFO "GET /static/ckeditor/ckeditor/plugins/scayt/dialogs/dialog.css?t=N5UC HTTP/1.1" 200 419
INFO "GET /static/ckeditor/ckeditor/plugins/copyformatting/styles/copyformatting.css?t=N5UC HTTP/1.1" 200 1511
INFO "GET /static/ckeditor/ckeditor/skins/moono-lisa/icons.png?t=4a1fb11f44 HTTP/1.1" 200 12237
INFO "GET /static/ckeditor/ckeditor/contents.css?t=N5UC HTTP/1.1" 200 3092
INFO /home/caoruchen/Desktop/luffycity/luffycityapi/luffycityapi/apps/courses/admin.py changed, reloading.
INFO Watching for file changes with StatReloader
INFO /home/caoruchen/Desktop/luffycity/luffycityapi/luffycityapi/apps/courses/admin.py changed, reloading.
INFO Watching for file changes with StatReloader
INFO /home/caoruchen/Desktop/luffycity/luffycityapi/luffycityapi/apps/courses/admin.py changed, reloading.
INFO Watching for file changes with StatReloader
INFO /home/caoruchen/Desktop/luffycity/luffycityapi/luffycityapi/apps/courses/admin.py changed, reloading.
INFO Watching for file changes with StatReloader
INFO /home/caoruchen/Desktop/luffycity/luffycityapi/luffycityapi/apps/courses/admin.py changed, reloading.
INFO Watching for file changes with StatReloader
INFO /home/caoruchen/Desktop/luffycity/luffycityapi/luffycityapi/apps/courses/admin.py changed, reloading.
INFO Watching for file changes with StatReloader
INFO /home/caoruchen/Desktop/luffycity/luffycityapi/luffycityapi/apps/courses/models.py changed, reloading.
INFO Watching for file changes with StatReloader
INFO /home/caoruchen/Desktop/luffycity/luffycityapi/luffycityapi/apps/courses/models.py changed, reloading.
INFO Watching for file changes with StatReloader
INFO /home/caoruchen/Desktop/luffycity/luffycityapi/luffycityapi/apps/courses/models.py changed, reloading.
INFO Watching for file changes with StatReloader
INFO /home/caoruchen/Desktop/luffycity/luffycityapi/luffycityapi/apps/courses/models.py changed, reloading.
INFO Watching for file changes with StatReloader
INFO /home/caoruchen/Desktop/luffycity/luffycityapi/luffycityapi/apps/courses/admin.py changed, reloading.
INFO Watching for file changes with StatReloader
INFO /home/caoruchen/Desktop/luffycity/luffycityapi/luffycityapi/apps/courses/admin.py changed, reloading.
INFO Watching for file changes with StatReloader
INFO /home/caoruchen/Desktop/luffycity/luffycityapi/luffycityapi/apps/courses/admin.py changed, reloading.
INFO Watching for file changes with StatReloader
INFO /home/caoruchen/Desktop/luffycity/luffycityapi/luffycityapi/apps/courses/admin.py changed, reloading.
INFO Watching for file changes with StatReloader
INFO "GET /admin/ HTTP/1.1" 200 19826
INFO "GET /static/admin/simpleui-x/elementui/theme-chalk/index.css HTTP/1.1" 304 0
INFO "GET /static/admin/simpleui-x/fontawesome-free-6.2.0-web/css/all.min.css HTTP/1.1" 304 0
INFO "GET /static/admin/simpleui-x/css/index.css?_=3.2 HTTP/1.1" 304 0
INFO "GET /static/admin/simpleui-x/automatic/segment.js?_=2025.01.13 HTTP/1.1" 304 0
INFO "GET /static/admin/simpleui-x/automatic/dicts.js?_=2025.01.13 HTTP/1.1" 304 0
INFO "GET /static/admin/simpleui-x/waves/waves.min.css?_=2.1 HTTP/1.1" 304 0
INFO "GET /static/admin/simpleui-x/locale/en-us.js?_=2025.01.13 HTTP/1.1" 304 0
INFO "GET /static/admin/simpleui-x/js/vue.min.js?_=2025.01.13 HTTP/1.1" 304 0
INFO "GET /static/admin/simpleui-x/elementui/index.js?_=2025.01.13 HTTP/1.1" 304 0
INFO "GET /static/admin/simpleui-x/locale/zh-hans.js?_=2025.01.13 HTTP/1.1" 304 0
INFO "GET /static/admin/simpleui-x/js/cookie.js?_=2025.01.13 HTTP/1.1" 304 0
INFO "GET /static/admin/simpleui-x/theme/theme.js?_=2025.01.13 HTTP/1.1" 304 0
INFO "GET /static/admin/simpleui-x/js/menu.js?_=2025.01.13 HTTP/1.1" 304 0
INFO "GET /static/admin/simpleui-x/waves/waves.min.js?_=2025.01.13 HTTP/1.1" 304 0
INFO "GET /static/admin/simpleui-x/js/index.js?_=2025.01.13 HTTP/1.1" 304 0
INFO "GET /static/admin/simpleui-x/img/logo.png HTTP/1.1" 304 0
INFO "GET /admin/courses/coursecategory/ HTTP/1.1" 200 30249
INFO "GET /static/admin/simpleui-x/theme/simpleui.css HTTP/1.1" 304 0
INFO "GET /static/admin/simpleui-x/css/base.css?_=2.7 HTTP/1.1" 304 0
INFO "GET /static/admin/simpleui-x/js/language.js?_=2.1.2 HTTP/1.1" 304 0
INFO "GET /static/admin/simpleui-x/locale/en-us.js?_=2.1.2 HTTP/1.1" 304 0
INFO "GET /static/admin/simpleui-x/locale/zh-hans.js HTTP/1.1" 304 0
INFO "GET /static/admin/simpleui-x/js/cookie.js HTTP/1.1" 304 0
INFO "GET /static/admin/simpleui-x/automatic/segment.js HTTP/1.1" 304 0
INFO "GET /static/admin/simpleui-x/automatic/dicts.js HTTP/1.1" 304 0
INFO "GET /static/admin/simpleui-x/js/axios.min.js HTTP/1.1" 304 0
INFO "GET /admin/jsi18n/ HTTP/1.1" 200 8560
INFO "GET /admin/courses/coursedirection/ HTTP/1.1" 200 32931
INFO "GET /admin/jsi18n/ HTTP/1.1" 200 8560
INFO "GET /admin/courses/teacher/ HTTP/1.1" 200 30715
INFO "GET /admin/jsi18n/ HTTP/1.1" 200 8560
INFO "GET /admin/courses/course/ HTTP/1.1" 200 27477
INFO "GET /admin/jsi18n/ HTTP/1.1" 200 8560
