INFO 2024-12-15 15:38:07,593 autoreload Watching for file changes with StatReloader
INFO Watching for file changes with StatReloader
INFO Watching for file changes with StatReloader
INFO Watching for file changes with StatReloader
INFO /home/caoruchen/Desktop/luffycity/luffycityapi/luffycityapi/settings/dev.py changed, reloading.
INFO Watching for file changes with StatReloader
INFO /home/caoruchen/Desktop/luffycity/luffycityapi/luffycityapi/settings/dev.py changed, reloading.
INFO Watching for file changes with StatReloader
INFO /home/caoruchen/Desktop/luffycity/luffycityapi/luffycityapi/settings/dev.py changed, reloading.
INFO Watching for file changes with StatReloader
INFO /home/caoruchen/Desktop/luffycity/luffycityapi/luffycityapi/settings/dev.py changed, reloading.
INFO Watching for file changes with StatReloader
INFO /home/caoruchen/Desktop/luffycity/luffycityapi/luffycityapi/settings/dev.py changed, reloading.
INFO Watching for file changes with StatReloader
INFO Watching for file changes with StatReloader
INFO /home/caoruchen/Desktop/luffycity/luffycityapi/luffycityapi/apps/home/apps.py changed, reloading.
INFO Watching for file changes with StatReloader
INFO /home/caoruchen/Desktop/luffycity/luffycityapi/luffycityapi/settings/dev.py changed, reloading.
INFO Watching for file changes with StatReloader
INFO /home/caoruchen/Desktop/luffycity/luffycityapi/luffycityapi/settings/dev.py changed, reloading.
INFO Watching for file changes with StatReloader
INFO /home/caoruchen/Desktop/luffycity/luffycityapi/luffycityapi/settings/dev.py changed, reloading.
INFO Watching for file changes with StatReloader
INFO /home/caoruchen/Desktop/luffycity/luffycityapi/luffycityapi/settings/dev.py changed, reloading.
INFO Watching for file changes with StatReloader
INFO /home/caoruchen/Desktop/luffycity/luffycityapi/luffycityapi/settings/dev.py changed, reloading.
INFO Watching for file changes with StatReloader
INFO /home/caoruchen/Desktop/luffycity/luffycityapi/luffycityapi/urls.py changed, reloading.
INFO Watching for file changes with StatReloader
INFO /home/caoruchen/Desktop/luffycity/luffycityapi/luffycityapi/urls.py changed, reloading.
INFO Watching for file changes with StatReloader
INFO /home/caoruchen/Desktop/luffycity/luffycityapi/luffycityapi/apps/home/urls.py changed, reloading.
INFO Watching for file changes with StatReloader
WARNING Not Found: /
WARNING "GET / HTTP/1.1" 404 2170
WARNING Not Found: /favicon.ico
WARNING Not Found: /test/
WARNING "GET /test/ HTTP/1.1" 404 2203
WARNING Not Found: /home/
WARNING "GET /home/ HTTP/1.1" 404 2255
INFO "GET /home/test/ HTTP/1.1" 200 5129
INFO "GET /static/rest_framework/css/bootstrap-tweaks.css HTTP/1.1" 200 3426
INFO "GET /static/rest_framework/css/prettify.css HTTP/1.1" 200 817
INFO "GET /static/rest_framework/js/csrf.js HTTP/1.1" 200 1793
INFO "GET /static/rest_framework/css/default.css HTTP/1.1" 200 1152
INFO "GET /static/rest_framework/js/bootstrap.min.js HTTP/1.1" 200 39680
INFO "GET /static/rest_framework/css/bootstrap.min.css HTTP/1.1" 200 121457
INFO "GET /static/rest_framework/js/ajax-form.js HTTP/1.1" 200 3796
INFO "GET /static/rest_framework/js/jquery-3.7.1.min.js HTTP/1.1" 200 87533
INFO "GET /static/rest_framework/js/default.js HTTP/1.1" 200 1268
INFO "GET /static/rest_framework/js/prettify-min.js HTTP/1.1" 200 13632
INFO "GET /static/rest_framework/js/load-ajax-form.js HTTP/1.1" 200 59
INFO "GET /static/rest_framework/img/grid.png HTTP/1.1" 200 1458
INFO "GET /home/test/ HTTP/1.1" 200 5129
INFO /home/caoruchen/Desktop/luffycity/luffycityapi/luffycityapi/apps/home/views.py changed, reloading.
INFO Watching for file changes with StatReloader
INFO GET request received.
INFO "GET /home/test/ HTTP/1.1" 200 5129
INFO /home/caoruchen/Desktop/luffycity/luffycityapi/luffycityapi/apps/home/views.py changed, reloading.
INFO Watching for file changes with StatReloader
INFO /home/caoruchen/Desktop/luffycity/luffycityapi/luffycityapi/apps/home/views.py changed, reloading.
INFO Watching for file changes with StatReloader
INFO GET request received.
ERROR Internal Server Error: /home/test/
Traceback (most recent call last):
  File "/home/caoruchen/anaconda3/envs/luffycity/lib/python3.8/site-packages/django/core/handlers/exception.py", line 55, in inner
    response = get_response(request)
  File "/home/caoruchen/anaconda3/envs/luffycity/lib/python3.8/site-packages/django/core/handlers/base.py", line 197, in _get_response
    response = wrapped_callback(request, *callback_args, **callback_kwargs)
  File "/home/caoruchen/anaconda3/envs/luffycity/lib/python3.8/site-packages/django/views/decorators/csrf.py", line 56, in wrapper_view
    return view_func(*args, **kwargs)
  File "/home/caoruchen/anaconda3/envs/luffycity/lib/python3.8/site-packages/django/views/generic/base.py", line 104, in view
    return self.dispatch(request, *args, **kwargs)
  File "/home/caoruchen/anaconda3/envs/luffycity/lib/python3.8/site-packages/rest_framework/views.py", line 509, in dispatch
    response = self.handle_exception(exc)
  File "/home/caoruchen/anaconda3/envs/luffycity/lib/python3.8/site-packages/rest_framework/views.py", line 469, in handle_exception
    self.raise_uncaught_exception(exc)
  File "/home/caoruchen/anaconda3/envs/luffycity/lib/python3.8/site-packages/rest_framework/views.py", line 480, in raise_uncaught_exception
    raise exc
  File "/home/caoruchen/anaconda3/envs/luffycity/lib/python3.8/site-packages/rest_framework/views.py", line 506, in dispatch
    response = handler(request, *args, **kwargs)
  File "/home/caoruchen/Desktop/luffycity/luffycityapi/luffycityapi/apps/home/views.py", line 11, in get
    1 / 0
ZeroDivisionError: division by zero
ERROR "GET /home/test/ HTTP/1.1" 500 91376
INFO /home/caoruchen/Desktop/luffycity/luffycityapi/luffycityapi/utils/exceptions.py changed, reloading.
INFO Watching for file changes with StatReloader
INFO Watching for file changes with StatReloader
INFO GET request received.
ERROR Internal Server Error: /home/test/
Traceback (most recent call last):
  File "/home/caoruchen/anaconda3/envs/luffycity/lib/python3.8/site-packages/django/core/handlers/exception.py", line 55, in inner
    response = get_response(request)
  File "/home/caoruchen/anaconda3/envs/luffycity/lib/python3.8/site-packages/django/core/handlers/base.py", line 197, in _get_response
    response = wrapped_callback(request, *callback_args, **callback_kwargs)
  File "/home/caoruchen/anaconda3/envs/luffycity/lib/python3.8/site-packages/django/views/decorators/csrf.py", line 56, in wrapper_view
    return view_func(*args, **kwargs)
  File "/home/caoruchen/anaconda3/envs/luffycity/lib/python3.8/site-packages/django/views/generic/base.py", line 104, in view
    return self.dispatch(request, *args, **kwargs)
  File "/home/caoruchen/anaconda3/envs/luffycity/lib/python3.8/site-packages/rest_framework/views.py", line 509, in dispatch
    response = self.handle_exception(exc)
  File "/home/caoruchen/anaconda3/envs/luffycity/lib/python3.8/site-packages/rest_framework/views.py", line 469, in handle_exception
    self.raise_uncaught_exception(exc)
  File "/home/caoruchen/anaconda3/envs/luffycity/lib/python3.8/site-packages/rest_framework/views.py", line 480, in raise_uncaught_exception
    raise exc
  File "/home/caoruchen/anaconda3/envs/luffycity/lib/python3.8/site-packages/rest_framework/views.py", line 506, in dispatch
    response = handler(request, *args, **kwargs)
  File "/home/caoruchen/Desktop/luffycity/luffycityapi/luffycityapi/apps/home/views.py", line 11, in get
    1 / 0
ZeroDivisionError: division by zero
ERROR "GET /home/test/ HTTP/1.1" 500 105984
INFO Watching for file changes with StatReloader
INFO /home/caoruchen/Desktop/luffycity/luffycityapi/luffycityapi/settings/dev.py changed, reloading.
INFO Watching for file changes with StatReloader
INFO /home/caoruchen/Desktop/luffycity/luffycityapi/luffycityapi/apps/home/views.py changed, reloading.
INFO Watching for file changes with StatReloader
INFO GET request received.
ERROR Internal Server Error: /home/test/
Traceback (most recent call last):
  File "/home/caoruchen/anaconda3/envs/luffycity/lib/python3.8/site-packages/django/core/handlers/exception.py", line 55, in inner
    response = get_response(request)
  File "/home/caoruchen/anaconda3/envs/luffycity/lib/python3.8/site-packages/django/core/handlers/base.py", line 197, in _get_response
    response = wrapped_callback(request, *callback_args, **callback_kwargs)
  File "/home/caoruchen/anaconda3/envs/luffycity/lib/python3.8/site-packages/django/views/decorators/csrf.py", line 56, in wrapper_view
    return view_func(*args, **kwargs)
  File "/home/caoruchen/anaconda3/envs/luffycity/lib/python3.8/site-packages/django/views/generic/base.py", line 104, in view
    return self.dispatch(request, *args, **kwargs)
  File "/home/caoruchen/anaconda3/envs/luffycity/lib/python3.8/site-packages/rest_framework/views.py", line 509, in dispatch
    response = self.handle_exception(exc)
  File "/home/caoruchen/anaconda3/envs/luffycity/lib/python3.8/site-packages/rest_framework/views.py", line 469, in handle_exception
    self.raise_uncaught_exception(exc)
  File "/home/caoruchen/anaconda3/envs/luffycity/lib/python3.8/site-packages/rest_framework/views.py", line 480, in raise_uncaught_exception
    raise exc
  File "/home/caoruchen/anaconda3/envs/luffycity/lib/python3.8/site-packages/rest_framework/views.py", line 506, in dispatch
    response = handler(request, *args, **kwargs)
  File "/home/caoruchen/Desktop/luffycity/luffycityapi/luffycityapi/apps/home/views.py", line 12, in get
    1 / 0
ZeroDivisionError: division by zero
ERROR "GET /home/test/ HTTP/1.1" 500 91330
INFO /home/caoruchen/Desktop/luffycity/luffycityapi/luffycityapi/utils/exceptions.py changed, reloading.
INFO Watching for file changes with StatReloader
INFO /home/caoruchen/Desktop/luffycity/luffycityapi/luffycityapi/settings/dev.py changed, reloading.
INFO Watching for file changes with StatReloader
INFO GET request received.
ERROR ZeroDivisionError detected
ERROR Internal Server Error: /home/test/
ERROR "GET /home/test/ HTTP/1.1" 500 5168
INFO Watching for file changes with StatReloader
INFO Watching for file changes with StatReloader
INFO Watching for file changes with StatReloader
INFO Watching for file changes with StatReloader
WARNING Not Found: /
WARNING "GET / HTTP/1.1" 404 2177
WARNING Not Found: /
WARNING "GET / HTTP/1.1" 404 2177
WARNING Not Found: /home/
WARNING "GET /home/ HTTP/1.1" 404 2262
INFO GET request received.
INFO "GET /home/test/ HTTP/1.1" 200 5129
INFO "GET /static/rest_framework/js/ajax-form.js HTTP/1.1" 200 3796
INFO "GET /static/rest_framework/css/default.css HTTP/1.1" 200 1152
INFO "GET /static/rest_framework/css/prettify.css HTTP/1.1" 200 817
INFO "GET /static/rest_framework/css/bootstrap.min.css HTTP/1.1" 200 121457
INFO "GET /static/rest_framework/css/bootstrap-tweaks.css HTTP/1.1" 200 3426
INFO "GET /static/rest_framework/js/csrf.js HTTP/1.1" 200 1793
INFO "GET /static/rest_framework/js/prettify-min.js HTTP/1.1" 200 13632
INFO "GET /static/rest_framework/js/default.js HTTP/1.1" 200 1268
INFO "GET /static/rest_framework/js/bootstrap.min.js HTTP/1.1" 200 39680
INFO "GET /static/rest_framework/js/jquery-3.7.1.min.js HTTP/1.1" 200 87533
INFO "GET /static/rest_framework/js/load-ajax-form.js HTTP/1.1" 200 59
INFO "GET /static/rest_framework/img/grid.png HTTP/1.1" 200 1458
INFO "GET /static/rest_framework/js/load-ajax-form.js HTTP/1.1" 200 59
INFO "GET /static/rest_framework/css/bootstrap.min.css.map HTTP/1.1" 200 540434
INFO Watching for file changes with StatReloader
INFO GET request received.
INFO "GET /home/test/ HTTP/1.1" 200 5129
INFO Watching for file changes with StatReloader
INFO GET request received.
INFO "GET /home/test/ HTTP/1.1" 200 5129
INFO "GET /static/rest_framework/css/bootstrap.min.css HTTP/1.1" 304 0
INFO "GET /static/rest_framework/css/bootstrap-tweaks.css HTTP/1.1" 304 0
INFO "GET /static/rest_framework/css/prettify.css HTTP/1.1" 304 0
INFO "GET /static/rest_framework/js/bootstrap.min.js HTTP/1.1" 304 0
INFO "GET /static/rest_framework/js/csrf.js HTTP/1.1" 304 0
INFO "GET /static/rest_framework/js/jquery-3.7.1.min.js HTTP/1.1" 304 0
INFO "GET /static/rest_framework/css/default.css HTTP/1.1" 304 0
INFO "GET /static/rest_framework/js/ajax-form.js HTTP/1.1" 304 0
INFO "GET /static/rest_framework/js/load-ajax-form.js HTTP/1.1" 304 0
INFO "GET /static/rest_framework/js/default.js HTTP/1.1" 304 0
INFO "GET /static/rest_framework/js/prettify-min.js HTTP/1.1" 304 0
INFO "GET /static/rest_framework/img/grid.png HTTP/1.1" 304 0
INFO "GET /static/rest_framework/css/bootstrap.min.css.map HTTP/1.1" 304 0
INFO GET request received.
INFO "GET /home/test/ HTTP/1.1" 200 5129
INFO "GET /static/rest_framework/css/prettify.css HTTP/1.1" 200 817
INFO "GET /static/rest_framework/css/bootstrap-tweaks.css HTTP/1.1" 200 3426
INFO "GET /static/rest_framework/css/default.css HTTP/1.1" 200 1152
INFO "GET /static/rest_framework/js/ajax-form.js HTTP/1.1" 200 3796
INFO "GET /static/rest_framework/js/prettify-min.js HTTP/1.1" 200 13632
INFO "GET /static/rest_framework/js/bootstrap.min.js HTTP/1.1" 200 39680
INFO "GET /static/rest_framework/js/csrf.js HTTP/1.1" 200 1793
INFO "GET /static/rest_framework/js/default.js HTTP/1.1" 200 1268
INFO "GET /static/rest_framework/css/bootstrap.min.css HTTP/1.1" 200 121457
INFO "GET /static/rest_framework/js/jquery-3.7.1.min.js HTTP/1.1" 200 87533
INFO "GET /static/rest_framework/js/load-ajax-form.js HTTP/1.1" 200 59
INFO "GET /static/rest_framework/img/grid.png HTTP/1.1" 200 1458
WARNING Not Found: /login
WARNING "GET /login HTTP/1.1" 404 2210
INFO "GET /admin HTTP/1.1" 301 0
INFO "GET /admin/ HTTP/1.1" 302 0
INFO "GET /admin/login/?next=/admin/ HTTP/1.1" 200 4181
INFO "GET /static/admin/js/theme.js HTTP/1.1" 200 1943
INFO "GET /static/admin/css/dark_mode.css HTTP/1.1" 200 2929
INFO "GET /static/admin/css/login.css HTTP/1.1" 200 958
INFO "GET /static/admin/css/base.css HTTP/1.1" 200 21310
INFO "GET /static/admin/js/nav_sidebar.js HTTP/1.1" 200 3063
INFO "GET /static/admin/css/nav_sidebar.css HTTP/1.1" 200 2694
INFO "GET /static/admin/css/responsive.css HTTP/1.1" 200 18559
INFO GET request received.
INFO "GET /home/test/ HTTP/1.1" 200 5129
WARNING Not Found: /login
WARNING "GET /login HTTP/1.1" 404 2210
WARNING Not Found: /login
WARNING "GET /login HTTP/1.1" 404 2210
WARNING Not Found: /login
WARNING "GET /login HTTP/1.1" 404 2210
WARNING Not Found: /login
WARNING "GET /login HTTP/1.1" 404 2210
INFO "GET /home/test HTTP/1.1" 301 0
INFO GET request received.
INFO "GET /home/test/ HTTP/1.1" 200 31
INFO GET request received.
INFO "GET /home/test/ HTTP/1.1" 200 31
INFO GET request received.
INFO "GET /home/test/ HTTP/1.1" 200 31
INFO GET request received.
INFO "GET /home/test/ HTTP/1.1" 200 31
INFO Watching for file changes with StatReloader
INFO Watching for file changes with StatReloader
INFO "GET /home/test HTTP/1.1" 301 0
INFO GET request received.
INFO "GET /home/test/ HTTP/1.1" 200 31
INFO GET request received.
INFO "GET /home/test/ HTTP/1.1" 200 31
INFO GET request received.
INFO "GET /home/test/ HTTP/1.1" 200 31
INFO GET request received.
INFO "GET /home/test/ HTTP/1.1" 200 31
INFO GET request received.
INFO "GET /home/test/ HTTP/1.1" 200 31
INFO Watching for file changes with StatReloader
INFO Watching for file changes with StatReloader
INFO Watching for file changes with StatReloader
INFO /home/caoruchen/Desktop/luffycity/luffycityapi/luffycityapi/apps/home/models.py changed, reloading.
INFO Watching for file changes with StatReloader
INFO /home/caoruchen/Desktop/luffycity/luffycityapi/luffycityapi/settings/dev.py changed, reloading.
INFO Watching for file changes with StatReloader
INFO /home/caoruchen/Desktop/luffycity/luffycityapi/luffycityapi/settings/dev.py changed, reloading.
INFO Watching for file changes with StatReloader
INFO Watching for file changes with StatReloader
INFO /home/caoruchen/Desktop/luffycity/luffycityapi/luffycityapi/apps/home/views.py changed, reloading.
INFO Watching for file changes with StatReloader
INFO /home/caoruchen/Desktop/luffycity/luffycityapi/luffycityapi/apps/home/views.py changed, reloading.
INFO Watching for file changes with StatReloader
INFO /home/caoruchen/Desktop/luffycity/luffycityapi/luffycityapi/apps/home/urls.py changed, reloading.
INFO Watching for file changes with StatReloader
INFO /home/caoruchen/Desktop/luffycity/luffycityapi/luffycityapi/apps/home/urls.py changed, reloading.
INFO Watching for file changes with StatReloader
WARNING Not Found: /
WARNING "GET / HTTP/1.1" 404 2177
WARNING Not Found: /nav/header/
WARNING "GET /nav/header/ HTTP/1.1" 404 2228
WARNING Not Found: /nav/header
WARNING "GET /nav/header HTTP/1.1" 404 2225
INFO "GET /home/nav/header HTTP/1.1" 301 0
INFO "GET /home/nav/header/ HTTP/1.1" 200 6025
INFO "GET /static/rest_framework/css/bootstrap-tweaks.css HTTP/1.1" 304 0
INFO "GET /static/rest_framework/css/default.css HTTP/1.1" 304 0
INFO "GET /static/rest_framework/css/bootstrap.min.css HTTP/1.1" 304 0
INFO "GET /static/rest_framework/css/prettify.css HTTP/1.1" 304 0
INFO "GET /static/rest_framework/js/bootstrap.min.js HTTP/1.1" 304 0
INFO "GET /static/rest_framework/js/prettify-min.js HTTP/1.1" 304 0
INFO "GET /static/rest_framework/js/jquery-3.7.1.min.js HTTP/1.1" 304 0
INFO "GET /static/rest_framework/js/csrf.js HTTP/1.1" 304 0
INFO "GET /static/rest_framework/js/ajax-form.js HTTP/1.1" 304 0
INFO "GET /static/rest_framework/js/load-ajax-form.js HTTP/1.1" 304 0
INFO "GET /static/rest_framework/js/default.js HTTP/1.1" 304 0
INFO "GET /static/rest_framework/img/grid.png HTTP/1.1" 200 1458
INFO "GET /home/nav/footer/ HTTP/1.1" 200 6246
INFO Watching for file changes with StatReloader
WARNING Not Found: /nav/header/
WARNING Not Found: /home/test
WARNING "GET /nav/header/ HTTP/1.1" 404 2228
WARNING "GET /home/test HTTP/1.1" 404 2481
WARNING Not Found: /home/test
WARNING "GET /home/test HTTP/1.1" 404 2481
WARNING Not Found: /nav/header/
WARNING "GET /nav/header/ HTTP/1.1" 404 2228
WARNING Not Found: /
WARNING "GET / HTTP/1.1" 404 2177
INFO "GET /home/nav/header/ HTTP/1.1" 200 6025
INFO "GET /home/nav/header/ HTTP/1.1" 200 290
WARNING Not Found: /home/test
WARNING "GET /home/test HTTP/1.1" 404 2481
INFO "GET /home/nav/header/ HTTP/1.1" 200 290
WARNING Not Found: /home/test
WARNING "GET /home/test HTTP/1.1" 404 2481
INFO "GET /home/nav/header/ HTTP/1.1" 200 290
INFO "GET /home/nav/header/ HTTP/1.1" 200 290
INFO Watching for file changes with StatReloader
WARNING Not Found: /home/test
WARNING "GET /home/test HTTP/1.1" 404 2481
INFO "GET /home/nav/header/ HTTP/1.1" 200 290
INFO "GET /home/nav/footer/ HTTP/1.1" 200 386
INFO "GET /home/nav/header/ HTTP/1.1" 200 290
INFO "GET /home/nav/footer/ HTTP/1.1" 200 386
INFO "GET /home/nav/footer/ HTTP/1.1" 200 386
INFO "GET /home/nav/header/ HTTP/1.1" 200 290
INFO "GET /home/nav/footer/ HTTP/1.1" 200 386
WARNING Not Found: /home/test
WARNING "GET /home/test HTTP/1.1" 404 2481
INFO "GET /home/nav/footer/ HTTP/1.1" 200 386
INFO "GET /home/nav/header/ HTTP/1.1" 200 290
INFO "GET /home/nav/footer/ HTTP/1.1" 200 386
INFO "GET /home/nav/header/ HTTP/1.1" 200 290
INFO "GET /home/nav/footer/ HTTP/1.1" 200 386
INFO "GET /home/nav/header/ HTTP/1.1" 200 290
INFO "GET /home/nav/footer/ HTTP/1.1" 200 386
INFO "GET /home/nav/header/ HTTP/1.1" 200 290
INFO "GET /home/nav/footer/ HTTP/1.1" 200 386
INFO "GET /home/nav/header/ HTTP/1.1" 200 290
INFO Watching for file changes with StatReloader
WARNING Not Found: /
WARNING "GET / HTTP/1.1" 404 2303
INFO "GET /home/banner HTTP/1.1" 301 0
INFO "GET /home/banner/ HTTP/1.1" 200 6759
WARNING Not Found: /home/test
WARNING "GET /home/test HTTP/1.1" 404 2781
WARNING Not Found: /home/test
WARNING "GET /home/test HTTP/1.1" 404 2781
INFO "GET /home/nav/footer/ HTTP/1.1" 200 386
INFO "GET /home/nav/header/ HTTP/1.1" 200 290
WARNING Not Found: /home/test
WARNING "GET /home/test HTTP/1.1" 404 2781
INFO "GET /home/nav/footer/ HTTP/1.1" 200 386
INFO "GET /home/nav/header/ HTTP/1.1" 200 290
INFO "GET /home/nav/header/ HTTP/1.1" 200 290
INFO "GET /home/nav/footer/ HTTP/1.1" 200 386
INFO "GET /home/nav/footer/ HTTP/1.1" 200 386
INFO "GET /home/nav/header/ HTTP/1.1" 200 290
INFO Watching for file changes with StatReloader
INFO "GET /home/nav/footer/ HTTP/1.1" 200 386
INFO "GET /home/nav/header/ HTTP/1.1" 200 290
INFO "GET /home/uploads/banner/2022/1.jpg HTTP/1.1" 200 171972
WARNING Not Found: /favicon.ico
WARNING Not Found: /home/static/1.jpg
WARNING "GET /home/static/1.jpg HTTP/1.1" 404 2805
WARNING Not Found: /favicon.ico
WARNING Not Found: /home/static/1.jpg
WARNING "GET /home/static/1.jpg HTTP/1.1" 404 2805
WARNING "GET /static/1.jpg HTTP/1.1" 404 1781
WARNING "GET /static/1.jpg HTTP/1.1" 404 1781
WARNING "GET /static/2.jpg HTTP/1.1" 404 1781
WARNING "GET /static/2.jpg HTTP/1.1" 404 1781
WARNING "GET /static/1.jpg HTTP/1.1" 404 1781
WARNING "GET /static/ HTTP/1.1" 404 1774
WARNING Not Found: /favicon.ico
WARNING "GET /static/1 HTTP/1.1" 404 1769
INFO /home/caoruchen/Desktop/luffycity/luffycityapi/luffycityapi/urls.py changed, reloading.
INFO Watching for file changes with StatReloader
INFO /home/caoruchen/Desktop/luffycity/luffycityapi/luffycityapi/settings/dev.py changed, reloading.
INFO Watching for file changes with StatReloader
INFO /home/caoruchen/Desktop/luffycity/luffycityapi/luffycityapi/urls.py changed, reloading.
INFO Watching for file changes with StatReloader
WARNING "GET /static/1.jpg HTTP/1.1" 404 1781
WARNING Not Found: /favicon.ico
INFO "GET /static/2.jpg HTTP/1.1" 200 171972
WARNING Not Found: /favicon.ico
INFO Watching for file changes with StatReloader
INFO "GET /home/banner/ HTTP/1.1" 200 561
INFO "GET /home/nav/header/ HTTP/1.1" 200 290
INFO "GET /home/nav/footer/ HTTP/1.1" 200 386
INFO "GET /uploads/banner/2022/5.jpg HTTP/1.1" 200 158646
INFO "GET /uploads/banner/2022/1.jpg HTTP/1.1" 200 171972
INFO "GET /uploads/banner/2022/2.jpg HTTP/1.1" 200 176325
INFO "GET /uploads/banner/2022/3.jpg HTTP/1.1" 200 443034
INFO "GET /uploads/banner/2022/4.jpg HTTP/1.1" 200 1312893
INFO Watching for file changes with StatReloader
INFO "GET /home/nav/header/ HTTP/1.1" 200 290
INFO "GET /home/nav/footer/ HTTP/1.1" 200 386
INFO "GET /home/banner/ HTTP/1.1" 200 561
WARNING Not Found: /home/nav/
WARNING "GET /home/nav/ HTTP/1.1" 404 2781
INFO "GET /home/nav/header/ HTTP/1.1" 200 6025
INFO "GET /static/rest_framework/css/bootstrap-tweaks.css HTTP/1.1" 304 0
INFO "GET /static/rest_framework/css/prettify.css HTTP/1.1" 304 0
INFO "GET /static/rest_framework/css/bootstrap.min.css HTTP/1.1" 304 0
INFO "GET /static/rest_framework/js/bootstrap.min.js HTTP/1.1" 304 0
INFO "GET /static/rest_framework/js/csrf.js HTTP/1.1" 304 0
INFO "GET /static/rest_framework/css/default.css HTTP/1.1" 304 0
INFO "GET /static/rest_framework/js/jquery-3.7.1.min.js HTTP/1.1" 304 0
INFO "GET /static/rest_framework/js/prettify-min.js HTTP/1.1" 304 0
INFO "GET /static/rest_framework/js/default.js HTTP/1.1" 304 0
INFO "GET /static/rest_framework/js/ajax-form.js HTTP/1.1" 304 0
INFO "GET /static/rest_framework/js/load-ajax-form.js HTTP/1.1" 304 0
INFO "GET /static/rest_framework/img/grid.png HTTP/1.1" 200 1458
INFO "GET /home/nav/header/ HTTP/1.1" 200 6025
INFO "GET /static/rest_framework/css/bootstrap-tweaks.css HTTP/1.1" 200 3426
INFO "GET /static/rest_framework/css/default.css HTTP/1.1" 200 1152
INFO "GET /static/rest_framework/css/prettify.css HTTP/1.1" 200 817
INFO "GET /static/rest_framework/js/ajax-form.js HTTP/1.1" 200 3796
INFO "GET /static/rest_framework/js/csrf.js HTTP/1.1" 200 1793
INFO "GET /static/rest_framework/js/default.js HTTP/1.1" 200 1268
INFO "GET /static/rest_framework/js/prettify-min.js HTTP/1.1" 200 13632
INFO "GET /static/rest_framework/css/bootstrap.min.css HTTP/1.1" 200 121457
INFO "GET /static/rest_framework/js/jquery-3.7.1.min.js HTTP/1.1" 200 87533
INFO "GET /static/rest_framework/js/bootstrap.min.js HTTP/1.1" 200 39680
INFO "GET /static/rest_framework/js/load-ajax-form.js HTTP/1.1" 200 59
INFO "GET /static/rest_framework/img/grid.png HTTP/1.1" 200 1458
INFO "GET /home/nav/header/ HTTP/1.1" 200 290
INFO "GET /home/nav/footer/ HTTP/1.1" 200 386
INFO "GET /home/banner/ HTTP/1.1" 200 561
INFO "GET /home/nav/footer/ HTTP/1.1" 200 386
INFO "GET /home/nav/header/ HTTP/1.1" 200 290
INFO "GET /home/banner/ HTTP/1.1" 200 561
INFO "GET /home/nav/header/ HTTP/1.1" 200 290
INFO "GET /home/banner/ HTTP/1.1" 200 561
INFO "GET /home/nav/footer/ HTTP/1.1" 200 386
INFO Watching for file changes with StatReloader
INFO "GET /home/nav/header/ HTTP/1.1" 200 290
INFO "GET /home/nav/footer/ HTTP/1.1" 200 386
INFO "GET /home/banner/ HTTP/1.1" 200 561
INFO "GET /home/banner/ HTTP/1.1" 200 561
INFO "GET /home/nav/header/ HTTP/1.1" 200 290
INFO "GET /home/nav/footer/ HTTP/1.1" 200 386
INFO "GET /home/banner/ HTTP/1.1" 200 561
INFO "GET /home/nav/header/ HTTP/1.1" 200 290
INFO "GET /home/nav/footer/ HTTP/1.1" 200 386
INFO /home/caoruchen/Desktop/luffycity/luffycityapi/luffycityapi/utils/views.py changed, reloading.
INFO Watching for file changes with StatReloader
INFO "GET /home/nav/header/ HTTP/1.1" 200 290
INFO "GET /home/nav/footer/ HTTP/1.1" 200 386
INFO "GET /home/banner/ HTTP/1.1" 200 561
INFO /home/caoruchen/Desktop/luffycity/luffycityapi/luffycityapi/utils/views.py changed, reloading.
INFO Watching for file changes with StatReloader
INFO "GET /home/banner/ HTTP/1.1" 200 561
INFO "GET /home/nav/header/ HTTP/1.1" 200 290
INFO "GET /home/nav/footer/ HTTP/1.1" 200 386
INFO /home/caoruchen/Desktop/luffycity/luffycityapi/luffycityapi/utils/views.py changed, reloading.
INFO Watching for file changes with StatReloader
INFO /home/caoruchen/Desktop/luffycity/luffycityapi/luffycityapi/utils/constants.py changed, reloading.
INFO Watching for file changes with StatReloader
INFO "GET /home/nav/footer/ HTTP/1.1" 200 386
INFO "GET /home/nav/header/ HTTP/1.1" 200 290
INFO "GET /home/banner/ HTTP/1.1" 200 561
INFO Watching for file changes with StatReloader
INFO "GET /home/nav/footer/ HTTP/1.1" 200 386
INFO "GET /home/nav/header/ HTTP/1.1" 200 290
INFO "GET /home/banner/ HTTP/1.1" 200 561
INFO Watching for file changes with StatReloader
INFO "GET /admin/ HTTP/1.1" 302 0
INFO "GET /admin/login/?next=/admin/ HTTP/1.1" 200 4181
INFO "GET /static/admin/css/base.css HTTP/1.1" 304 0
INFO "GET /static/admin/js/theme.js HTTP/1.1" 304 0
INFO "GET /static/admin/css/nav_sidebar.css HTTP/1.1" 304 0
INFO "GET /static/admin/css/login.css HTTP/1.1" 304 0
INFO "GET /static/admin/css/dark_mode.css HTTP/1.1" 304 0
INFO "GET /static/admin/js/nav_sidebar.js HTTP/1.1" 304 0
INFO "GET /static/admin/css/responsive.css HTTP/1.1" 304 0
WARNING Not Found: /favicon.ico
INFO "POST /admin/login/?next=/admin/ HTTP/1.1" 302 0
INFO "GET /admin/ HTTP/1.1" 200 5151
INFO "GET /static/admin/css/dashboard.css HTTP/1.1" 200 441
INFO "GET /static/admin/img/icon-addlink.svg HTTP/1.1" 200 331
INFO "GET /static/admin/img/icon-changelink.svg HTTP/1.1" 200 380
INFO Watching for file changes with StatReloader
INFO /home/caoruchen/Desktop/luffycity/luffycityapi/luffycityapi/settings/dev.py changed, reloading.
INFO Watching for file changes with StatReloader
INFO /home/caoruchen/Desktop/luffycity/luffycityapi/luffycityapi/settings/dev.py changed, reloading.
INFO Watching for file changes with StatReloader
INFO /home/caoruchen/Desktop/luffycity/luffycityapi/luffycityapi/settings/dev.py changed, reloading.
INFO Watching for file changes with StatReloader
INFO /home/caoruchen/Desktop/luffycity/luffycityapi/luffycityapi/settings/dev.py changed, reloading.
INFO Watching for file changes with StatReloader
INFO /home/caoruchen/Desktop/luffycity/luffycityapi/luffycityapi/settings/dev.py changed, reloading.
INFO Watching for file changes with StatReloader
INFO Watching for file changes with StatReloader
INFO Watching for file changes with StatReloader
INFO Watching for file changes with StatReloader
INFO Watching for file changes with StatReloader
INFO /home/caoruchen/anaconda3/envs/luffycity/lib/python3.8/site-packages/rest_framework_jwt/serializers.py changed, reloading.
INFO Watching for file changes with StatReloader
INFO "OPTIONS /users/login/ HTTP/1.1" 200 0
WARNING Bad Request: /users/login/
WARNING "POST /users/login/ HTTP/1.1" 400 68
WARNING Bad Request: /users/login/
WARNING "POST /users/login/ HTTP/1.1" 400 68
WARNING Bad Request: /users/login/
WARNING "POST /users/login/ HTTP/1.1" 400 68
WARNING Bad Request: /users/login/
WARNING "POST /users/login/ HTTP/1.1" 400 68
WARNING Bad Request: /users/login/
WARNING "POST /users/login/ HTTP/1.1" 400 68
WARNING Bad Request: /users/login/
WARNING "POST /users/login/ HTTP/1.1" 400 68
WARNING Bad Request: /users/login/
WARNING "POST /users/login/ HTTP/1.1" 400 68
WARNING Bad Request: /users/login/
WARNING "POST /users/login/ HTTP/1.1" 400 68
WARNING Bad Request: /users/login/
WARNING "POST /users/login/ HTTP/1.1" 400 68
WARNING Bad Request: /users/login/
WARNING "POST /users/login/ HTTP/1.1" 400 68
WARNING Bad Request: /users/login/
WARNING "POST /users/login/ HTTP/1.1" 400 68
WARNING Bad Request: /users/login/
WARNING "POST /users/login/ HTTP/1.1" 400 68
WARNING Bad Request: /users/login/
WARNING "POST /users/login/ HTTP/1.1" 400 68
WARNING Bad Request: /users/login/
WARNING "POST /users/login/ HTTP/1.1" 400 68
WARNING Bad Request: /users/login/
WARNING "POST /users/login/ HTTP/1.1" 400 68
WARNING Bad Request: /users/login/
WARNING "POST /users/login/ HTTP/1.1" 400 68
WARNING Bad Request: /users/login/
WARNING "POST /users/login/ HTTP/1.1" 400 68
WARNING Bad Request: /users/login/
WARNING "POST /users/login/ HTTP/1.1" 400 68
WARNING Bad Request: /users/login/
WARNING "POST /users/login/ HTTP/1.1" 400 68
INFO Watching for file changes with StatReloader
WARNING Bad Request: /users/login/
WARNING "POST /users/login/ HTTP/1.1" 400 68
WARNING Bad Request: /users/login/
WARNING "POST /users/login/ HTTP/1.1" 400 68
INFO Watching for file changes with StatReloader
INFO "POST /users/login/ HTTP/1.1" 200 172
WARNING Bad Request: /users/login/
WARNING "POST /users/login/ HTTP/1.1" 400 68
INFO "POST /users/login/ HTTP/1.1" 200 172
INFO "GET /home/banner/ HTTP/1.1" 200 561
INFO "GET /home/nav/header/ HTTP/1.1" 200 290
INFO "GET /home/nav/footer/ HTTP/1.1" 200 386
INFO "POST /users/login/ HTTP/1.1" 200 172
INFO "POST /users/login/ HTTP/1.1" 200 172
INFO "POST /users/login/ HTTP/1.1" 200 172
INFO "POST /users/login/ HTTP/1.1" 200 172
INFO "POST /users/login/ HTTP/1.1" 200 172
INFO "POST /users/login/ HTTP/1.1" 200 172
INFO "POST /users/login/ HTTP/1.1" 200 172
INFO "POST /users/login/ HTTP/1.1" 200 172
INFO "POST /users/login/ HTTP/1.1" 200 172
INFO "POST /users/login/ HTTP/1.1" 200 172
INFO "POST /users/login/ HTTP/1.1" 200 172
INFO "POST /users/login/ HTTP/1.1" 200 172
INFO "POST /users/login/ HTTP/1.1" 200 172
INFO Watching for file changes with StatReloader
INFO "GET /home/banner/ HTTP/1.1" 200 561
INFO "GET /home/nav/footer/ HTTP/1.1" 200 386
INFO "GET /home/nav/header/ HTTP/1.1" 200 290
INFO /home/caoruchen/Desktop/luffycity/luffycityapi/luffycityapi/settings/dev.py changed, reloading.
INFO Watching for file changes with StatReloader
INFO /home/caoruchen/Desktop/luffycity/luffycityapi/luffycityapi/settings/dev.py changed, reloading.
INFO Watching for file changes with StatReloader
INFO /home/caoruchen/Desktop/luffycity/luffycityapi/luffycityapi/settings/dev.py changed, reloading.
INFO Watching for file changes with StatReloader
ERROR Internal Server Error: /users/login/
Traceback (most recent call last):
  File "/home/caoruchen/anaconda3/envs/luffycity/lib/python3.8/site-packages/django/utils/module_loading.py", line 25, in import_string
    module_path, class_name = dotted_path.rsplit(".", 1)
ValueError: not enough values to unpack (expected 2, got 1)

The above exception was the direct cause of the following exception:

Traceback (most recent call last):
  File "/home/caoruchen/anaconda3/envs/luffycity/lib/python3.8/site-packages/django/core/handlers/exception.py", line 55, in inner
    response = get_response(request)
  File "/home/caoruchen/anaconda3/envs/luffycity/lib/python3.8/site-packages/django/core/handlers/base.py", line 197, in _get_response
    response = wrapped_callback(request, *callback_args, **callback_kwargs)
  File "/home/caoruchen/anaconda3/envs/luffycity/lib/python3.8/site-packages/django/views/decorators/csrf.py", line 56, in wrapper_view
    return view_func(*args, **kwargs)
  File "/home/caoruchen/anaconda3/envs/luffycity/lib/python3.8/site-packages/django/views/generic/base.py", line 104, in view
    return self.dispatch(request, *args, **kwargs)
  File "/home/caoruchen/anaconda3/envs/luffycity/lib/python3.8/site-packages/rest_framework/views.py", line 509, in dispatch
    response = self.handle_exception(exc)
  File "/home/caoruchen/anaconda3/envs/luffycity/lib/python3.8/site-packages/rest_framework/views.py", line 469, in handle_exception
    self.raise_uncaught_exception(exc)
  File "/home/caoruchen/anaconda3/envs/luffycity/lib/python3.8/site-packages/rest_framework/views.py", line 480, in raise_uncaught_exception
    raise exc
  File "/home/caoruchen/anaconda3/envs/luffycity/lib/python3.8/site-packages/rest_framework/views.py", line 506, in dispatch
    response = handler(request, *args, **kwargs)
  File "/home/caoruchen/anaconda3/envs/luffycity/lib/python3.8/site-packages/rest_framework_jwt/views.py", line 57, in post
    if serializer.is_valid():
  File "/home/caoruchen/anaconda3/envs/luffycity/lib/python3.8/site-packages/rest_framework/serializers.py", line 223, in is_valid
    self._validated_data = self.run_validation(self.initial_data)
  File "/home/caoruchen/anaconda3/envs/luffycity/lib/python3.8/site-packages/rest_framework/serializers.py", line 445, in run_validation
    value = self.validate(value)
  File "/home/caoruchen/anaconda3/envs/luffycity/lib/python3.8/site-packages/rest_framework_jwt/serializers.py", line 50, in validate
    user = authenticate(**credentials)
  File "/home/caoruchen/anaconda3/envs/luffycity/lib/python3.8/site-packages/django/views/decorators/debug.py", line 42, in sensitive_variables_wrapper
    return func(*func_args, **func_kwargs)
  File "/home/caoruchen/anaconda3/envs/luffycity/lib/python3.8/site-packages/django/contrib/auth/__init__.py", line 68, in authenticate
    for backend, backend_path in _get_backends(return_tuples=True):
  File "/home/caoruchen/anaconda3/envs/luffycity/lib/python3.8/site-packages/django/contrib/auth/__init__.py", line 27, in _get_backends
    backend = load_backend(backend_path)
  File "/home/caoruchen/anaconda3/envs/luffycity/lib/python3.8/site-packages/django/contrib/auth/__init__.py", line 21, in load_backend
    return import_string(path)()
  File "/home/caoruchen/anaconda3/envs/luffycity/lib/python3.8/site-packages/django/utils/module_loading.py", line 27, in import_string
    raise ImportError("%s doesn't look like a module path" % dotted_path) from err
ImportError: l doesn't look like a module path
ERROR "POST /users/login/ HTTP/1.1" 500 135609
ERROR Internal Server Error: /users/login/
Traceback (most recent call last):
  File "/home/caoruchen/anaconda3/envs/luffycity/lib/python3.8/site-packages/django/utils/module_loading.py", line 25, in import_string
    module_path, class_name = dotted_path.rsplit(".", 1)
ValueError: not enough values to unpack (expected 2, got 1)

The above exception was the direct cause of the following exception:

Traceback (most recent call last):
  File "/home/caoruchen/anaconda3/envs/luffycity/lib/python3.8/site-packages/django/core/handlers/exception.py", line 55, in inner
    response = get_response(request)
  File "/home/caoruchen/anaconda3/envs/luffycity/lib/python3.8/site-packages/django/core/handlers/base.py", line 197, in _get_response
    response = wrapped_callback(request, *callback_args, **callback_kwargs)
  File "/home/caoruchen/anaconda3/envs/luffycity/lib/python3.8/site-packages/django/views/decorators/csrf.py", line 56, in wrapper_view
    return view_func(*args, **kwargs)
  File "/home/caoruchen/anaconda3/envs/luffycity/lib/python3.8/site-packages/django/views/generic/base.py", line 104, in view
    return self.dispatch(request, *args, **kwargs)
  File "/home/caoruchen/anaconda3/envs/luffycity/lib/python3.8/site-packages/rest_framework/views.py", line 509, in dispatch
    response = self.handle_exception(exc)
  File "/home/caoruchen/anaconda3/envs/luffycity/lib/python3.8/site-packages/rest_framework/views.py", line 469, in handle_exception
    self.raise_uncaught_exception(exc)
  File "/home/caoruchen/anaconda3/envs/luffycity/lib/python3.8/site-packages/rest_framework/views.py", line 480, in raise_uncaught_exception
    raise exc
  File "/home/caoruchen/anaconda3/envs/luffycity/lib/python3.8/site-packages/rest_framework/views.py", line 506, in dispatch
    response = handler(request, *args, **kwargs)
  File "/home/caoruchen/anaconda3/envs/luffycity/lib/python3.8/site-packages/rest_framework_jwt/views.py", line 57, in post
    if serializer.is_valid():
  File "/home/caoruchen/anaconda3/envs/luffycity/lib/python3.8/site-packages/rest_framework/serializers.py", line 223, in is_valid
    self._validated_data = self.run_validation(self.initial_data)
  File "/home/caoruchen/anaconda3/envs/luffycity/lib/python3.8/site-packages/rest_framework/serializers.py", line 445, in run_validation
    value = self.validate(value)
  File "/home/caoruchen/anaconda3/envs/luffycity/lib/python3.8/site-packages/rest_framework_jwt/serializers.py", line 50, in validate
    user = authenticate(**credentials)
  File "/home/caoruchen/anaconda3/envs/luffycity/lib/python3.8/site-packages/django/views/decorators/debug.py", line 42, in sensitive_variables_wrapper
    return func(*func_args, **func_kwargs)
  File "/home/caoruchen/anaconda3/envs/luffycity/lib/python3.8/site-packages/django/contrib/auth/__init__.py", line 68, in authenticate
    for backend, backend_path in _get_backends(return_tuples=True):
  File "/home/caoruchen/anaconda3/envs/luffycity/lib/python3.8/site-packages/django/contrib/auth/__init__.py", line 27, in _get_backends
    backend = load_backend(backend_path)
  File "/home/caoruchen/anaconda3/envs/luffycity/lib/python3.8/site-packages/django/contrib/auth/__init__.py", line 21, in load_backend
    return import_string(path)()
  File "/home/caoruchen/anaconda3/envs/luffycity/lib/python3.8/site-packages/django/utils/module_loading.py", line 27, in import_string
    raise ImportError("%s doesn't look like a module path" % dotted_path) from err
ImportError: l doesn't look like a module path
ERROR "POST /users/login/ HTTP/1.1" 500 135636
INFO Watching for file changes with StatReloader
INFO Watching for file changes with StatReloader
INFO "OPTIONS /users/login/ HTTP/1.1" 200 0
ERROR Internal Server Error: /users/login/
Traceback (most recent call last):
  File "/home/caoruchen/anaconda3/envs/luffycity/lib/python3.8/site-packages/django/utils/module_loading.py", line 25, in import_string
    module_path, class_name = dotted_path.rsplit(".", 1)
ValueError: not enough values to unpack (expected 2, got 1)

The above exception was the direct cause of the following exception:

Traceback (most recent call last):
  File "/home/caoruchen/anaconda3/envs/luffycity/lib/python3.8/site-packages/django/core/handlers/exception.py", line 55, in inner
    response = get_response(request)
  File "/home/caoruchen/anaconda3/envs/luffycity/lib/python3.8/site-packages/django/core/handlers/base.py", line 197, in _get_response
    response = wrapped_callback(request, *callback_args, **callback_kwargs)
  File "/home/caoruchen/anaconda3/envs/luffycity/lib/python3.8/site-packages/django/views/decorators/csrf.py", line 56, in wrapper_view
    return view_func(*args, **kwargs)
  File "/home/caoruchen/anaconda3/envs/luffycity/lib/python3.8/site-packages/django/views/generic/base.py", line 104, in view
    return self.dispatch(request, *args, **kwargs)
  File "/home/caoruchen/anaconda3/envs/luffycity/lib/python3.8/site-packages/rest_framework/views.py", line 509, in dispatch
    response = self.handle_exception(exc)
  File "/home/caoruchen/anaconda3/envs/luffycity/lib/python3.8/site-packages/rest_framework/views.py", line 469, in handle_exception
    self.raise_uncaught_exception(exc)
  File "/home/caoruchen/anaconda3/envs/luffycity/lib/python3.8/site-packages/rest_framework/views.py", line 480, in raise_uncaught_exception
    raise exc
  File "/home/caoruchen/anaconda3/envs/luffycity/lib/python3.8/site-packages/rest_framework/views.py", line 506, in dispatch
    response = handler(request, *args, **kwargs)
  File "/home/caoruchen/anaconda3/envs/luffycity/lib/python3.8/site-packages/rest_framework_jwt/views.py", line 57, in post
    if serializer.is_valid():
  File "/home/caoruchen/anaconda3/envs/luffycity/lib/python3.8/site-packages/rest_framework/serializers.py", line 223, in is_valid
    self._validated_data = self.run_validation(self.initial_data)
  File "/home/caoruchen/anaconda3/envs/luffycity/lib/python3.8/site-packages/rest_framework/serializers.py", line 445, in run_validation
    value = self.validate(value)
  File "/home/caoruchen/anaconda3/envs/luffycity/lib/python3.8/site-packages/rest_framework_jwt/serializers.py", line 50, in validate
    user = authenticate(**credentials)
  File "/home/caoruchen/anaconda3/envs/luffycity/lib/python3.8/site-packages/django/views/decorators/debug.py", line 42, in sensitive_variables_wrapper
    return func(*func_args, **func_kwargs)
  File "/home/caoruchen/anaconda3/envs/luffycity/lib/python3.8/site-packages/django/contrib/auth/__init__.py", line 68, in authenticate
    for backend, backend_path in _get_backends(return_tuples=True):
  File "/home/caoruchen/anaconda3/envs/luffycity/lib/python3.8/site-packages/django/contrib/auth/__init__.py", line 27, in _get_backends
    backend = load_backend(backend_path)
  File "/home/caoruchen/anaconda3/envs/luffycity/lib/python3.8/site-packages/django/contrib/auth/__init__.py", line 21, in load_backend
    return import_string(path)()
  File "/home/caoruchen/anaconda3/envs/luffycity/lib/python3.8/site-packages/django/utils/module_loading.py", line 27, in import_string
    raise ImportError("%s doesn't look like a module path" % dotted_path) from err
ImportError: l doesn't look like a module path
ERROR "POST /users/login/ HTTP/1.1" 500 135818
INFO Watching for file changes with StatReloader
INFO Watching for file changes with StatReloader
INFO "OPTIONS /users/login/ HTTP/1.1" 200 0
WARNING Bad Request: /users/login/
WARNING "POST /users/login/ HTTP/1.1" 400 68
INFO "POST /users/login/ HTTP/1.1" 200 273
INFO Watching for file changes with StatReloader
WARNING Not Found: /
WARNING "GET / HTTP/1.1" 404 2402
WARNING Not Found: /favicon.ico
WARNING "GET /favicon.ico HTTP/1.1" 404 2453
WARNING Not Found: /home/
WARNING "GET /home/ HTTP/1.1" 404 2868
INFO "GET /admin/ HTTP/1.1" 302 0
INFO "GET /admin/login/?next=/admin/ HTTP/1.1" 200 4181
INFO "GET /static/admin/css/dark_mode.css HTTP/1.1" 200 2929
INFO "GET /static/admin/css/base.css HTTP/1.1" 200 21310
INFO "GET /static/admin/css/nav_sidebar.css HTTP/1.1" 200 2694
INFO "GET /static/admin/js/theme.js HTTP/1.1" 200 1943
INFO "GET /static/admin/css/responsive.css HTTP/1.1" 200 18559
INFO "GET /static/admin/js/nav_sidebar.js HTTP/1.1" 200 3063
INFO "GET /static/admin/css/login.css HTTP/1.1" 200 958
INFO "GET /home/nav/header/ HTTP/1.1" 200 290
INFO "GET /home/nav/footer/ HTTP/1.1" 200 386
INFO "GET /home/banner/ HTTP/1.1" 200 561
INFO "GET /uploads/banner/2022/5.jpg HTTP/1.1" 200 158646
INFO "GET /uploads/banner/2022/1.jpg HTTP/1.1" 200 171972
INFO "GET /uploads/banner/2022/3.jpg HTTP/1.1" 200 443034
INFO "GET /uploads/banner/2022/2.jpg HTTP/1.1" 200 176325
INFO "GET /uploads/banner/2022/4.jpg HTTP/1.1" 200 1312893
INFO "OPTIONS /users/login/ HTTP/1.1" 200 0
INFO "POST /users/login/ HTTP/1.1" 200 273
INFO "POST /users/login/ HTTP/1.1" 200 273
INFO Watching for file changes with StatReloader
INFO "GET /uploads/banner/2022/5.jpg HTTP/1.1" 304 0
INFO "GET /uploads/banner/2022/4.jpg HTTP/1.1" 304 0
INFO "GET /uploads/banner/2022/3.jpg HTTP/1.1" 304 0
INFO "GET /uploads/banner/2022/1.jpg HTTP/1.1" 304 0
INFO "GET /uploads/banner/2022/2.jpg HTTP/1.1" 304 0
INFO Watching for file changes with StatReloader
INFO "OPTIONS /users/login/ HTTP/1.1" 200 0
INFO "POST /users/login/ HTTP/1.1" 200 273
INFO "POST /users/login/ HTTP/1.1" 200 273
INFO "POST /users/login/ HTTP/1.1" 200 273
INFO "GET /uploads/banner/2022/5.jpg HTTP/1.1" 304 0
INFO "GET /uploads/banner/2022/4.jpg HTTP/1.1" 304 0
INFO "GET /uploads/banner/2022/2.jpg HTTP/1.1" 304 0
INFO "GET /uploads/banner/2022/3.jpg HTTP/1.1" 304 0
INFO "GET /uploads/banner/2022/1.jpg HTTP/1.1" 304 0
INFO "POST /users/login/ HTTP/1.1" 200 273
INFO "GET /uploads/banner/2022/5.jpg HTTP/1.1" 304 0
INFO "GET /uploads/banner/2022/3.jpg HTTP/1.1" 304 0
INFO "GET /uploads/banner/2022/4.jpg HTTP/1.1" 304 0
INFO "GET /uploads/banner/2022/1.jpg HTTP/1.1" 304 0
INFO "GET /uploads/banner/2022/2.jpg HTTP/1.1" 304 0
INFO "POST /users/login/ HTTP/1.1" 200 273
INFO "GET /uploads/banner/2022/5.jpg HTTP/1.1" 304 0
INFO "GET /uploads/banner/2022/4.jpg HTTP/1.1" 304 0
INFO "GET /uploads/banner/2022/3.jpg HTTP/1.1" 304 0
INFO "GET /uploads/banner/2022/2.jpg HTTP/1.1" 304 0
INFO "GET /uploads/banner/2022/1.jpg HTTP/1.1" 304 0
INFO "POST /users/login/ HTTP/1.1" 200 273
INFO "POST /users/login/ HTTP/1.1" 200 273
INFO "POST /users/login/ HTTP/1.1" 200 273
INFO "POST /users/login/ HTTP/1.1" 200 273
WARNING Bad Request: /users/login/
WARNING "POST /users/login/ HTTP/1.1" 400 68
INFO "POST /users/login/ HTTP/1.1" 200 293
INFO "GET /uploads/banner/2022/5.jpg HTTP/1.1" 304 0
INFO "GET /uploads/banner/2022/3.jpg HTTP/1.1" 304 0
INFO "GET /uploads/banner/2022/4.jpg HTTP/1.1" 304 0
INFO "GET /uploads/banner/2022/2.jpg HTTP/1.1" 304 0
INFO "GET /uploads/banner/2022/1.jpg HTTP/1.1" 304 0
INFO "GET /home/nav/header/ HTTP/1.1" 200 290
INFO "GET /home/banner/ HTTP/1.1" 200 561
INFO "GET /home/nav/footer/ HTTP/1.1" 200 386
INFO "GET /uploads/banner/2022/5.jpg HTTP/1.1" 304 0
INFO "GET /uploads/banner/2022/4.jpg HTTP/1.1" 304 0
INFO "GET /uploads/banner/2022/3.jpg HTTP/1.1" 304 0
INFO "GET /uploads/banner/2022/2.jpg HTTP/1.1" 304 0
INFO "GET /uploads/banner/2022/1.jpg HTTP/1.1" 304 0
INFO "GET /uploads/banner/2022/5.jpg HTTP/1.1" 304 0
INFO "GET /uploads/banner/2022/4.jpg HTTP/1.1" 304 0
INFO "GET /uploads/banner/2022/3.jpg HTTP/1.1" 304 0
INFO "GET /uploads/banner/2022/2.jpg HTTP/1.1" 304 0
INFO "GET /uploads/banner/2022/1.jpg HTTP/1.1" 304 0
INFO "POST /users/login/ HTTP/1.1" 200 293
INFO "POST /users/login/ HTTP/1.1" 200 293
INFO "GET /uploads/banner/2022/5.jpg HTTP/1.1" 304 0
INFO "GET /uploads/banner/2022/4.jpg HTTP/1.1" 304 0
INFO "GET /uploads/banner/2022/3.jpg HTTP/1.1" 304 0
INFO "GET /uploads/banner/2022/2.jpg HTTP/1.1" 304 0
INFO "GET /uploads/banner/2022/1.jpg HTTP/1.1" 304 0
INFO "POST /users/login/ HTTP/1.1" 200 293
INFO "POST /users/login/ HTTP/1.1" 200 345
INFO "POST /users/login/ HTTP/1.1" 200 284
WARNING Not Found: /uploads/banner/2022/3.jpg
WARNING Not Found: /uploads/banner/2022/4.jpg
WARNING Not Found: /uploads/banner/2022/5.jpg
WARNING "GET /uploads/banner/2022/3.jpg HTTP/1.1" 404 2737
WARNING "GET /uploads/banner/2022/5.jpg HTTP/1.1" 404 2737
WARNING Not Found: /uploads/banner/2022/1.jpg
WARNING Not Found: /uploads/banner/2022/2.jpg
WARNING "GET /uploads/banner/2022/4.jpg HTTP/1.1" 404 2737
WARNING "GET /uploads/banner/2022/2.jpg HTTP/1.1" 404 2737
WARNING "GET /uploads/banner/2022/1.jpg HTTP/1.1" 404 2737
INFO "POST /users/login/ HTTP/1.1" 200 280
WARNING Not Found: /uploads/banner/2022/3.jpg
WARNING Not Found: /uploads/banner/2022/4.jpg
WARNING Not Found: /uploads/banner/2022/1.jpg
WARNING "GET /uploads/banner/2022/3.jpg HTTP/1.1" 404 2737
WARNING "GET /uploads/banner/2022/1.jpg HTTP/1.1" 404 2737
WARNING "GET /uploads/banner/2022/4.jpg HTTP/1.1" 404 2737
WARNING Not Found: /uploads/banner/2022/2.jpg
WARNING Not Found: /uploads/banner/2022/5.jpg
WARNING "GET /uploads/banner/2022/5.jpg HTTP/1.1" 404 2737
WARNING "GET /uploads/banner/2022/2.jpg HTTP/1.1" 404 2737
WARNING Not Found: /uploads/banner/2022/2.jpg
WARNING "GET /uploads/banner/2022/2.jpg HTTP/1.1" 404 2737
INFO Watching for file changes with StatReloader
WARNING Not Found: /uploads/banner/2022/5.jpg
WARNING "GET /uploads/banner/2022/5.jpg HTTP/1.1" 404 2737
WARNING Not Found: /uploads/banner/2022/4.jpg
WARNING "GET /uploads/banner/2022/4.jpg HTTP/1.1" 404 2737
WARNING Not Found: /uploads/banner/2022/3.jpg
WARNING Not Found: /uploads/banner/2022/1.jpg
WARNING "GET /uploads/banner/2022/3.jpg HTTP/1.1" 404 2737
WARNING Not Found: /uploads/banner/2022/2.jpg
WARNING "GET /uploads/banner/2022/1.jpg HTTP/1.1" 404 2737
WARNING "GET /uploads/banner/2022/2.jpg HTTP/1.1" 404 2737
INFO "GET /uploads/banner/2022/5.jpg HTTP/1.1" 200 158646
INFO "GET /uploads/banner/2022/2.jpg HTTP/1.1" 200 176325
INFO "GET /uploads/banner/2022/1.jpg HTTP/1.1" 200 171972
INFO "GET /uploads/banner/2022/3.jpg HTTP/1.1" 200 443034
INFO "GET /uploads/banner/2022/4.jpg HTTP/1.1" 200 1312893
